23:08:45,955 DEBUG DefaultFilterInvocationDefinitionSource,21499286@qtp-33006644-4:196 - Converted URL to lowercase, from: '/services/partserviceservice'; to: '/services/partserviceservice'
23:08:45,955 DEBUG DefaultFilterInvocationDefinitionSource,21499286@qtp-33006644-4:196 - Converted URL to lowercase, from: '/services/partserviceservice'; to: '/services/partserviceservice'
23:08:45,955 DEBUG DefaultFilterInvocationDefinitionSource,21499286@qtp-33006644-4:224 - Candidate is: '/services/partserviceservice'; pattern is /blog.x; matched=false
23:08:45,955 DEBUG DefaultFilterInvocationDefinitionSource,21499286@qtp-33006644-4:224 - Candidate is: '/services/partserviceservice'; pattern is /blog.x; matched=false
23:08:45,955 DEBUG DefaultFilterInvocationDefinitionSource,21499286@qtp-33006644-4:224 - Candidate is: '/services/partserviceservice'; pattern is /services/videoservice?wsdl; matched=false
23:08:45,955 DEBUG DefaultFilterInvocationDefinitionSource,21499286@qtp-33006644-4:224 - Candidate is: '/services/partserviceservice'; pattern is /services/videoservice?wsdl; matched=false
23:08:45,955 DEBUG DefaultFilterInvocationDefinitionSource,21499286@qtp-33006644-4:224 - Candidate is: '/services/partserviceservice'; pattern is /services/*; matched=true
23:08:45,955 DEBUG DefaultFilterInvocationDefinitionSource,21499286@qtp-33006644-4:224 - Candidate is: '/services/partserviceservice'; pattern is /services/*; matched=true
23:08:45,955 DEBUG AbstractSecurityInterceptor,21499286@qtp-33006644-4:250 - Secure object: FilterInvocation: URL: /services/PartServiceService?wsdl; ConfigAttributes: [IS_AUTHENTICATED_ANONYMOUSLY]
23:08:45,955 DEBUG AbstractSecurityInterceptor,21499286@qtp-33006644-4:250 - Secure object: FilterInvocation: URL: /services/PartServiceService?wsdl; ConfigAttributes: [IS_AUTHENTICATED_ANONYMOUSLY]
23:08:46,002 DEBUG AbstractSecurityInterceptor,21499286@qtp-33006644-4:313 - Previously Authenticated: org.springframework.security.providers.anonymous.AnonymousAuthenticationToken@9613f615: Principal: roleAnonymous; Password: [PROTECTED]; Authenticated: true; Details: org.springframework.security.ui.WebAuthenticationDetails@ffff6a82: RemoteIpAddress: 127.0.0.1; SessionId: 1f9cujq42f5oa; Granted Authorities: ROLE_ANONYMOUS
23:08:46,002 DEBUG AbstractSecurityInterceptor,21499286@qtp-33006644-4:313 - Previously Authenticated: org.springframework.security.providers.anonymous.AnonymousAuthenticationToken@9613f615: Principal: roleAnonymous; Password: [PROTECTED]; Authenticated: true; Details: org.springframework.security.ui.WebAuthenticationDetails@ffff6a82: RemoteIpAddress: 127.0.0.1; SessionId: 1f9cujq42f5oa; Granted Authorities: ROLE_ANONYMOUS
23:08:46,002 DEBUG AbstractSecurityInterceptor,21499286@qtp-33006644-4:273 - Authorization successful
23:08:46,002 DEBUG AbstractSecurityInterceptor,21499286@qtp-33006644-4:273 - Authorization successful
23:08:46,002 DEBUG AbstractSecurityInterceptor,21499286@qtp-33006644-4:284 - RunAsManager did not change Authentication object
23:08:46,002 DEBUG AbstractSecurityInterceptor,21499286@qtp-33006644-4:284 - RunAsManager did not change Authentication object
23:08:46,002 DEBUG FilterChainProxy,21499286@qtp-33006644-4:374 - /services/PartServiceService?wsdl reached end of additional filter chain; proceeding with original chain
23:08:46,002 DEBUG FilterChainProxy,21499286@qtp-33006644-4:374 - /services/PartServiceService?wsdl reached end of additional filter chain; proceeding with original chain
23:08:46,158 DEBUG ExceptionTranslationFilter,21499286@qtp-33006644-4:104 - Chain processed normally
23:08:46,158 DEBUG ExceptionTranslationFilter,21499286@qtp-33006644-4:104 - Chain processed normally
23:08:46,158 DEBUG HttpSessionContextIntegrationFilter,21499286@qtp-33006644-4:255 - SecurityContextHolder now cleared, as request processing completed
23:08:46,158 DEBUG HttpSessionContextIntegrationFilter,21499286@qtp-33006644-4:255 - SecurityContextHolder now cleared, as request processing completed
23:09:15,283 DEBUG FilterChainProxy,21499286@qtp-33006644-4:205 - Converted URL to lowercase, from: '/services/partserviceservice/getpart'; to: '/services/partserviceservice/getpart'
23:09:15,283 DEBUG FilterChainProxy,21499286@qtp-33006644-4:205 - Converted URL to lowercase, from: '/services/partserviceservice/getpart'; to: '/services/partserviceservice/getpart'
23:09:15,283 DEBUG FilterChainProxy,21499286@qtp-33006644-4:212 - Candidate is: '/services/partserviceservice/getpart'; pattern is /login.jsp*; matched=false
23:09:15,283 DEBUG FilterChainProxy,21499286@qtp-33006644-4:212 - Candidate is: '/services/partserviceservice/getpart'; pattern is /login.jsp*; matched=false
23:09:15,283 DEBUG FilterChainProxy,21499286@qtp-33006644-4:205 - Converted URL to lowercase, from: '/services/partserviceservice/getpart'; to: '/services/partserviceservice/getpart'
23:09:15,283 DEBUG FilterChainProxy,21499286@qtp-33006644-4:205 - Converted URL to lowercase, from: '/services/partserviceservice/getpart'; to: '/services/partserviceservice/getpart'
23:09:15,361 DEBUG FilterChainProxy,21499286@qtp-33006644-4:212 - Candidate is: '/services/partserviceservice/getpart'; pattern is /**; matched=true
23:09:15,361 DEBUG FilterChainProxy,21499286@qtp-33006644-4:212 - Candidate is: '/services/partserviceservice/getpart'; pattern is /**; matched=true
23:09:15,361 DEBUG FilterChainProxy,21499286@qtp-33006644-4:385 - /services/PartServiceService/getPart?partid=1 at position 1 of 11 in additional filter chain; firing Filter: 'org.springframework.security.context.HttpSessionContextIntegrationFilter[ order=200; ]'
23:09:15,361 DEBUG FilterChainProxy,21499286@qtp-33006644-4:385 - /services/PartServiceService/getPart?partid=1 at position 1 of 11 in additional filter chain; firing Filter: 'org.springframework.security.context.HttpSessionContextIntegrationFilter[ order=200; ]'
23:09:15,361 DEBUG HttpSessionContextIntegrationFilter,21499286@qtp-33006644-4:286 - HttpSession returned null object for SPRING_SECURITY_CONTEXT
23:09:15,361 DEBUG HttpSessionContextIntegrationFilter,21499286@qtp-33006644-4:286 - HttpSession returned null object for SPRING_SECURITY_CONTEXT
23:09:15,361 DEBUG HttpSessionContextIntegrationFilter,21499286@qtp-33006644-4:209 - New SecurityContext instance will be associated with SecurityContextHolder
23:09:15,361 DEBUG HttpSessionContextIntegrationFilter,21499286@qtp-33006644-4:209 - New SecurityContext instance will be associated with SecurityContextHolder
23:09:15,361 DEBUG FilterChainProxy,21499286@qtp-33006644-4:385 - /services/PartServiceService/getPart?partid=1 at position 2 of 11 in additional filter chain; firing Filter: 'org.springframework.security.ui.logout.LogoutFilter[ order=300; ]'
23:09:15,361 DEBUG FilterChainProxy,21499286@qtp-33006644-4:385 - /services/PartServiceService/getPart?partid=1 at position 2 of 11 in additional filter chain; firing Filter: 'org.springframework.security.ui.logout.LogoutFilter[ order=300; ]'
23:09:15,361 DEBUG FilterChainProxy,21499286@qtp-33006644-4:385 - /services/PartServiceService/getPart?partid=1 at position 3 of 11 in additional filter chain; firing Filter: 'org.springframework.security.ui.webapp.AuthenticationProcessingFilter[ order=700; ]'
23:09:15,361 DEBUG FilterChainProxy,21499286@qtp-33006644-4:385 - /services/PartServiceService/getPart?partid=1 at position 3 of 11 in additional filter chain; firing Filter: 'org.springframework.security.ui.webapp.AuthenticationProcessingFilter[ order=700; ]'
23:09:15,361 DEBUG FilterChainProxy,21499286@qtp-33006644-4:385 - /services/PartServiceService/getPart?partid=1 at position 4 of 11 in additional filter chain; firing Filter: 'org.springframework.security.ui.webapp.DefaultLoginPageGeneratingFilter[ order=900; ]'
23:09:15,361 DEBUG FilterChainProxy,21499286@qtp-33006644-4:385 - /services/PartServiceService/getPart?partid=1 at position 4 of 11 in additional filter chain; firing Filter: 'org.springframework.security.ui.webapp.DefaultLoginPageGeneratingFilter[ order=900; ]'
23:09:15,361 DEBUG FilterChainProxy,21499286@qtp-33006644-4:385 - /services/PartServiceService/getPart?partid=1 at position 5 of 11 in additional filter chain; firing Filter: 'org.springframework.security.ui.basicauth.BasicProcessingFilter[ order=1000; ]'
23:09:15,361 DEBUG FilterChainProxy,21499286@qtp-33006644-4:385 - /services/PartServiceService/getPart?partid=1 at position 5 of 11 in additional filter chain; firing Filter: 'org.springframework.security.ui.basicauth.BasicProcessingFilter[ order=1000; ]'
23:09:15,361 DEBUG BasicProcessingFilter,21499286@qtp-33006644-4:115 - Authorization header: null
23:09:15,361 DEBUG BasicProcessingFilter,21499286@qtp-33006644-4:115 - Authorization header: null
23:09:15,361 DEBUG FilterChainProxy,21499286@qtp-33006644-4:385 - /services/PartServiceService/getPart?partid=1 at position 6 of 11 in additional filter chain; firing Filter: 'org.springframework.security.wrapper.SecurityContextHolderAwareRequestFilter[ order=1100; ]'
23:09:15,361 DEBUG FilterChainProxy,21499286@qtp-33006644-4:385 - /services/PartServiceService/getPart?partid=1 at position 6 of 11 in additional filter chain; firing Filter: 'org.springframework.security.wrapper.SecurityContextHolderAwareRequestFilter[ order=1100; ]'
23:09:15,361 DEBUG SavedRequestAwareWrapper,21499286@qtp-33006644-4:117 - Wrapper not replaced; SavedRequest was: null
23:09:15,361 DEBUG SavedRequestAwareWrapper,21499286@qtp-33006644-4:117 - Wrapper not replaced; SavedRequest was: null
23:09:15,361 DEBUG FilterChainProxy,21499286@qtp-33006644-4:385 - /services/PartServiceService/getPart?partid=1 at position 7 of 11 in additional filter chain; firing Filter: 'org.springframework.security.ui.rememberme.RememberMeProcessingFilter[ order=1200; ]'
23:09:15,361 DEBUG FilterChainProxy,21499286@qtp-33006644-4:385 - /services/PartServiceService/getPart?partid=1 at position 7 of 11 in additional filter chain; firing Filter: 'org.springframework.security.ui.rememberme.RememberMeProcessingFilter[ order=1200; ]'
23:09:15,361 DEBUG FilterChainProxy,21499286@qtp-33006644-4:385 - /services/PartServiceService/getPart?partid=1 at position 8 of 11 in additional filter chain; firing Filter: 'org.springframework.security.providers.anonymous.AnonymousProcessingFilter[ order=1300; ]'
23:09:15,361 DEBUG FilterChainProxy,21499286@qtp-33006644-4:385 - /services/PartServiceService/getPart?partid=1 at position 8 of 11 in additional filter chain; firing Filter: 'org.springframework.security.providers.anonymous.AnonymousProcessingFilter[ order=1300; ]'
23:09:15,377 DEBUG AnonymousProcessingFilter,21499286@qtp-33006644-4:93 - Populated SecurityContextHolder with anonymous token: 'org.springframework.security.providers.anonymous.AnonymousAuthenticationToken@9613f615: Principal: roleAnonymous; Password: [PROTECTED]; Authenticated: true; Details: org.springframework.security.ui.WebAuthenticationDetails@ffff6a82: RemoteIpAddress: 127.0.0.1; SessionId: 1f9cujq42f5oa; Granted Authorities: ROLE_ANONYMOUS'
23:09:15,377 DEBUG AnonymousProcessingFilter,21499286@qtp-33006644-4:93 - Populated SecurityContextHolder with anonymous token: 'org.springframework.security.providers.anonymous.AnonymousAuthenticationToken@9613f615: Principal: roleAnonymous; Password: [PROTECTED]; Authenticated: true; Details: org.springframework.security.ui.WebAuthenticationDetails@ffff6a82: RemoteIpAddress: 127.0.0.1; SessionId: 1f9cujq42f5oa; Granted Authorities: ROLE_ANONYMOUS'
23:09:15,377 DEBUG FilterChainProxy,21499286@qtp-33006644-4:385 - /services/PartServiceService/getPart?partid=1 at position 9 of 11 in additional filter chain; firing Filter: 'org.springframework.security.ui.ExceptionTranslationFilter[ order=1400; ]'
23:09:15,377 DEBUG FilterChainProxy,21499286@qtp-33006644-4:385 - /services/PartServiceService/getPart?partid=1 at position 9 of 11 in additional filter chain; firing Filter: 'org.springframework.security.ui.ExceptionTranslationFilter[ order=1400; ]'
23:09:15,377 DEBUG FilterChainProxy,21499286@qtp-33006644-4:385 - /services/PartServiceService/getPart?partid=1 at position 10 of 11 in additional filter chain; firing Filter: 'org.springframework.security.ui.SessionFixationProtectionFilter[ order=1600; ]'
23:09:15,377 DEBUG FilterChainProxy,21499286@qtp-33006644-4:385 - /services/PartServiceService/getPart?partid=1 at position 10 of 11 in additional filter chain; firing Filter: 'org.springframework.security.ui.SessionFixationProtectionFilter[ order=1600; ]'
23:09:15,377 DEBUG FilterChainProxy,21499286@qtp-33006644-4:385 - /services/PartServiceService/getPart?partid=1 at position 11 of 11 in additional filter chain; firing Filter: 'org.springframework.security.intercept.web.FilterSecurityInterceptor@14e54d8'
23:09:15,377 DEBUG FilterChainProxy,21499286@qtp-33006644-4:385 - /services/PartServiceService/getPart?partid=1 at position 11 of 11 in additional filter chain; firing Filter: 'org.springframework.security.intercept.web.FilterSecurityInterceptor@14e54d8'
23:09:15,377 DEBUG DefaultFilterInvocationDefinitionSource,21499286@qtp-33006644-4:196 - Converted URL to lowercase, from: '/services/partserviceservice/getpart'; to: '/services/partserviceservice/getpart'
23:09:15,377 DEBUG DefaultFilterInvocationDefinitionSource,21499286@qtp-33006644-4:196 - Converted URL to lowercase, from: '/services/partserviceservice/getpart'; to: '/services/partserviceservice/getpart'
23:09:15,377 DEBUG DefaultFilterInvocationDefinitionSource,21499286@qtp-33006644-4:224 - Candidate is: '/services/partserviceservice/getpart'; pattern is /blog.x; matched=false
23:09:15,377 DEBUG DefaultFilterInvocationDefinitionSource,21499286@qtp-33006644-4:224 - Candidate is: '/services/partserviceservice/getpart'; pattern is /blog.x; matched=false
23:09:15,408 DEBUG DefaultFilterInvocationDefinitionSource,21499286@qtp-33006644-4:224 - Candidate is: '/services/partserviceservice/getpart'; pattern is /services/videoservice?wsdl; matched=false
23:09:15,408 DEBUG DefaultFilterInvocationDefinitionSource,21499286@qtp-33006644-4:224 - Candidate is: '/services/partserviceservice/getpart'; pattern is /services/videoservice?wsdl; matched=false
23:09:15,408 DEBUG DefaultFilterInvocationDefinitionSource,21499286@qtp-33006644-4:224 - Candidate is: '/services/partserviceservice/getpart'; pattern is /services/*; matched=false
23:09:15,408 DEBUG DefaultFilterInvocationDefinitionSource,21499286@qtp-33006644-4:224 - Candidate is: '/services/partserviceservice/getpart'; pattern is /services/*; matched=false
23:09:15,408 DEBUG DefaultFilterInvocationDefinitionSource,21499286@qtp-33006644-4:224 - Candidate is: '/services/partserviceservice/getpart'; pattern is /addblog.x; matched=false
23:09:15,408 DEBUG DefaultFilterInvocationDefinitionSource,21499286@qtp-33006644-4:224 - Candidate is: '/services/partserviceservice/getpart'; pattern is /addblog.x; matched=false
23:09:15,424 DEBUG AbstractSecurityInterceptor,21499286@qtp-33006644-4:241 - Public object - authentication not attempted
23:09:15,424 DEBUG AbstractSecurityInterceptor,21499286@qtp-33006644-4:241 - Public object - authentication not attempted
23:09:15,424 DEBUG FilterChainProxy,21499286@qtp-33006644-4:374 - /services/PartServiceService/getPart?partid=1 reached end of additional filter chain; proceeding with original chain
23:09:15,424 DEBUG FilterChainProxy,21499286@qtp-33006644-4:374 - /services/PartServiceService/getPart?partid=1 reached end of additional filter chain; proceeding with original chain
23:09:15,424 DEBUG ExceptionTranslationFilter,21499286@qtp-33006644-4:104 - Chain processed normally
23:09:15,424 DEBUG ExceptionTranslationFilter,21499286@qtp-33006644-4:104 - Chain processed normally
23:09:15,424 DEBUG HttpSessionContextIntegrationFilter,21499286@qtp-33006644-4:255 - SecurityContextHolder now cleared, as request processing completed
23:09:15,424 DEBUG HttpSessionContextIntegrationFilter,21499286@qtp-33006644-4:255 - SecurityContextHolder now cleared, as request processing completed
23:11:12,564 DEBUG FilterChainProxy,21499286@qtp-33006644-4:205 - Converted URL to lowercase, from: '/services/partserviceservice'; to: '/services/partserviceservice'
23:11:12,564 DEBUG FilterChainProxy,21499286@qtp-33006644-4:205 - Converted URL to lowercase, from: '/services/partserviceservice'; to: '/services/partserviceservice'
23:11:12,564 DEBUG FilterChainProxy,21499286@qtp-33006644-4:212 - Candidate is: '/services/partserviceservice'; pattern is /login.jsp*; matched=false
23:11:12,564 DEBUG FilterChainProxy,21499286@qtp-33006644-4:212 - Candidate is: '/services/partserviceservice'; pattern is /login.jsp*; matched=false
23:11:12,564 DEBUG FilterChainProxy,21499286@qtp-33006644-4:205 - Converted URL to lowercase, from: '/services/partserviceservice'; to: '/services/partserviceservice'
23:11:12,564 DEBUG FilterChainProxy,21499286@qtp-33006644-4:205 - Converted URL to lowercase, from: '/services/partserviceservice'; to: '/services/partserviceservice'
23:11:12,564 DEBUG FilterChainProxy,21499286@qtp-33006644-4:212 - Candidate is: '/services/partserviceservice'; pattern is /**; matched=true
23:11:12,564 DEBUG FilterChainProxy,21499286@qtp-33006644-4:212 - Candidate is: '/services/partserviceservice'; pattern is /**; matched=true
23:11:12,564 DEBUG FilterChainProxy,21499286@qtp-33006644-4:385 - /services/PartServiceService at position 1 of 11 in additional filter chain; firing Filter: 'org.springframework.security.context.HttpSessionContextIntegrationFilter[ order=200; ]'
23:11:12,564 DEBUG FilterChainProxy,21499286@qtp-33006644-4:385 - /services/PartServiceService at position 1 of 11 in additional filter chain; firing Filter: 'org.springframework.security.context.HttpSessionContextIntegrationFilter[ order=200; ]'
23:11:12,580 DEBUG HttpSessionContextIntegrationFilter,21499286@qtp-33006644-4:274 - No HttpSession currently exists
23:11:12,580 DEBUG HttpSessionContextIntegrationFilter,21499286@qtp-33006644-4:274 - No HttpSession currently exists
23:11:12,580 DEBUG HttpSessionContextIntegrationFilter,21499286@qtp-33006644-4:209 - New SecurityContext instance will be associated with SecurityContextHolder
23:11:12,580 DEBUG HttpSessionContextIntegrationFilter,21499286@qtp-33006644-4:209 - New SecurityContext instance will be associated with SecurityContextHolder
23:11:12,580 DEBUG FilterChainProxy,21499286@qtp-33006644-4:385 - /services/PartServiceService at position 2 of 11 in additional filter chain; firing Filter: 'org.springframework.security.ui.logout.LogoutFilter[ order=300; ]'
23:11:12,580 DEBUG FilterChainProxy,21499286@qtp-33006644-4:385 - /services/PartServiceService at position 2 of 11 in additional filter chain; firing Filter: 'org.springframework.security.ui.logout.LogoutFilter[ order=300; ]'
23:11:12,580 DEBUG FilterChainProxy,21499286@qtp-33006644-4:385 - /services/PartServiceService at position 3 of 11 in additional filter chain; firing Filter: 'org.springframework.security.ui.webapp.AuthenticationProcessingFilter[ order=700; ]'
23:11:12,580 DEBUG FilterChainProxy,21499286@qtp-33006644-4:385 - /services/PartServiceService at position 3 of 11 in additional filter chain; firing Filter: 'org.springframework.security.ui.webapp.AuthenticationProcessingFilter[ order=700; ]'
23:11:12,580 DEBUG FilterChainProxy,21499286@qtp-33006644-4:385 - /services/PartServiceService at position 4 of 11 in additional filter chain; firing Filter: 'org.springframework.security.ui.webapp.DefaultLoginPageGeneratingFilter[ order=900; ]'
23:11:12,580 DEBUG FilterChainProxy,21499286@qtp-33006644-4:385 - /services/PartServiceService at position 4 of 11 in additional filter chain; firing Filter: 'org.springframework.security.ui.webapp.DefaultLoginPageGeneratingFilter[ order=900; ]'
23:11:12,580 DEBUG FilterChainProxy,21499286@qtp-33006644-4:385 - /services/PartServiceService at position 5 of 11 in additional filter chain; firing Filter: 'org.springframework.security.ui.basicauth.BasicProcessingFilter[ order=1000; ]'
23:11:12,580 DEBUG FilterChainProxy,21499286@qtp-33006644-4:385 - /services/PartServiceService at position 5 of 11 in additional filter chain; firing Filter: 'org.springframework.security.ui.basicauth.BasicProcessingFilter[ order=1000; ]'
23:11:12,580 DEBUG BasicProcessingFilter,21499286@qtp-33006644-4:115 - Authorization header: null
23:11:12,580 DEBUG BasicProcessingFilter,21499286@qtp-33006644-4:115 - Authorization header: null
23:11:12,580 DEBUG FilterChainProxy,21499286@qtp-33006644-4:385 - /services/PartServiceService at position 6 of 11 in additional filter chain; firing Filter: 'org.springframework.security.wrapper.SecurityContextHolderAwareRequestFilter[ order=1100; ]'
23:11:12,580 DEBUG FilterChainProxy,21499286@qtp-33006644-4:385 - /services/PartServiceService at position 6 of 11 in additional filter chain; firing Filter: 'org.springframework.security.wrapper.SecurityContextHolderAwareRequestFilter[ order=1100; ]'
23:11:12,580 DEBUG SavedRequestAwareWrapper,21499286@qtp-33006644-4:92 - Wrapper not replaced; no session available for SavedRequest extraction
23:11:12,580 DEBUG SavedRequestAwareWrapper,21499286@qtp-33006644-4:92 - Wrapper not replaced; no session available for SavedRequest extraction
23:11:12,580 DEBUG FilterChainProxy,21499286@qtp-33006644-4:385 - /services/PartServiceService at position 7 of 11 in additional filter chain; firing Filter: 'org.springframework.security.ui.rememberme.RememberMeProcessingFilter[ order=1200; ]'
23:11:12,580 DEBUG FilterChainProxy,21499286@qtp-33006644-4:385 - /services/PartServiceService at position 7 of 11 in additional filter chain; firing Filter: 'org.springframework.security.ui.rememberme.RememberMeProcessingFilter[ order=1200; ]'
23:11:12,596 DEBUG FilterChainProxy,21499286@qtp-33006644-4:385 - /services/PartServiceService at position 8 of 11 in additional filter chain; firing Filter: 'org.springframework.security.providers.anonymous.AnonymousProcessingFilter[ order=1300; ]'
23:11:12,596 DEBUG FilterChainProxy,21499286@qtp-33006644-4:385 - /services/PartServiceService at position 8 of 11 in additional filter chain; firing Filter: 'org.springframework.security.providers.anonymous.AnonymousProcessingFilter[ order=1300; ]'
23:11:12,596 DEBUG AnonymousProcessingFilter,21499286@qtp-33006644-4:93 - Populated SecurityContextHolder with anonymous token: 'org.springframework.security.providers.anonymous.AnonymousAuthenticationToken@69ec09e9: Principal: roleAnonymous; Password: [PROTECTED]; Authenticated: true; Details: org.springframework.security.ui.WebAuthenticationDetails@957e: RemoteIpAddress: 127.0.0.1; SessionId: null; Granted Authorities: ROLE_ANONYMOUS'
23:11:12,596 DEBUG AnonymousProcessingFilter,21499286@qtp-33006644-4:93 - Populated SecurityContextHolder with anonymous token: 'org.springframework.security.providers.anonymous.AnonymousAuthenticationToken@69ec09e9: Principal: roleAnonymous; Password: [PROTECTED]; Authenticated: true; Details: org.springframework.security.ui.WebAuthenticationDetails@957e: RemoteIpAddress: 127.0.0.1; SessionId: null; Granted Authorities: ROLE_ANONYMOUS'
23:11:12,596 DEBUG FilterChainProxy,21499286@qtp-33006644-4:385 - /services/PartServiceService at position 9 of 11 in additional filter chain; firing Filter: 'org.springframework.security.ui.ExceptionTranslationFilter[ order=1400; ]'
23:11:12,596 DEBUG FilterChainProxy,21499286@qtp-33006644-4:385 - /services/PartServiceService at position 9 of 11 in additional filter chain; firing Filter: 'org.springframework.security.ui.ExceptionTranslationFilter[ order=1400; ]'
23:11:12,596 DEBUG FilterChainProxy,21499286@qtp-33006644-4:385 - /services/PartServiceService at position 10 of 11 in additional filter chain; firing Filter: 'org.springframework.security.ui.SessionFixationProtectionFilter[ order=1600; ]'
23:11:12,596 DEBUG FilterChainProxy,21499286@qtp-33006644-4:385 - /services/PartServiceService at position 10 of 11 in additional filter chain; firing Filter: 'org.springframework.security.ui.SessionFixationProtectionFilter[ order=1600; ]'
23:11:12,596 DEBUG FilterChainProxy,21499286@qtp-33006644-4:385 - /services/PartServiceService at position 11 of 11 in additional filter chain; firing Filter: 'org.springframework.security.intercept.web.FilterSecurityInterceptor@14e54d8'
23:11:12,596 DEBUG FilterChainProxy,21499286@qtp-33006644-4:385 - /services/PartServiceService at position 11 of 11 in additional filter chain; firing Filter: 'org.springframework.security.intercept.web.FilterSecurityInterceptor@14e54d8'
23:11:12,596 DEBUG DefaultFilterInvocationDefinitionSource,21499286@qtp-33006644-4:196 - Converted URL to lowercase, from: '/services/partserviceservice'; to: '/services/partserviceservice'
23:11:12,596 DEBUG DefaultFilterInvocationDefinitionSource,21499286@qtp-33006644-4:196 - Converted URL to lowercase, from: '/services/partserviceservice'; to: '/services/partserviceservice'
23:11:12,596 DEBUG DefaultFilterInvocationDefinitionSource,21499286@qtp-33006644-4:224 - Candidate is: '/services/partserviceservice'; pattern is /blog.x; matched=false
23:11:12,596 DEBUG DefaultFilterInvocationDefinitionSource,21499286@qtp-33006644-4:224 - Candidate is: '/services/partserviceservice'; pattern is /blog.x; matched=false
23:11:12,596 DEBUG DefaultFilterInvocationDefinitionSource,21499286@qtp-33006644-4:224 - Candidate is: '/services/partserviceservice'; pattern is /services/videoservice?wsdl; matched=false
23:11:12,596 DEBUG DefaultFilterInvocationDefinitionSource,21499286@qtp-33006644-4:224 - Candidate is: '/services/partserviceservice'; pattern is /services/videoservice?wsdl; matched=false
23:11:12,596 DEBUG DefaultFilterInvocationDefinitionSource,21499286@qtp-33006644-4:224 - Candidate is: '/services/partserviceservice'; pattern is /services/*; matched=true
23:11:12,596 DEBUG DefaultFilterInvocationDefinitionSource,21499286@qtp-33006644-4:224 - Candidate is: '/services/partserviceservice'; pattern is /services/*; matched=true
23:11:12,596 DEBUG AbstractSecurityInterceptor,21499286@qtp-33006644-4:250 - Secure object: FilterInvocation: URL: /services/PartServiceService; ConfigAttributes: [IS_AUTHENTICATED_ANONYMOUSLY]
23:11:12,596 DEBUG AbstractSecurityInterceptor,21499286@qtp-33006644-4:250 - Secure object: FilterInvocation: URL: /services/PartServiceService; ConfigAttributes: [IS_AUTHENTICATED_ANONYMOUSLY]
23:11:12,596 DEBUG AbstractSecurityInterceptor,21499286@qtp-33006644-4:313 - Previously Authenticated: org.springframework.security.providers.anonymous.AnonymousAuthenticationToken@69ec09e9: Principal: roleAnonymous; Password: [PROTECTED]; Authenticated: true; Details: org.springframework.security.ui.WebAuthenticationDetails@957e: RemoteIpAddress: 127.0.0.1; SessionId: null; Granted Authorities: ROLE_ANONYMOUS
23:11:12,596 DEBUG AbstractSecurityInterceptor,21499286@qtp-33006644-4:313 - Previously Authenticated: org.springframework.security.providers.anonymous.AnonymousAuthenticationToken@69ec09e9: Principal: roleAnonymous; Password: [PROTECTED]; Authenticated: true; Details: org.springframework.security.ui.WebAuthenticationDetails@957e: RemoteIpAddress: 127.0.0.1; SessionId: null; Granted Authorities: ROLE_ANONYMOUS
23:11:12,596 DEBUG AbstractSecurityInterceptor,21499286@qtp-33006644-4:273 - Authorization successful
23:11:12,596 DEBUG AbstractSecurityInterceptor,21499286@qtp-33006644-4:273 - Authorization successful
23:11:12,611 DEBUG AbstractSecurityInterceptor,21499286@qtp-33006644-4:284 - RunAsManager did not change Authentication object
23:11:12,611 DEBUG AbstractSecurityInterceptor,21499286@qtp-33006644-4:284 - RunAsManager did not change Authentication object
23:11:12,611 DEBUG FilterChainProxy,21499286@qtp-33006644-4:374 - /services/PartServiceService reached end of additional filter chain; proceeding with original chain
23:11:12,611 DEBUG FilterChainProxy,21499286@qtp-33006644-4:374 - /services/PartServiceService reached end of additional filter chain; proceeding with original chain
23:11:12,721 DEBUG ExceptionTranslationFilter,21499286@qtp-33006644-4:104 - Chain processed normally
23:11:12,721 DEBUG ExceptionTranslationFilter,21499286@qtp-33006644-4:104 - Chain processed normally
23:11:12,721 DEBUG HttpSessionContextIntegrationFilter,21499286@qtp-33006644-4:375 - HttpSession is null, but SecurityContextHolder has not changed from default: ' org.springframework.security.context.SecurityContextImpl@ffffffff: Null authentication'; not creating HttpSession or storing SecurityContextHolder contents
23:11:12,721 DEBUG HttpSessionContextIntegrationFilter,21499286@qtp-33006644-4:375 - HttpSession is null, but SecurityContextHolder has not changed from default: ' org.springframework.security.context.SecurityContextImpl@ffffffff: Null authentication'; not creating HttpSession or storing SecurityContextHolder contents
23:11:12,830 DEBUG HttpSessionContextIntegrationFilter,21499286@qtp-33006644-4:255 - SecurityContextHolder now cleared, as request processing completed
23:11:12,830 DEBUG HttpSessionContextIntegrationFilter,21499286@qtp-33006644-4:255 - SecurityContextHolder now cleared, as request processing completed
23:11:12,924 DEBUG FilterChainProxy,21499286@qtp-33006644-4:205 - Converted URL to lowercase, from: '/services/partserviceservice'; to: '/services/partserviceservice'
23:11:12,924 DEBUG FilterChainProxy,21499286@qtp-33006644-4:205 - Converted URL to lowercase, from: '/services/partserviceservice'; to: '/services/partserviceservice'
23:11:12,924 DEBUG FilterChainProxy,21499286@qtp-33006644-4:212 - Candidate is: '/services/partserviceservice'; pattern is /login.jsp*; matched=false
23:11:12,924 DEBUG FilterChainProxy,21499286@qtp-33006644-4:212 - Candidate is: '/services/partserviceservice'; pattern is /login.jsp*; matched=false
23:11:12,924 DEBUG FilterChainProxy,21499286@qtp-33006644-4:205 - Converted URL to lowercase, from: '/services/partserviceservice'; to: '/services/partserviceservice'
23:11:12,924 DEBUG FilterChainProxy,21499286@qtp-33006644-4:205 - Converted URL to lowercase, from: '/services/partserviceservice'; to: '/services/partserviceservice'
23:11:12,924 DEBUG FilterChainProxy,21499286@qtp-33006644-4:212 - Candidate is: '/services/partserviceservice'; pattern is /**; matched=true
23:11:12,924 DEBUG FilterChainProxy,21499286@qtp-33006644-4:212 - Candidate is: '/services/partserviceservice'; pattern is /**; matched=true
23:11:12,924 DEBUG FilterChainProxy,21499286@qtp-33006644-4:385 - /services/PartServiceService at position 1 of 11 in additional filter chain; firing Filter: 'org.springframework.security.context.HttpSessionContextIntegrationFilter[ order=200; ]'
23:11:12,924 DEBUG FilterChainProxy,21499286@qtp-33006644-4:385 - /services/PartServiceService at position 1 of 11 in additional filter chain; firing Filter: 'org.springframework.security.context.HttpSessionContextIntegrationFilter[ order=200; ]'
23:11:12,924 DEBUG HttpSessionContextIntegrationFilter,21499286@qtp-33006644-4:274 - No HttpSession currently exists
23:11:12,924 DEBUG HttpSessionContextIntegrationFilter,21499286@qtp-33006644-4:274 - No HttpSession currently exists
23:11:12,939 DEBUG HttpSessionContextIntegrationFilter,21499286@qtp-33006644-4:209 - New SecurityContext instance will be associated with SecurityContextHolder
23:11:12,939 DEBUG HttpSessionContextIntegrationFilter,21499286@qtp-33006644-4:209 - New SecurityContext instance will be associated with SecurityContextHolder
23:11:12,939 DEBUG FilterChainProxy,21499286@qtp-33006644-4:385 - /services/PartServiceService at position 2 of 11 in additional filter chain; firing Filter: 'org.springframework.security.ui.logout.LogoutFilter[ order=300; ]'
23:11:12,939 DEBUG FilterChainProxy,21499286@qtp-33006644-4:385 - /services/PartServiceService at position 2 of 11 in additional filter chain; firing Filter: 'org.springframework.security.ui.logout.LogoutFilter[ order=300; ]'
23:11:12,939 DEBUG FilterChainProxy,21499286@qtp-33006644-4:385 - /services/PartServiceService at position 3 of 11 in additional filter chain; firing Filter: 'org.springframework.security.ui.webapp.AuthenticationProcessingFilter[ order=700; ]'
23:11:12,939 DEBUG FilterChainProxy,21499286@qtp-33006644-4:385 - /services/PartServiceService at position 3 of 11 in additional filter chain; firing Filter: 'org.springframework.security.ui.webapp.AuthenticationProcessingFilter[ order=700; ]'
23:11:12,939 DEBUG FilterChainProxy,21499286@qtp-33006644-4:385 - /services/PartServiceService at position 4 of 11 in additional filter chain; firing Filter: 'org.springframework.security.ui.webapp.DefaultLoginPageGeneratingFilter[ order=900; ]'
23:11:12,939 DEBUG FilterChainProxy,21499286@qtp-33006644-4:385 - /services/PartServiceService at position 4 of 11 in additional filter chain; firing Filter: 'org.springframework.security.ui.webapp.DefaultLoginPageGeneratingFilter[ order=900; ]'
23:11:12,939 DEBUG FilterChainProxy,21499286@qtp-33006644-4:385 - /services/PartServiceService at position 5 of 11 in additional filter chain; firing Filter: 'org.springframework.security.ui.basicauth.BasicProcessingFilter[ order=1000; ]'
23:11:12,939 DEBUG FilterChainProxy,21499286@qtp-33006644-4:385 - /services/PartServiceService at position 5 of 11 in additional filter chain; firing Filter: 'org.springframework.security.ui.basicauth.BasicProcessingFilter[ order=1000; ]'
23:11:12,939 DEBUG BasicProcessingFilter,21499286@qtp-33006644-4:115 - Authorization header: null
23:11:12,939 DEBUG BasicProcessingFilter,21499286@qtp-33006644-4:115 - Authorization header: null
23:11:12,939 DEBUG FilterChainProxy,21499286@qtp-33006644-4:385 - /services/PartServiceService at position 6 of 11 in additional filter chain; firing Filter: 'org.springframework.security.wrapper.SecurityContextHolderAwareRequestFilter[ order=1100; ]'
23:11:12,939 DEBUG FilterChainProxy,21499286@qtp-33006644-4:385 - /services/PartServiceService at position 6 of 11 in additional filter chain; firing Filter: 'org.springframework.security.wrapper.SecurityContextHolderAwareRequestFilter[ order=1100; ]'
23:11:12,939 DEBUG SavedRequestAwareWrapper,21499286@qtp-33006644-4:92 - Wrapper not replaced; no session available for SavedRequest extraction
23:11:12,939 DEBUG SavedRequestAwareWrapper,21499286@qtp-33006644-4:92 - Wrapper not replaced; no session available for SavedRequest extraction
23:11:12,939 DEBUG FilterChainProxy,21499286@qtp-33006644-4:385 - /services/PartServiceService at position 7 of 11 in additional filter chain; firing Filter: 'org.springframework.security.ui.rememberme.RememberMeProcessingFilter[ order=1200; ]'
23:11:12,939 DEBUG FilterChainProxy,21499286@qtp-33006644-4:385 - /services/PartServiceService at position 7 of 11 in additional filter chain; firing Filter: 'org.springframework.security.ui.rememberme.RememberMeProcessingFilter[ order=1200; ]'
23:11:12,955 DEBUG FilterChainProxy,21499286@qtp-33006644-4:385 - /services/PartServiceService at position 8 of 11 in additional filter chain; firing Filter: 'org.springframework.security.providers.anonymous.AnonymousProcessingFilter[ order=1300; ]'
23:11:12,955 DEBUG FilterChainProxy,21499286@qtp-33006644-4:385 - /services/PartServiceService at position 8 of 11 in additional filter chain; firing Filter: 'org.springframework.security.providers.anonymous.AnonymousProcessingFilter[ order=1300; ]'
23:11:12,955 DEBUG AnonymousProcessingFilter,21499286@qtp-33006644-4:93 - Populated SecurityContextHolder with anonymous token: 'org.springframework.security.providers.anonymous.AnonymousAuthenticationToken@69ec09e9: Principal: roleAnonymous; Password: [PROTECTED]; Authenticated: true; Details: org.springframework.security.ui.WebAuthenticationDetails@957e: RemoteIpAddress: 127.0.0.1; SessionId: null; Granted Authorities: ROLE_ANONYMOUS'
23:11:12,955 DEBUG AnonymousProcessingFilter,21499286@qtp-33006644-4:93 - Populated SecurityContextHolder with anonymous token: 'org.springframework.security.providers.anonymous.AnonymousAuthenticationToken@69ec09e9: Principal: roleAnonymous; Password: [PROTECTED]; Authenticated: true; Details: org.springframework.security.ui.WebAuthenticationDetails@957e: RemoteIpAddress: 127.0.0.1; SessionId: null; Granted Authorities: ROLE_ANONYMOUS'
23:11:12,955 DEBUG FilterChainProxy,21499286@qtp-33006644-4:385 - /services/PartServiceService at position 9 of 11 in additional filter chain; firing Filter: 'org.springframework.security.ui.ExceptionTranslationFilter[ order=1400; ]'
23:11:12,955 DEBUG FilterChainProxy,21499286@qtp-33006644-4:385 - /services/PartServiceService at position 9 of 11 in additional filter chain; firing Filter: 'org.springframework.security.ui.ExceptionTranslationFilter[ order=1400; ]'
23:11:12,955 DEBUG FilterChainProxy,21499286@qtp-33006644-4:385 - /services/PartServiceService at position 10 of 11 in additional filter chain; firing Filter: 'org.springframework.security.ui.SessionFixationProtectionFilter[ order=1600; ]'
23:11:12,955 DEBUG FilterChainProxy,21499286@qtp-33006644-4:385 - /services/PartServiceService at position 10 of 11 in additional filter chain; firing Filter: 'org.springframework.security.ui.SessionFixationProtectionFilter[ order=1600; ]'
23:11:12,955 DEBUG FilterChainProxy,21499286@qtp-33006644-4:385 - /services/PartServiceService at position 11 of 11 in additional filter chain; firing Filter: 'org.springframework.security.intercept.web.FilterSecurityInterceptor@14e54d8'
23:11:12,955 DEBUG FilterChainProxy,21499286@qtp-33006644-4:385 - /services/PartServiceService at position 11 of 11 in additional filter chain; firing Filter: 'org.springframework.security.intercept.web.FilterSecurityInterceptor@14e54d8'
23:11:12,955 DEBUG DefaultFilterInvocationDefinitionSource,21499286@qtp-33006644-4:196 - Converted URL to lowercase, from: '/services/partserviceservice'; to: '/services/partserviceservice'
23:11:12,955 DEBUG DefaultFilterInvocationDefinitionSource,21499286@qtp-33006644-4:196 - Converted URL to lowercase, from: '/services/partserviceservice'; to: '/services/partserviceservice'
23:11:12,955 DEBUG DefaultFilterInvocationDefinitionSource,21499286@qtp-33006644-4:224 - Candidate is: '/services/partserviceservice'; pattern is /blog.x; matched=false
23:11:12,955 DEBUG DefaultFilterInvocationDefinitionSource,21499286@qtp-33006644-4:224 - Candidate is: '/services/partserviceservice'; pattern is /blog.x; matched=false
23:11:12,955 DEBUG DefaultFilterInvocationDefinitionSource,21499286@qtp-33006644-4:224 - Candidate is: '/services/partserviceservice'; pattern is /services/videoservice?wsdl; matched=false
23:11:12,955 DEBUG DefaultFilterInvocationDefinitionSource,21499286@qtp-33006644-4:224 - Candidate is: '/services/partserviceservice'; pattern is /services/videoservice?wsdl; matched=false
23:11:12,955 DEBUG DefaultFilterInvocationDefinitionSource,21499286@qtp-33006644-4:224 - Candidate is: '/services/partserviceservice'; pattern is /services/*; matched=true
23:11:12,955 DEBUG DefaultFilterInvocationDefinitionSource,21499286@qtp-33006644-4:224 - Candidate is: '/services/partserviceservice'; pattern is /services/*; matched=true
23:11:13,002 DEBUG AbstractSecurityInterceptor,21499286@qtp-33006644-4:250 - Secure object: FilterInvocation: URL: /services/PartServiceService; ConfigAttributes: [IS_AUTHENTICATED_ANONYMOUSLY]
23:11:13,002 DEBUG AbstractSecurityInterceptor,21499286@qtp-33006644-4:250 - Secure object: FilterInvocation: URL: /services/PartServiceService; ConfigAttributes: [IS_AUTHENTICATED_ANONYMOUSLY]
23:11:13,002 DEBUG AbstractSecurityInterceptor,21499286@qtp-33006644-4:313 - Previously Authenticated: org.springframework.security.providers.anonymous.AnonymousAuthenticationToken@69ec09e9: Principal: roleAnonymous; Password: [PROTECTED]; Authenticated: true; Details: org.springframework.security.ui.WebAuthenticationDetails@957e: RemoteIpAddress: 127.0.0.1; SessionId: null; Granted Authorities: ROLE_ANONYMOUS
23:11:13,002 DEBUG AbstractSecurityInterceptor,21499286@qtp-33006644-4:313 - Previously Authenticated: org.springframework.security.providers.anonymous.AnonymousAuthenticationToken@69ec09e9: Principal: roleAnonymous; Password: [PROTECTED]; Authenticated: true; Details: org.springframework.security.ui.WebAuthenticationDetails@957e: RemoteIpAddress: 127.0.0.1; SessionId: null; Granted Authorities: ROLE_ANONYMOUS
23:11:13,002 DEBUG AbstractSecurityInterceptor,21499286@qtp-33006644-4:273 - Authorization successful
23:11:13,002 DEBUG AbstractSecurityInterceptor,21499286@qtp-33006644-4:273 - Authorization successful
23:11:13,002 DEBUG AbstractSecurityInterceptor,21499286@qtp-33006644-4:284 - RunAsManager did not change Authentication object
23:11:13,002 DEBUG AbstractSecurityInterceptor,21499286@qtp-33006644-4:284 - RunAsManager did not change Authentication object
23:11:13,002 DEBUG FilterChainProxy,21499286@qtp-33006644-4:374 - /services/PartServiceService reached end of additional filter chain; proceeding with original chain
23:11:13,002 DEBUG FilterChainProxy,21499286@qtp-33006644-4:374 - /services/PartServiceService reached end of additional filter chain; proceeding with original chain
23:11:13,017 DEBUG ExceptionTranslationFilter,21499286@qtp-33006644-4:104 - Chain processed normally
23:11:13,017 DEBUG ExceptionTranslationFilter,21499286@qtp-33006644-4:104 - Chain processed normally
23:11:13,017 DEBUG HttpSessionContextIntegrationFilter,21499286@qtp-33006644-4:375 - HttpSession is null, but SecurityContextHolder has not changed from default: ' org.springframework.security.context.SecurityContextImpl@ffffffff: Null authentication'; not creating HttpSession or storing SecurityContextHolder contents
23:11:13,017 DEBUG HttpSessionContextIntegrationFilter,21499286@qtp-33006644-4:375 - HttpSession is null, but SecurityContextHolder has not changed from default: ' org.springframework.security.context.SecurityContextImpl@ffffffff: Null authentication'; not creating HttpSession or storing SecurityContextHolder contents
23:11:13,017 DEBUG HttpSessionContextIntegrationFilter,21499286@qtp-33006644-4:255 - SecurityContextHolder now cleared, as request processing completed
23:11:13,017 DEBUG HttpSessionContextIntegrationFilter,21499286@qtp-33006644-4:255 - SecurityContextHolder now cleared, as request processing completed
