00:00:15,593 DEBUG DefaultFilterInvocationDefinitionSource,http-8080-Processor25:120 - Added URL pattern: /index.htm; attributes: [IS_AUTHENTICATED_ANONYMOUSLY]
00:00:15,593 DEBUG DefaultFilterInvocationDefinitionSource,http-8080-Processor25:120 - Added URL pattern: /index.htm; attributes: [IS_AUTHENTICATED_ANONYMOUSLY]
00:00:15,593 DEBUG DefaultFilterInvocationDefinitionSource,http-8080-Processor25:120 - Added URL pattern: /addarticle.htm; attributes: [ROLE_USER, ROLE_ADMIN]
00:00:15,593 DEBUG DefaultFilterInvocationDefinitionSource,http-8080-Processor25:120 - Added URL pattern: /addarticle.htm; attributes: [ROLE_USER, ROLE_ADMIN]
00:00:15,687  INFO HttpSecurityBeanDefinitionParser,http-8080-Processor25:430 - No login page configured. The default internal one will be used. Use the 'login-page' attribute to set the URL of the login page.
00:00:15,687  INFO HttpSecurityBeanDefinitionParser,http-8080-Processor25:430 - No login page configured. The default internal one will be used. Use the 'login-page' attribute to set the URL of the login page.
00:00:16,078  INFO EntryPointInjectionBeanPostProcessor,http-8080-Processor25:30 - Selecting AuthenticationEntryPoint for use in ExceptionTranslationFilter
00:00:16,078  INFO EntryPointInjectionBeanPostProcessor,http-8080-Processor25:30 - Selecting AuthenticationEntryPoint for use in ExceptionTranslationFilter
00:00:16,093  INFO EntryPointInjectionBeanPostProcessor,http-8080-Processor25:38 - Using main configured AuthenticationEntryPoint.
00:00:16,093  INFO EntryPointInjectionBeanPostProcessor,http-8080-Processor25:38 - Using main configured AuthenticationEntryPoint.
00:00:16,093  INFO EntryPointInjectionBeanPostProcessor,http-8080-Processor25:46 - Using bean 'org.springframework.security.ui.webapp.AuthenticationProcessingFilterEntryPoint@17044c5' as the entry point.
00:00:16,093  INFO EntryPointInjectionBeanPostProcessor,http-8080-Processor25:46 - Using bean 'org.springframework.security.ui.webapp.AuthenticationProcessingFilterEntryPoint@17044c5' as the entry point.
00:00:16,125  INFO AbstractSecurityInterceptor,http-8080-Processor25:216 - Validated configuration attributes
00:00:16,125  INFO AbstractSecurityInterceptor,http-8080-Processor25:216 - Validated configuration attributes
00:00:16,406  INFO RememberMeServicesInjectionBeanPostProcessor,http-8080-Processor25:43 - Setting RememberMeServices on bean _basicAuthenticationFilter
00:00:16,406  INFO RememberMeServicesInjectionBeanPostProcessor,http-8080-Processor25:43 - Setting RememberMeServices on bean _basicAuthenticationFilter
00:00:16,437  INFO FilterChainProxyPostProcessor,http-8080-Processor25:57 - Checking sorted filter chain: [org.springframework.security.context.HttpSessionContextIntegrationFilter[ order=200; ], org.springframework.security.ui.logout.LogoutFilter[ order=300; ], org.springframework.security.ui.webapp.AuthenticationProcessingFilter[ order=700; ], org.springframework.security.ui.webapp.DefaultLoginPageGeneratingFilter[ order=900; ], org.springframework.security.ui.basicauth.BasicProcessingFilter[ order=1000; ], org.springframework.security.wrapper.SecurityContextHolderAwareRequestFilter[ order=1100; ], org.springframework.security.ui.rememberme.RememberMeProcessingFilter[ order=1200; ], org.springframework.security.providers.anonymous.AnonymousProcessingFilter[ order=1300; ], org.springframework.security.ui.ExceptionTranslationFilter[ order=1400; ], org.springframework.security.ui.SessionFixationProtectionFilter[ order=1600; ], org.springframework.security.intercept.web.FilterSecurityInterceptor@1c5a33b]
00:00:16,437  INFO FilterChainProxyPostProcessor,http-8080-Processor25:57 - Checking sorted filter chain: [org.springframework.security.context.HttpSessionContextIntegrationFilter[ order=200; ], org.springframework.security.ui.logout.LogoutFilter[ order=300; ], org.springframework.security.ui.webapp.AuthenticationProcessingFilter[ order=700; ], org.springframework.security.ui.webapp.DefaultLoginPageGeneratingFilter[ order=900; ], org.springframework.security.ui.basicauth.BasicProcessingFilter[ order=1000; ], org.springframework.security.wrapper.SecurityContextHolderAwareRequestFilter[ order=1100; ], org.springframework.security.ui.rememberme.RememberMeProcessingFilter[ order=1200; ], org.springframework.security.providers.anonymous.AnonymousProcessingFilter[ order=1300; ], org.springframework.security.ui.ExceptionTranslationFilter[ order=1400; ], org.springframework.security.ui.SessionFixationProtectionFilter[ order=1600; ], org.springframework.security.intercept.web.FilterSecurityInterceptor@1c5a33b]
00:00:16,453  INFO FilterChainProxyPostProcessor,http-8080-Processor25:74 - Filter chain...
00:00:16,453  INFO FilterChainProxyPostProcessor,http-8080-Processor25:74 - Filter chain...
00:00:16,453  INFO FilterChainProxyPostProcessor,http-8080-Processor25:78 - [0] - org.springframework.security.context.HttpSessionContextIntegrationFilter[ order=200; ]
00:00:16,453  INFO FilterChainProxyPostProcessor,http-8080-Processor25:78 - [0] - org.springframework.security.context.HttpSessionContextIntegrationFilter[ order=200; ]
00:00:16,453  INFO FilterChainProxyPostProcessor,http-8080-Processor25:78 - [1] - org.springframework.security.ui.logout.LogoutFilter[ order=300; ]
00:00:16,453  INFO FilterChainProxyPostProcessor,http-8080-Processor25:78 - [1] - org.springframework.security.ui.logout.LogoutFilter[ order=300; ]
00:00:16,453  INFO FilterChainProxyPostProcessor,http-8080-Processor25:78 - [2] - org.springframework.security.ui.webapp.AuthenticationProcessingFilter[ order=700; ]
00:00:16,453  INFO FilterChainProxyPostProcessor,http-8080-Processor25:78 - [2] - org.springframework.security.ui.webapp.AuthenticationProcessingFilter[ order=700; ]
00:00:16,468  INFO FilterChainProxyPostProcessor,http-8080-Processor25:78 - [3] - org.springframework.security.ui.webapp.DefaultLoginPageGeneratingFilter[ order=900; ]
00:00:16,468  INFO FilterChainProxyPostProcessor,http-8080-Processor25:78 - [3] - org.springframework.security.ui.webapp.DefaultLoginPageGeneratingFilter[ order=900; ]
00:00:16,468  INFO FilterChainProxyPostProcessor,http-8080-Processor25:78 - [4] - org.springframework.security.ui.basicauth.BasicProcessingFilter[ order=1000; ]
00:00:16,468  INFO FilterChainProxyPostProcessor,http-8080-Processor25:78 - [4] - org.springframework.security.ui.basicauth.BasicProcessingFilter[ order=1000; ]
00:00:16,468  INFO FilterChainProxyPostProcessor,http-8080-Processor25:78 - [5] - org.springframework.security.wrapper.SecurityContextHolderAwareRequestFilter[ order=1100; ]
00:00:16,468  INFO FilterChainProxyPostProcessor,http-8080-Processor25:78 - [5] - org.springframework.security.wrapper.SecurityContextHolderAwareRequestFilter[ order=1100; ]
00:00:16,468  INFO FilterChainProxyPostProcessor,http-8080-Processor25:78 - [6] - org.springframework.security.ui.rememberme.RememberMeProcessingFilter[ order=1200; ]
00:00:16,468  INFO FilterChainProxyPostProcessor,http-8080-Processor25:78 - [6] - org.springframework.security.ui.rememberme.RememberMeProcessingFilter[ order=1200; ]
00:00:16,468  INFO FilterChainProxyPostProcessor,http-8080-Processor25:78 - [7] - org.springframework.security.providers.anonymous.AnonymousProcessingFilter[ order=1300; ]
00:00:16,468  INFO FilterChainProxyPostProcessor,http-8080-Processor25:78 - [7] - org.springframework.security.providers.anonymous.AnonymousProcessingFilter[ order=1300; ]
00:00:16,484  INFO FilterChainProxyPostProcessor,http-8080-Processor25:78 - [8] - org.springframework.security.ui.ExceptionTranslationFilter[ order=1400; ]
00:00:16,484  INFO FilterChainProxyPostProcessor,http-8080-Processor25:78 - [8] - org.springframework.security.ui.ExceptionTranslationFilter[ order=1400; ]
00:00:16,484  INFO FilterChainProxyPostProcessor,http-8080-Processor25:78 - [9] - org.springframework.security.ui.SessionFixationProtectionFilter[ order=1600; ]
00:00:16,484  INFO FilterChainProxyPostProcessor,http-8080-Processor25:78 - [9] - org.springframework.security.ui.SessionFixationProtectionFilter[ order=1600; ]
00:00:16,484  INFO FilterChainProxyPostProcessor,http-8080-Processor25:78 - [10] - org.springframework.security.intercept.web.FilterSecurityInterceptor@1c5a33b
00:00:16,484  INFO FilterChainProxyPostProcessor,http-8080-Processor25:78 - [10] - org.springframework.security.intercept.web.FilterSecurityInterceptor@1c5a33b
00:00:16,500 DEBUG FilterChainProxy,http-8080-Processor25:205 - Converted URL to lowercase, from: '/spring_security_login'; to: '/spring_security_login'
00:00:16,500 DEBUG FilterChainProxy,http-8080-Processor25:205 - Converted URL to lowercase, from: '/spring_security_login'; to: '/spring_security_login'
00:00:16,500 DEBUG FilterChainProxy,http-8080-Processor25:212 - Candidate is: '/spring_security_login'; pattern is /login.jsp*; matched=false
00:00:16,500 DEBUG FilterChainProxy,http-8080-Processor25:212 - Candidate is: '/spring_security_login'; pattern is /login.jsp*; matched=false
00:00:16,500 DEBUG FilterChainProxy,http-8080-Processor25:205 - Converted URL to lowercase, from: '/spring_security_login'; to: '/spring_security_login'
00:00:16,500 DEBUG FilterChainProxy,http-8080-Processor25:205 - Converted URL to lowercase, from: '/spring_security_login'; to: '/spring_security_login'
00:00:16,500 DEBUG FilterChainProxy,http-8080-Processor25:212 - Candidate is: '/spring_security_login'; pattern is /**; matched=true
00:00:16,500 DEBUG FilterChainProxy,http-8080-Processor25:212 - Candidate is: '/spring_security_login'; pattern is /**; matched=true
00:00:16,500  INFO FilterChainProxyPostProcessor,http-8080-Processor25:134 - Checking whether login URL '/spring_security_login' is accessible with your configuration
00:00:16,500  INFO FilterChainProxyPostProcessor,http-8080-Processor25:134 - Checking whether login URL '/spring_security_login' is accessible with your configuration
00:00:16,500 DEBUG FilterChainProxyPostProcessor,http-8080-Processor25:143 - Default generated login page is in use
00:00:16,500 DEBUG FilterChainProxyPostProcessor,http-8080-Processor25:143 - Default generated login page is in use
00:00:16,515  INFO FilterChainProxyPostProcessor,http-8080-Processor25:91 - FilterChainProxy: FilterChainProxy[ UrlMatcher = org.springframework.security.util.AntUrlPathMatcher[requiresLowerCase='true']; Filter Chains: {/login.jsp*=[], /**=[org.springframework.security.context.HttpSessionContextIntegrationFilter[ order=200; ], org.springframework.security.ui.logout.LogoutFilter[ order=300; ], org.springframework.security.ui.webapp.AuthenticationProcessingFilter[ order=700; ], org.springframework.security.ui.webapp.DefaultLoginPageGeneratingFilter[ order=900; ], org.springframework.security.ui.basicauth.BasicProcessingFilter[ order=1000; ], org.springframework.security.wrapper.SecurityContextHolderAwareRequestFilter[ order=1100; ], org.springframework.security.ui.rememberme.RememberMeProcessingFilter[ order=1200; ], org.springframework.security.providers.anonymous.AnonymousProcessingFilter[ order=1300; ], org.springframework.security.ui.ExceptionTranslationFilter[ order=1400; ], org.springframework.security.ui.SessionFixationProtectionFilter[ order=1600; ], org.springframework.security.intercept.web.FilterSecurityInterceptor@1c5a33b]}]
00:00:16,515  INFO FilterChainProxyPostProcessor,http-8080-Processor25:91 - FilterChainProxy: FilterChainProxy[ UrlMatcher = org.springframework.security.util.AntUrlPathMatcher[requiresLowerCase='true']; Filter Chains: {/login.jsp*=[], /**=[org.springframework.security.context.HttpSessionContextIntegrationFilter[ order=200; ], org.springframework.security.ui.logout.LogoutFilter[ order=300; ], org.springframework.security.ui.webapp.AuthenticationProcessingFilter[ order=700; ], org.springframework.security.ui.webapp.DefaultLoginPageGeneratingFilter[ order=900; ], org.springframework.security.ui.basicauth.BasicProcessingFilter[ order=1000; ], org.springframework.security.wrapper.SecurityContextHolderAwareRequestFilter[ order=1100; ], org.springframework.security.ui.rememberme.RememberMeProcessingFilter[ order=1200; ], org.springframework.security.providers.anonymous.AnonymousProcessingFilter[ order=1300; ], org.springframework.security.ui.ExceptionTranslationFilter[ order=1400; ], org.springframework.security.ui.SessionFixationProtectionFilter[ order=1600; ], org.springframework.security.intercept.web.FilterSecurityInterceptor@1c5a33b]}]
00:06:17,859 DEBUG DefaultFilterInvocationDefinitionSource,main:120 - Added URL pattern: /index.htm; attributes: [IS_AUTHENTICATED_ANONYMOUSLY]
00:06:17,859 DEBUG DefaultFilterInvocationDefinitionSource,main:120 - Added URL pattern: /index.htm; attributes: [IS_AUTHENTICATED_ANONYMOUSLY]
00:06:17,875 DEBUG DefaultFilterInvocationDefinitionSource,main:120 - Added URL pattern: /addarticle.htm; attributes: [ROLE_USER, ROLE_ADMIN]
00:06:17,875 DEBUG DefaultFilterInvocationDefinitionSource,main:120 - Added URL pattern: /addarticle.htm; attributes: [ROLE_USER, ROLE_ADMIN]
00:06:17,953  INFO HttpSecurityBeanDefinitionParser,main:430 - No login page configured. The default internal one will be used. Use the 'login-page' attribute to set the URL of the login page.
00:06:17,953  INFO HttpSecurityBeanDefinitionParser,main:430 - No login page configured. The default internal one will be used. Use the 'login-page' attribute to set the URL of the login page.
00:06:18,328  INFO EntryPointInjectionBeanPostProcessor,main:30 - Selecting AuthenticationEntryPoint for use in ExceptionTranslationFilter
00:06:18,328  INFO EntryPointInjectionBeanPostProcessor,main:30 - Selecting AuthenticationEntryPoint for use in ExceptionTranslationFilter
00:06:18,328  INFO EntryPointInjectionBeanPostProcessor,main:38 - Using main configured AuthenticationEntryPoint.
00:06:18,328  INFO EntryPointInjectionBeanPostProcessor,main:38 - Using main configured AuthenticationEntryPoint.
00:06:18,328  INFO EntryPointInjectionBeanPostProcessor,main:46 - Using bean 'org.springframework.security.ui.webapp.AuthenticationProcessingFilterEntryPoint@189cab' as the entry point.
00:06:18,328  INFO EntryPointInjectionBeanPostProcessor,main:46 - Using bean 'org.springframework.security.ui.webapp.AuthenticationProcessingFilterEntryPoint@189cab' as the entry point.
00:06:18,375  INFO AbstractSecurityInterceptor,main:216 - Validated configuration attributes
00:06:18,375  INFO AbstractSecurityInterceptor,main:216 - Validated configuration attributes
00:06:18,625  INFO RememberMeServicesInjectionBeanPostProcessor,main:43 - Setting RememberMeServices on bean _basicAuthenticationFilter
00:06:18,625  INFO RememberMeServicesInjectionBeanPostProcessor,main:43 - Setting RememberMeServices on bean _basicAuthenticationFilter
00:06:18,671  INFO FilterChainProxyPostProcessor,main:57 - Checking sorted filter chain: [org.springframework.security.context.HttpSessionContextIntegrationFilter[ order=200; ], org.springframework.security.ui.logout.LogoutFilter[ order=300; ], org.springframework.security.ui.webapp.AuthenticationProcessingFilter[ order=700; ], org.springframework.security.ui.webapp.DefaultLoginPageGeneratingFilter[ order=900; ], org.springframework.security.ui.basicauth.BasicProcessingFilter[ order=1000; ], org.springframework.security.wrapper.SecurityContextHolderAwareRequestFilter[ order=1100; ], org.springframework.security.ui.rememberme.RememberMeProcessingFilter[ order=1200; ], org.springframework.security.providers.anonymous.AnonymousProcessingFilter[ order=1300; ], org.springframework.security.ui.ExceptionTranslationFilter[ order=1400; ], org.springframework.security.ui.SessionFixationProtectionFilter[ order=1600; ], org.springframework.security.intercept.web.FilterSecurityInterceptor@e77781]
00:06:18,671  INFO FilterChainProxyPostProcessor,main:57 - Checking sorted filter chain: [org.springframework.security.context.HttpSessionContextIntegrationFilter[ order=200; ], org.springframework.security.ui.logout.LogoutFilter[ order=300; ], org.springframework.security.ui.webapp.AuthenticationProcessingFilter[ order=700; ], org.springframework.security.ui.webapp.DefaultLoginPageGeneratingFilter[ order=900; ], org.springframework.security.ui.basicauth.BasicProcessingFilter[ order=1000; ], org.springframework.security.wrapper.SecurityContextHolderAwareRequestFilter[ order=1100; ], org.springframework.security.ui.rememberme.RememberMeProcessingFilter[ order=1200; ], org.springframework.security.providers.anonymous.AnonymousProcessingFilter[ order=1300; ], org.springframework.security.ui.ExceptionTranslationFilter[ order=1400; ], org.springframework.security.ui.SessionFixationProtectionFilter[ order=1600; ], org.springframework.security.intercept.web.FilterSecurityInterceptor@e77781]
00:06:18,671  INFO FilterChainProxyPostProcessor,main:74 - Filter chain...
00:06:18,671  INFO FilterChainProxyPostProcessor,main:74 - Filter chain...
00:06:18,687  INFO FilterChainProxyPostProcessor,main:78 - [0] - org.springframework.security.context.HttpSessionContextIntegrationFilter[ order=200; ]
00:06:18,687  INFO FilterChainProxyPostProcessor,main:78 - [0] - org.springframework.security.context.HttpSessionContextIntegrationFilter[ order=200; ]
00:06:18,687  INFO FilterChainProxyPostProcessor,main:78 - [1] - org.springframework.security.ui.logout.LogoutFilter[ order=300; ]
00:06:18,687  INFO FilterChainProxyPostProcessor,main:78 - [1] - org.springframework.security.ui.logout.LogoutFilter[ order=300; ]
00:06:18,687  INFO FilterChainProxyPostProcessor,main:78 - [2] - org.springframework.security.ui.webapp.AuthenticationProcessingFilter[ order=700; ]
00:06:18,687  INFO FilterChainProxyPostProcessor,main:78 - [2] - org.springframework.security.ui.webapp.AuthenticationProcessingFilter[ order=700; ]
00:06:18,687  INFO FilterChainProxyPostProcessor,main:78 - [3] - org.springframework.security.ui.webapp.DefaultLoginPageGeneratingFilter[ order=900; ]
00:06:18,687  INFO FilterChainProxyPostProcessor,main:78 - [3] - org.springframework.security.ui.webapp.DefaultLoginPageGeneratingFilter[ order=900; ]
00:06:18,703  INFO FilterChainProxyPostProcessor,main:78 - [4] - org.springframework.security.ui.basicauth.BasicProcessingFilter[ order=1000; ]
00:06:18,703  INFO FilterChainProxyPostProcessor,main:78 - [4] - org.springframework.security.ui.basicauth.BasicProcessingFilter[ order=1000; ]
00:06:18,703  INFO FilterChainProxyPostProcessor,main:78 - [5] - org.springframework.security.wrapper.SecurityContextHolderAwareRequestFilter[ order=1100; ]
00:06:18,703  INFO FilterChainProxyPostProcessor,main:78 - [5] - org.springframework.security.wrapper.SecurityContextHolderAwareRequestFilter[ order=1100; ]
00:06:18,703  INFO FilterChainProxyPostProcessor,main:78 - [6] - org.springframework.security.ui.rememberme.RememberMeProcessingFilter[ order=1200; ]
00:06:18,703  INFO FilterChainProxyPostProcessor,main:78 - [6] - org.springframework.security.ui.rememberme.RememberMeProcessingFilter[ order=1200; ]
00:06:18,703  INFO FilterChainProxyPostProcessor,main:78 - [7] - org.springframework.security.providers.anonymous.AnonymousProcessingFilter[ order=1300; ]
00:06:18,703  INFO FilterChainProxyPostProcessor,main:78 - [7] - org.springframework.security.providers.anonymous.AnonymousProcessingFilter[ order=1300; ]
00:06:18,703  INFO FilterChainProxyPostProcessor,main:78 - [8] - org.springframework.security.ui.ExceptionTranslationFilter[ order=1400; ]
00:06:18,703  INFO FilterChainProxyPostProcessor,main:78 - [8] - org.springframework.security.ui.ExceptionTranslationFilter[ order=1400; ]
00:06:18,703  INFO FilterChainProxyPostProcessor,main:78 - [9] - org.springframework.security.ui.SessionFixationProtectionFilter[ order=1600; ]
00:06:18,703  INFO FilterChainProxyPostProcessor,main:78 - [9] - org.springframework.security.ui.SessionFixationProtectionFilter[ order=1600; ]
00:06:18,703  INFO FilterChainProxyPostProcessor,main:78 - [10] - org.springframework.security.intercept.web.FilterSecurityInterceptor@e77781
00:06:18,703  INFO FilterChainProxyPostProcessor,main:78 - [10] - org.springframework.security.intercept.web.FilterSecurityInterceptor@e77781
00:06:18,718 DEBUG FilterChainProxy,main:205 - Converted URL to lowercase, from: '/spring_security_login'; to: '/spring_security_login'
00:06:18,718 DEBUG FilterChainProxy,main:205 - Converted URL to lowercase, from: '/spring_security_login'; to: '/spring_security_login'
00:06:18,718 DEBUG FilterChainProxy,main:212 - Candidate is: '/spring_security_login'; pattern is /login.jsp*; matched=false
00:06:18,718 DEBUG FilterChainProxy,main:212 - Candidate is: '/spring_security_login'; pattern is /login.jsp*; matched=false
00:06:18,718 DEBUG FilterChainProxy,main:205 - Converted URL to lowercase, from: '/spring_security_login'; to: '/spring_security_login'
00:06:18,718 DEBUG FilterChainProxy,main:205 - Converted URL to lowercase, from: '/spring_security_login'; to: '/spring_security_login'
00:06:18,718 DEBUG FilterChainProxy,main:212 - Candidate is: '/spring_security_login'; pattern is /**; matched=true
00:06:18,718 DEBUG FilterChainProxy,main:212 - Candidate is: '/spring_security_login'; pattern is /**; matched=true
00:06:18,734  INFO FilterChainProxyPostProcessor,main:134 - Checking whether login URL '/spring_security_login' is accessible with your configuration
00:06:18,734  INFO FilterChainProxyPostProcessor,main:134 - Checking whether login URL '/spring_security_login' is accessible with your configuration
00:06:18,734 DEBUG FilterChainProxyPostProcessor,main:143 - Default generated login page is in use
00:06:18,734 DEBUG FilterChainProxyPostProcessor,main:143 - Default generated login page is in use
00:06:18,734  INFO FilterChainProxyPostProcessor,main:91 - FilterChainProxy: FilterChainProxy[ UrlMatcher = org.springframework.security.util.AntUrlPathMatcher[requiresLowerCase='true']; Filter Chains: {/login.jsp*=[], /**=[org.springframework.security.context.HttpSessionContextIntegrationFilter[ order=200; ], org.springframework.security.ui.logout.LogoutFilter[ order=300; ], org.springframework.security.ui.webapp.AuthenticationProcessingFilter[ order=700; ], org.springframework.security.ui.webapp.DefaultLoginPageGeneratingFilter[ order=900; ], org.springframework.security.ui.basicauth.BasicProcessingFilter[ order=1000; ], org.springframework.security.wrapper.SecurityContextHolderAwareRequestFilter[ order=1100; ], org.springframework.security.ui.rememberme.RememberMeProcessingFilter[ order=1200; ], org.springframework.security.providers.anonymous.AnonymousProcessingFilter[ order=1300; ], org.springframework.security.ui.ExceptionTranslationFilter[ order=1400; ], org.springframework.security.ui.SessionFixationProtectionFilter[ order=1600; ], org.springframework.security.intercept.web.FilterSecurityInterceptor@e77781]}]
00:06:18,734  INFO FilterChainProxyPostProcessor,main:91 - FilterChainProxy: FilterChainProxy[ UrlMatcher = org.springframework.security.util.AntUrlPathMatcher[requiresLowerCase='true']; Filter Chains: {/login.jsp*=[], /**=[org.springframework.security.context.HttpSessionContextIntegrationFilter[ order=200; ], org.springframework.security.ui.logout.LogoutFilter[ order=300; ], org.springframework.security.ui.webapp.AuthenticationProcessingFilter[ order=700; ], org.springframework.security.ui.webapp.DefaultLoginPageGeneratingFilter[ order=900; ], org.springframework.security.ui.basicauth.BasicProcessingFilter[ order=1000; ], org.springframework.security.wrapper.SecurityContextHolderAwareRequestFilter[ order=1100; ], org.springframework.security.ui.rememberme.RememberMeProcessingFilter[ order=1200; ], org.springframework.security.providers.anonymous.AnonymousProcessingFilter[ order=1300; ], org.springframework.security.ui.ExceptionTranslationFilter[ order=1400; ], org.springframework.security.ui.SessionFixationProtectionFilter[ order=1600; ], org.springframework.security.intercept.web.FilterSecurityInterceptor@e77781]}]
00:06:29,968 DEBUG DefaultFilterInvocationDefinitionSource,http-8080-Processor25:120 - Added URL pattern: /index.htm; attributes: [IS_AUTHENTICATED_ANONYMOUSLY]
00:06:29,968 DEBUG DefaultFilterInvocationDefinitionSource,http-8080-Processor25:120 - Added URL pattern: /index.htm; attributes: [IS_AUTHENTICATED_ANONYMOUSLY]
00:06:30,000 DEBUG DefaultFilterInvocationDefinitionSource,http-8080-Processor25:120 - Added URL pattern: /addarticle.htm; attributes: [ROLE_USER, ROLE_ADMIN]
00:06:30,000 DEBUG DefaultFilterInvocationDefinitionSource,http-8080-Processor25:120 - Added URL pattern: /addarticle.htm; attributes: [ROLE_USER, ROLE_ADMIN]
00:06:30,109  INFO HttpSecurityBeanDefinitionParser,http-8080-Processor25:430 - No login page configured. The default internal one will be used. Use the 'login-page' attribute to set the URL of the login page.
00:06:30,109  INFO HttpSecurityBeanDefinitionParser,http-8080-Processor25:430 - No login page configured. The default internal one will be used. Use the 'login-page' attribute to set the URL of the login page.
00:06:30,515  INFO EntryPointInjectionBeanPostProcessor,http-8080-Processor25:30 - Selecting AuthenticationEntryPoint for use in ExceptionTranslationFilter
00:06:30,515  INFO EntryPointInjectionBeanPostProcessor,http-8080-Processor25:30 - Selecting AuthenticationEntryPoint for use in ExceptionTranslationFilter
00:06:30,531  INFO EntryPointInjectionBeanPostProcessor,http-8080-Processor25:38 - Using main configured AuthenticationEntryPoint.
00:06:30,531  INFO EntryPointInjectionBeanPostProcessor,http-8080-Processor25:38 - Using main configured AuthenticationEntryPoint.
00:06:30,531  INFO EntryPointInjectionBeanPostProcessor,http-8080-Processor25:46 - Using bean 'org.springframework.security.ui.webapp.AuthenticationProcessingFilterEntryPoint@157402b' as the entry point.
00:06:30,531  INFO EntryPointInjectionBeanPostProcessor,http-8080-Processor25:46 - Using bean 'org.springframework.security.ui.webapp.AuthenticationProcessingFilterEntryPoint@157402b' as the entry point.
00:06:30,578  INFO AbstractSecurityInterceptor,http-8080-Processor25:216 - Validated configuration attributes
00:06:30,578  INFO AbstractSecurityInterceptor,http-8080-Processor25:216 - Validated configuration attributes
00:06:30,890  INFO RememberMeServicesInjectionBeanPostProcessor,http-8080-Processor25:43 - Setting RememberMeServices on bean _basicAuthenticationFilter
00:06:30,890  INFO RememberMeServicesInjectionBeanPostProcessor,http-8080-Processor25:43 - Setting RememberMeServices on bean _basicAuthenticationFilter
00:06:30,937  INFO FilterChainProxyPostProcessor,http-8080-Processor25:57 - Checking sorted filter chain: [org.springframework.security.context.HttpSessionContextIntegrationFilter[ order=200; ], org.springframework.security.ui.logout.LogoutFilter[ order=300; ], org.springframework.security.ui.webapp.AuthenticationProcessingFilter[ order=700; ], org.springframework.security.ui.webapp.DefaultLoginPageGeneratingFilter[ order=900; ], org.springframework.security.ui.basicauth.BasicProcessingFilter[ order=1000; ], org.springframework.security.wrapper.SecurityContextHolderAwareRequestFilter[ order=1100; ], org.springframework.security.ui.rememberme.RememberMeProcessingFilter[ order=1200; ], org.springframework.security.providers.anonymous.AnonymousProcessingFilter[ order=1300; ], org.springframework.security.ui.ExceptionTranslationFilter[ order=1400; ], org.springframework.security.ui.SessionFixationProtectionFilter[ order=1600; ], org.springframework.security.intercept.web.FilterSecurityInterceptor@127e4be]
00:06:30,937  INFO FilterChainProxyPostProcessor,http-8080-Processor25:57 - Checking sorted filter chain: [org.springframework.security.context.HttpSessionContextIntegrationFilter[ order=200; ], org.springframework.security.ui.logout.LogoutFilter[ order=300; ], org.springframework.security.ui.webapp.AuthenticationProcessingFilter[ order=700; ], org.springframework.security.ui.webapp.DefaultLoginPageGeneratingFilter[ order=900; ], org.springframework.security.ui.basicauth.BasicProcessingFilter[ order=1000; ], org.springframework.security.wrapper.SecurityContextHolderAwareRequestFilter[ order=1100; ], org.springframework.security.ui.rememberme.RememberMeProcessingFilter[ order=1200; ], org.springframework.security.providers.anonymous.AnonymousProcessingFilter[ order=1300; ], org.springframework.security.ui.ExceptionTranslationFilter[ order=1400; ], org.springframework.security.ui.SessionFixationProtectionFilter[ order=1600; ], org.springframework.security.intercept.web.FilterSecurityInterceptor@127e4be]
00:06:30,937  INFO FilterChainProxyPostProcessor,http-8080-Processor25:74 - Filter chain...
00:06:30,937  INFO FilterChainProxyPostProcessor,http-8080-Processor25:74 - Filter chain...
00:06:30,953  INFO FilterChainProxyPostProcessor,http-8080-Processor25:78 - [0] - org.springframework.security.context.HttpSessionContextIntegrationFilter[ order=200; ]
00:06:30,953  INFO FilterChainProxyPostProcessor,http-8080-Processor25:78 - [0] - org.springframework.security.context.HttpSessionContextIntegrationFilter[ order=200; ]
00:06:30,953  INFO FilterChainProxyPostProcessor,http-8080-Processor25:78 - [1] - org.springframework.security.ui.logout.LogoutFilter[ order=300; ]
00:06:30,953  INFO FilterChainProxyPostProcessor,http-8080-Processor25:78 - [1] - org.springframework.security.ui.logout.LogoutFilter[ order=300; ]
00:06:30,953  INFO FilterChainProxyPostProcessor,http-8080-Processor25:78 - [2] - org.springframework.security.ui.webapp.AuthenticationProcessingFilter[ order=700; ]
00:06:30,953  INFO FilterChainProxyPostProcessor,http-8080-Processor25:78 - [2] - org.springframework.security.ui.webapp.AuthenticationProcessingFilter[ order=700; ]
00:06:30,968  INFO FilterChainProxyPostProcessor,http-8080-Processor25:78 - [3] - org.springframework.security.ui.webapp.DefaultLoginPageGeneratingFilter[ order=900; ]
00:06:30,968  INFO FilterChainProxyPostProcessor,http-8080-Processor25:78 - [3] - org.springframework.security.ui.webapp.DefaultLoginPageGeneratingFilter[ order=900; ]
00:06:30,968  INFO FilterChainProxyPostProcessor,http-8080-Processor25:78 - [4] - org.springframework.security.ui.basicauth.BasicProcessingFilter[ order=1000; ]
00:06:30,968  INFO FilterChainProxyPostProcessor,http-8080-Processor25:78 - [4] - org.springframework.security.ui.basicauth.BasicProcessingFilter[ order=1000; ]
00:06:30,968  INFO FilterChainProxyPostProcessor,http-8080-Processor25:78 - [5] - org.springframework.security.wrapper.SecurityContextHolderAwareRequestFilter[ order=1100; ]
00:06:30,968  INFO FilterChainProxyPostProcessor,http-8080-Processor25:78 - [5] - org.springframework.security.wrapper.SecurityContextHolderAwareRequestFilter[ order=1100; ]
00:06:30,984  INFO FilterChainProxyPostProcessor,http-8080-Processor25:78 - [6] - org.springframework.security.ui.rememberme.RememberMeProcessingFilter[ order=1200; ]
00:06:30,984  INFO FilterChainProxyPostProcessor,http-8080-Processor25:78 - [6] - org.springframework.security.ui.rememberme.RememberMeProcessingFilter[ order=1200; ]
00:06:30,984  INFO FilterChainProxyPostProcessor,http-8080-Processor25:78 - [7] - org.springframework.security.providers.anonymous.AnonymousProcessingFilter[ order=1300; ]
00:06:30,984  INFO FilterChainProxyPostProcessor,http-8080-Processor25:78 - [7] - org.springframework.security.providers.anonymous.AnonymousProcessingFilter[ order=1300; ]
00:06:30,984  INFO FilterChainProxyPostProcessor,http-8080-Processor25:78 - [8] - org.springframework.security.ui.ExceptionTranslationFilter[ order=1400; ]
00:06:30,984  INFO FilterChainProxyPostProcessor,http-8080-Processor25:78 - [8] - org.springframework.security.ui.ExceptionTranslationFilter[ order=1400; ]
00:06:30,984  INFO FilterChainProxyPostProcessor,http-8080-Processor25:78 - [9] - org.springframework.security.ui.SessionFixationProtectionFilter[ order=1600; ]
00:06:30,984  INFO FilterChainProxyPostProcessor,http-8080-Processor25:78 - [9] - org.springframework.security.ui.SessionFixationProtectionFilter[ order=1600; ]
00:06:30,984  INFO FilterChainProxyPostProcessor,http-8080-Processor25:78 - [10] - org.springframework.security.intercept.web.FilterSecurityInterceptor@127e4be
00:06:30,984  INFO FilterChainProxyPostProcessor,http-8080-Processor25:78 - [10] - org.springframework.security.intercept.web.FilterSecurityInterceptor@127e4be
00:06:31,000 DEBUG FilterChainProxy,http-8080-Processor25:205 - Converted URL to lowercase, from: '/spring_security_login'; to: '/spring_security_login'
00:06:31,000 DEBUG FilterChainProxy,http-8080-Processor25:205 - Converted URL to lowercase, from: '/spring_security_login'; to: '/spring_security_login'
00:06:31,000 DEBUG FilterChainProxy,http-8080-Processor25:212 - Candidate is: '/spring_security_login'; pattern is /login.jsp*; matched=false
00:06:31,000 DEBUG FilterChainProxy,http-8080-Processor25:212 - Candidate is: '/spring_security_login'; pattern is /login.jsp*; matched=false
00:06:31,000 DEBUG FilterChainProxy,http-8080-Processor25:205 - Converted URL to lowercase, from: '/spring_security_login'; to: '/spring_security_login'
00:06:31,000 DEBUG FilterChainProxy,http-8080-Processor25:205 - Converted URL to lowercase, from: '/spring_security_login'; to: '/spring_security_login'
00:06:31,000 DEBUG FilterChainProxy,http-8080-Processor25:212 - Candidate is: '/spring_security_login'; pattern is /**; matched=true
00:06:31,000 DEBUG FilterChainProxy,http-8080-Processor25:212 - Candidate is: '/spring_security_login'; pattern is /**; matched=true
00:06:31,000  INFO FilterChainProxyPostProcessor,http-8080-Processor25:134 - Checking whether login URL '/spring_security_login' is accessible with your configuration
00:06:31,000  INFO FilterChainProxyPostProcessor,http-8080-Processor25:134 - Checking whether login URL '/spring_security_login' is accessible with your configuration
00:06:31,000 DEBUG FilterChainProxyPostProcessor,http-8080-Processor25:143 - Default generated login page is in use
00:06:31,000 DEBUG FilterChainProxyPostProcessor,http-8080-Processor25:143 - Default generated login page is in use
00:06:31,000  INFO FilterChainProxyPostProcessor,http-8080-Processor25:91 - FilterChainProxy: FilterChainProxy[ UrlMatcher = org.springframework.security.util.AntUrlPathMatcher[requiresLowerCase='true']; Filter Chains: {/login.jsp*=[], /**=[org.springframework.security.context.HttpSessionContextIntegrationFilter[ order=200; ], org.springframework.security.ui.logout.LogoutFilter[ order=300; ], org.springframework.security.ui.webapp.AuthenticationProcessingFilter[ order=700; ], org.springframework.security.ui.webapp.DefaultLoginPageGeneratingFilter[ order=900; ], org.springframework.security.ui.basicauth.BasicProcessingFilter[ order=1000; ], org.springframework.security.wrapper.SecurityContextHolderAwareRequestFilter[ order=1100; ], org.springframework.security.ui.rememberme.RememberMeProcessingFilter[ order=1200; ], org.springframework.security.providers.anonymous.AnonymousProcessingFilter[ order=1300; ], org.springframework.security.ui.ExceptionTranslationFilter[ order=1400; ], org.springframework.security.ui.SessionFixationProtectionFilter[ order=1600; ], org.springframework.security.intercept.web.FilterSecurityInterceptor@127e4be]}]
00:06:31,000  INFO FilterChainProxyPostProcessor,http-8080-Processor25:91 - FilterChainProxy: FilterChainProxy[ UrlMatcher = org.springframework.security.util.AntUrlPathMatcher[requiresLowerCase='true']; Filter Chains: {/login.jsp*=[], /**=[org.springframework.security.context.HttpSessionContextIntegrationFilter[ order=200; ], org.springframework.security.ui.logout.LogoutFilter[ order=300; ], org.springframework.security.ui.webapp.AuthenticationProcessingFilter[ order=700; ], org.springframework.security.ui.webapp.DefaultLoginPageGeneratingFilter[ order=900; ], org.springframework.security.ui.basicauth.BasicProcessingFilter[ order=1000; ], org.springframework.security.wrapper.SecurityContextHolderAwareRequestFilter[ order=1100; ], org.springframework.security.ui.rememberme.RememberMeProcessingFilter[ order=1200; ], org.springframework.security.providers.anonymous.AnonymousProcessingFilter[ order=1300; ], org.springframework.security.ui.ExceptionTranslationFilter[ order=1400; ], org.springframework.security.ui.SessionFixationProtectionFilter[ order=1600; ], org.springframework.security.intercept.web.FilterSecurityInterceptor@127e4be]}]
00:22:14,906 DEBUG DefaultFilterInvocationDefinitionSource,http-8080-Processor25:120 - Added URL pattern: /index.htm; attributes: [IS_AUTHENTICATED_ANONYMOUSLY]
00:22:14,906 DEBUG DefaultFilterInvocationDefinitionSource,http-8080-Processor25:120 - Added URL pattern: /index.htm; attributes: [IS_AUTHENTICATED_ANONYMOUSLY]
00:22:14,921 DEBUG DefaultFilterInvocationDefinitionSource,http-8080-Processor25:120 - Added URL pattern: /addarticle.htm; attributes: [ROLE_USER, ROLE_ADMIN]
00:22:14,921 DEBUG DefaultFilterInvocationDefinitionSource,http-8080-Processor25:120 - Added URL pattern: /addarticle.htm; attributes: [ROLE_USER, ROLE_ADMIN]
00:22:15,015  INFO HttpSecurityBeanDefinitionParser,http-8080-Processor25:430 - No login page configured. The default internal one will be used. Use the 'login-page' attribute to set the URL of the login page.
00:22:15,015  INFO HttpSecurityBeanDefinitionParser,http-8080-Processor25:430 - No login page configured. The default internal one will be used. Use the 'login-page' attribute to set the URL of the login page.
00:22:15,500  INFO EntryPointInjectionBeanPostProcessor,http-8080-Processor25:30 - Selecting AuthenticationEntryPoint for use in ExceptionTranslationFilter
00:22:15,500  INFO EntryPointInjectionBeanPostProcessor,http-8080-Processor25:30 - Selecting AuthenticationEntryPoint for use in ExceptionTranslationFilter
00:22:15,500  INFO EntryPointInjectionBeanPostProcessor,http-8080-Processor25:38 - Using main configured AuthenticationEntryPoint.
00:22:15,500  INFO EntryPointInjectionBeanPostProcessor,http-8080-Processor25:38 - Using main configured AuthenticationEntryPoint.
00:22:15,515  INFO EntryPointInjectionBeanPostProcessor,http-8080-Processor25:46 - Using bean 'org.springframework.security.ui.webapp.AuthenticationProcessingFilterEntryPoint@8c02cc' as the entry point.
00:22:15,515  INFO EntryPointInjectionBeanPostProcessor,http-8080-Processor25:46 - Using bean 'org.springframework.security.ui.webapp.AuthenticationProcessingFilterEntryPoint@8c02cc' as the entry point.
00:22:15,562  INFO AbstractSecurityInterceptor,http-8080-Processor25:216 - Validated configuration attributes
00:22:15,562  INFO AbstractSecurityInterceptor,http-8080-Processor25:216 - Validated configuration attributes
00:22:16,125  INFO RememberMeServicesInjectionBeanPostProcessor,http-8080-Processor25:43 - Setting RememberMeServices on bean _basicAuthenticationFilter
00:22:16,125  INFO RememberMeServicesInjectionBeanPostProcessor,http-8080-Processor25:43 - Setting RememberMeServices on bean _basicAuthenticationFilter
00:22:16,187  INFO FilterChainProxyPostProcessor,http-8080-Processor25:57 - Checking sorted filter chain: [org.springframework.security.context.HttpSessionContextIntegrationFilter[ order=200; ], org.springframework.security.ui.logout.LogoutFilter[ order=300; ], org.springframework.security.ui.webapp.AuthenticationProcessingFilter[ order=700; ], org.springframework.security.ui.webapp.DefaultLoginPageGeneratingFilter[ order=900; ], org.springframework.security.ui.basicauth.BasicProcessingFilter[ order=1000; ], org.springframework.security.wrapper.SecurityContextHolderAwareRequestFilter[ order=1100; ], org.springframework.security.ui.rememberme.RememberMeProcessingFilter[ order=1200; ], org.springframework.security.providers.anonymous.AnonymousProcessingFilter[ order=1300; ], org.springframework.security.ui.ExceptionTranslationFilter[ order=1400; ], org.springframework.security.ui.SessionFixationProtectionFilter[ order=1600; ], org.springframework.security.intercept.web.FilterSecurityInterceptor@b524aa]
00:22:16,187  INFO FilterChainProxyPostProcessor,http-8080-Processor25:57 - Checking sorted filter chain: [org.springframework.security.context.HttpSessionContextIntegrationFilter[ order=200; ], org.springframework.security.ui.logout.LogoutFilter[ order=300; ], org.springframework.security.ui.webapp.AuthenticationProcessingFilter[ order=700; ], org.springframework.security.ui.webapp.DefaultLoginPageGeneratingFilter[ order=900; ], org.springframework.security.ui.basicauth.BasicProcessingFilter[ order=1000; ], org.springframework.security.wrapper.SecurityContextHolderAwareRequestFilter[ order=1100; ], org.springframework.security.ui.rememberme.RememberMeProcessingFilter[ order=1200; ], org.springframework.security.providers.anonymous.AnonymousProcessingFilter[ order=1300; ], org.springframework.security.ui.ExceptionTranslationFilter[ order=1400; ], org.springframework.security.ui.SessionFixationProtectionFilter[ order=1600; ], org.springframework.security.intercept.web.FilterSecurityInterceptor@b524aa]
00:22:16,187  INFO FilterChainProxyPostProcessor,http-8080-Processor25:74 - Filter chain...
00:22:16,187  INFO FilterChainProxyPostProcessor,http-8080-Processor25:74 - Filter chain...
00:22:16,203  INFO FilterChainProxyPostProcessor,http-8080-Processor25:78 - [0] - org.springframework.security.context.HttpSessionContextIntegrationFilter[ order=200; ]
00:22:16,203  INFO FilterChainProxyPostProcessor,http-8080-Processor25:78 - [0] - org.springframework.security.context.HttpSessionContextIntegrationFilter[ order=200; ]
00:22:16,203  INFO FilterChainProxyPostProcessor,http-8080-Processor25:78 - [1] - org.springframework.security.ui.logout.LogoutFilter[ order=300; ]
00:22:16,203  INFO FilterChainProxyPostProcessor,http-8080-Processor25:78 - [1] - org.springframework.security.ui.logout.LogoutFilter[ order=300; ]
00:22:16,203  INFO FilterChainProxyPostProcessor,http-8080-Processor25:78 - [2] - org.springframework.security.ui.webapp.AuthenticationProcessingFilter[ order=700; ]
00:22:16,203  INFO FilterChainProxyPostProcessor,http-8080-Processor25:78 - [2] - org.springframework.security.ui.webapp.AuthenticationProcessingFilter[ order=700; ]
00:22:16,218  INFO FilterChainProxyPostProcessor,http-8080-Processor25:78 - [3] - org.springframework.security.ui.webapp.DefaultLoginPageGeneratingFilter[ order=900; ]
00:22:16,218  INFO FilterChainProxyPostProcessor,http-8080-Processor25:78 - [3] - org.springframework.security.ui.webapp.DefaultLoginPageGeneratingFilter[ order=900; ]
00:22:16,218  INFO FilterChainProxyPostProcessor,http-8080-Processor25:78 - [4] - org.springframework.security.ui.basicauth.BasicProcessingFilter[ order=1000; ]
00:22:16,218  INFO FilterChainProxyPostProcessor,http-8080-Processor25:78 - [4] - org.springframework.security.ui.basicauth.BasicProcessingFilter[ order=1000; ]
00:22:16,218  INFO FilterChainProxyPostProcessor,http-8080-Processor25:78 - [5] - org.springframework.security.wrapper.SecurityContextHolderAwareRequestFilter[ order=1100; ]
00:22:16,218  INFO FilterChainProxyPostProcessor,http-8080-Processor25:78 - [5] - org.springframework.security.wrapper.SecurityContextHolderAwareRequestFilter[ order=1100; ]
00:22:16,218  INFO FilterChainProxyPostProcessor,http-8080-Processor25:78 - [6] - org.springframework.security.ui.rememberme.RememberMeProcessingFilter[ order=1200; ]
00:22:16,218  INFO FilterChainProxyPostProcessor,http-8080-Processor25:78 - [6] - org.springframework.security.ui.rememberme.RememberMeProcessingFilter[ order=1200; ]
00:22:16,218  INFO FilterChainProxyPostProcessor,http-8080-Processor25:78 - [7] - org.springframework.security.providers.anonymous.AnonymousProcessingFilter[ order=1300; ]
00:22:16,218  INFO FilterChainProxyPostProcessor,http-8080-Processor25:78 - [7] - org.springframework.security.providers.anonymous.AnonymousProcessingFilter[ order=1300; ]
00:22:16,218  INFO FilterChainProxyPostProcessor,http-8080-Processor25:78 - [8] - org.springframework.security.ui.ExceptionTranslationFilter[ order=1400; ]
00:22:16,218  INFO FilterChainProxyPostProcessor,http-8080-Processor25:78 - [8] - org.springframework.security.ui.ExceptionTranslationFilter[ order=1400; ]
00:22:16,234  INFO FilterChainProxyPostProcessor,http-8080-Processor25:78 - [9] - org.springframework.security.ui.SessionFixationProtectionFilter[ order=1600; ]
00:22:16,234  INFO FilterChainProxyPostProcessor,http-8080-Processor25:78 - [9] - org.springframework.security.ui.SessionFixationProtectionFilter[ order=1600; ]
00:22:16,234  INFO FilterChainProxyPostProcessor,http-8080-Processor25:78 - [10] - org.springframework.security.intercept.web.FilterSecurityInterceptor@b524aa
00:22:16,234  INFO FilterChainProxyPostProcessor,http-8080-Processor25:78 - [10] - org.springframework.security.intercept.web.FilterSecurityInterceptor@b524aa
00:22:16,250 DEBUG FilterChainProxy,http-8080-Processor25:205 - Converted URL to lowercase, from: '/spring_security_login'; to: '/spring_security_login'
00:22:16,250 DEBUG FilterChainProxy,http-8080-Processor25:205 - Converted URL to lowercase, from: '/spring_security_login'; to: '/spring_security_login'
00:22:16,250 DEBUG FilterChainProxy,http-8080-Processor25:212 - Candidate is: '/spring_security_login'; pattern is /login.jsp*; matched=false
00:22:16,250 DEBUG FilterChainProxy,http-8080-Processor25:212 - Candidate is: '/spring_security_login'; pattern is /login.jsp*; matched=false
00:22:16,250 DEBUG FilterChainProxy,http-8080-Processor25:205 - Converted URL to lowercase, from: '/spring_security_login'; to: '/spring_security_login'
00:22:16,250 DEBUG FilterChainProxy,http-8080-Processor25:205 - Converted URL to lowercase, from: '/spring_security_login'; to: '/spring_security_login'
00:22:16,250 DEBUG FilterChainProxy,http-8080-Processor25:212 - Candidate is: '/spring_security_login'; pattern is /**; matched=true
00:22:16,250 DEBUG FilterChainProxy,http-8080-Processor25:212 - Candidate is: '/spring_security_login'; pattern is /**; matched=true
00:22:16,250  INFO FilterChainProxyPostProcessor,http-8080-Processor25:134 - Checking whether login URL '/spring_security_login' is accessible with your configuration
00:22:16,250  INFO FilterChainProxyPostProcessor,http-8080-Processor25:134 - Checking whether login URL '/spring_security_login' is accessible with your configuration
00:22:16,250 DEBUG FilterChainProxyPostProcessor,http-8080-Processor25:143 - Default generated login page is in use
00:22:16,250 DEBUG FilterChainProxyPostProcessor,http-8080-Processor25:143 - Default generated login page is in use
00:22:16,265  INFO FilterChainProxyPostProcessor,http-8080-Processor25:91 - FilterChainProxy: FilterChainProxy[ UrlMatcher = org.springframework.security.util.AntUrlPathMatcher[requiresLowerCase='true']; Filter Chains: {/login.jsp*=[], /**=[org.springframework.security.context.HttpSessionContextIntegrationFilter[ order=200; ], org.springframework.security.ui.logout.LogoutFilter[ order=300; ], org.springframework.security.ui.webapp.AuthenticationProcessingFilter[ order=700; ], org.springframework.security.ui.webapp.DefaultLoginPageGeneratingFilter[ order=900; ], org.springframework.security.ui.basicauth.BasicProcessingFilter[ order=1000; ], org.springframework.security.wrapper.SecurityContextHolderAwareRequestFilter[ order=1100; ], org.springframework.security.ui.rememberme.RememberMeProcessingFilter[ order=1200; ], org.springframework.security.providers.anonymous.AnonymousProcessingFilter[ order=1300; ], org.springframework.security.ui.ExceptionTranslationFilter[ order=1400; ], org.springframework.security.ui.SessionFixationProtectionFilter[ order=1600; ], org.springframework.security.intercept.web.FilterSecurityInterceptor@b524aa]}]
00:22:16,265  INFO FilterChainProxyPostProcessor,http-8080-Processor25:91 - FilterChainProxy: FilterChainProxy[ UrlMatcher = org.springframework.security.util.AntUrlPathMatcher[requiresLowerCase='true']; Filter Chains: {/login.jsp*=[], /**=[org.springframework.security.context.HttpSessionContextIntegrationFilter[ order=200; ], org.springframework.security.ui.logout.LogoutFilter[ order=300; ], org.springframework.security.ui.webapp.AuthenticationProcessingFilter[ order=700; ], org.springframework.security.ui.webapp.DefaultLoginPageGeneratingFilter[ order=900; ], org.springframework.security.ui.basicauth.BasicProcessingFilter[ order=1000; ], org.springframework.security.wrapper.SecurityContextHolderAwareRequestFilter[ order=1100; ], org.springframework.security.ui.rememberme.RememberMeProcessingFilter[ order=1200; ], org.springframework.security.providers.anonymous.AnonymousProcessingFilter[ order=1300; ], org.springframework.security.ui.ExceptionTranslationFilter[ order=1400; ], org.springframework.security.ui.SessionFixationProtectionFilter[ order=1600; ], org.springframework.security.intercept.web.FilterSecurityInterceptor@b524aa]}]
00:22:24,265 DEBUG DefaultFilterInvocationDefinitionSource,http-8080-Processor25:120 - Added URL pattern: /index.htm; attributes: [IS_AUTHENTICATED_ANONYMOUSLY]
00:22:24,265 DEBUG DefaultFilterInvocationDefinitionSource,http-8080-Processor25:120 - Added URL pattern: /index.htm; attributes: [IS_AUTHENTICATED_ANONYMOUSLY]
00:22:24,281 DEBUG DefaultFilterInvocationDefinitionSource,http-8080-Processor25:120 - Added URL pattern: /addarticle.htm; attributes: [ROLE_USER, ROLE_ADMIN]
00:22:24,281 DEBUG DefaultFilterInvocationDefinitionSource,http-8080-Processor25:120 - Added URL pattern: /addarticle.htm; attributes: [ROLE_USER, ROLE_ADMIN]
00:22:24,375  INFO HttpSecurityBeanDefinitionParser,http-8080-Processor25:430 - No login page configured. The default internal one will be used. Use the 'login-page' attribute to set the URL of the login page.
00:22:24,375  INFO HttpSecurityBeanDefinitionParser,http-8080-Processor25:430 - No login page configured. The default internal one will be used. Use the 'login-page' attribute to set the URL of the login page.
00:22:24,765  INFO EntryPointInjectionBeanPostProcessor,http-8080-Processor25:30 - Selecting AuthenticationEntryPoint for use in ExceptionTranslationFilter
00:22:24,765  INFO EntryPointInjectionBeanPostProcessor,http-8080-Processor25:30 - Selecting AuthenticationEntryPoint for use in ExceptionTranslationFilter
00:22:24,781  INFO EntryPointInjectionBeanPostProcessor,http-8080-Processor25:38 - Using main configured AuthenticationEntryPoint.
00:22:24,781  INFO EntryPointInjectionBeanPostProcessor,http-8080-Processor25:38 - Using main configured AuthenticationEntryPoint.
00:22:24,781  INFO EntryPointInjectionBeanPostProcessor,http-8080-Processor25:46 - Using bean 'org.springframework.security.ui.webapp.AuthenticationProcessingFilterEntryPoint@1461b5b' as the entry point.
00:22:24,781  INFO EntryPointInjectionBeanPostProcessor,http-8080-Processor25:46 - Using bean 'org.springframework.security.ui.webapp.AuthenticationProcessingFilterEntryPoint@1461b5b' as the entry point.
00:22:24,812  INFO AbstractSecurityInterceptor,http-8080-Processor25:216 - Validated configuration attributes
00:22:24,812  INFO AbstractSecurityInterceptor,http-8080-Processor25:216 - Validated configuration attributes
00:22:25,109  INFO RememberMeServicesInjectionBeanPostProcessor,http-8080-Processor25:43 - Setting RememberMeServices on bean _basicAuthenticationFilter
00:22:25,109  INFO RememberMeServicesInjectionBeanPostProcessor,http-8080-Processor25:43 - Setting RememberMeServices on bean _basicAuthenticationFilter
00:22:25,171  INFO FilterChainProxyPostProcessor,http-8080-Processor25:57 - Checking sorted filter chain: [org.springframework.security.context.HttpSessionContextIntegrationFilter[ order=200; ], org.springframework.security.ui.logout.LogoutFilter[ order=300; ], org.springframework.security.ui.webapp.AuthenticationProcessingFilter[ order=700; ], org.springframework.security.ui.webapp.DefaultLoginPageGeneratingFilter[ order=900; ], org.springframework.security.ui.basicauth.BasicProcessingFilter[ order=1000; ], org.springframework.security.wrapper.SecurityContextHolderAwareRequestFilter[ order=1100; ], org.springframework.security.ui.rememberme.RememberMeProcessingFilter[ order=1200; ], org.springframework.security.providers.anonymous.AnonymousProcessingFilter[ order=1300; ], org.springframework.security.ui.ExceptionTranslationFilter[ order=1400; ], org.springframework.security.ui.SessionFixationProtectionFilter[ order=1600; ], org.springframework.security.intercept.web.FilterSecurityInterceptor@1bfeb82]
00:22:25,171  INFO FilterChainProxyPostProcessor,http-8080-Processor25:57 - Checking sorted filter chain: [org.springframework.security.context.HttpSessionContextIntegrationFilter[ order=200; ], org.springframework.security.ui.logout.LogoutFilter[ order=300; ], org.springframework.security.ui.webapp.AuthenticationProcessingFilter[ order=700; ], org.springframework.security.ui.webapp.DefaultLoginPageGeneratingFilter[ order=900; ], org.springframework.security.ui.basicauth.BasicProcessingFilter[ order=1000; ], org.springframework.security.wrapper.SecurityContextHolderAwareRequestFilter[ order=1100; ], org.springframework.security.ui.rememberme.RememberMeProcessingFilter[ order=1200; ], org.springframework.security.providers.anonymous.AnonymousProcessingFilter[ order=1300; ], org.springframework.security.ui.ExceptionTranslationFilter[ order=1400; ], org.springframework.security.ui.SessionFixationProtectionFilter[ order=1600; ], org.springframework.security.intercept.web.FilterSecurityInterceptor@1bfeb82]
00:22:25,171  INFO FilterChainProxyPostProcessor,http-8080-Processor25:74 - Filter chain...
00:22:25,171  INFO FilterChainProxyPostProcessor,http-8080-Processor25:74 - Filter chain...
00:22:25,171  INFO FilterChainProxyPostProcessor,http-8080-Processor25:78 - [0] - org.springframework.security.context.HttpSessionContextIntegrationFilter[ order=200; ]
00:22:25,171  INFO FilterChainProxyPostProcessor,http-8080-Processor25:78 - [0] - org.springframework.security.context.HttpSessionContextIntegrationFilter[ order=200; ]
00:22:25,171  INFO FilterChainProxyPostProcessor,http-8080-Processor25:78 - [1] - org.springframework.security.ui.logout.LogoutFilter[ order=300; ]
00:22:25,171  INFO FilterChainProxyPostProcessor,http-8080-Processor25:78 - [1] - org.springframework.security.ui.logout.LogoutFilter[ order=300; ]
00:22:25,171  INFO FilterChainProxyPostProcessor,http-8080-Processor25:78 - [2] - org.springframework.security.ui.webapp.AuthenticationProcessingFilter[ order=700; ]
00:22:25,171  INFO FilterChainProxyPostProcessor,http-8080-Processor25:78 - [2] - org.springframework.security.ui.webapp.AuthenticationProcessingFilter[ order=700; ]
00:22:25,171  INFO FilterChainProxyPostProcessor,http-8080-Processor25:78 - [3] - org.springframework.security.ui.webapp.DefaultLoginPageGeneratingFilter[ order=900; ]
00:22:25,171  INFO FilterChainProxyPostProcessor,http-8080-Processor25:78 - [3] - org.springframework.security.ui.webapp.DefaultLoginPageGeneratingFilter[ order=900; ]
00:22:25,187  INFO FilterChainProxyPostProcessor,http-8080-Processor25:78 - [4] - org.springframework.security.ui.basicauth.BasicProcessingFilter[ order=1000; ]
00:22:25,187  INFO FilterChainProxyPostProcessor,http-8080-Processor25:78 - [4] - org.springframework.security.ui.basicauth.BasicProcessingFilter[ order=1000; ]
00:22:25,187  INFO FilterChainProxyPostProcessor,http-8080-Processor25:78 - [5] - org.springframework.security.wrapper.SecurityContextHolderAwareRequestFilter[ order=1100; ]
00:22:25,187  INFO FilterChainProxyPostProcessor,http-8080-Processor25:78 - [5] - org.springframework.security.wrapper.SecurityContextHolderAwareRequestFilter[ order=1100; ]
00:22:25,187  INFO FilterChainProxyPostProcessor,http-8080-Processor25:78 - [6] - org.springframework.security.ui.rememberme.RememberMeProcessingFilter[ order=1200; ]
00:22:25,187  INFO FilterChainProxyPostProcessor,http-8080-Processor25:78 - [6] - org.springframework.security.ui.rememberme.RememberMeProcessingFilter[ order=1200; ]
00:22:25,187  INFO FilterChainProxyPostProcessor,http-8080-Processor25:78 - [7] - org.springframework.security.providers.anonymous.AnonymousProcessingFilter[ order=1300; ]
00:22:25,187  INFO FilterChainProxyPostProcessor,http-8080-Processor25:78 - [7] - org.springframework.security.providers.anonymous.AnonymousProcessingFilter[ order=1300; ]
00:22:25,187  INFO FilterChainProxyPostProcessor,http-8080-Processor25:78 - [8] - org.springframework.security.ui.ExceptionTranslationFilter[ order=1400; ]
00:22:25,187  INFO FilterChainProxyPostProcessor,http-8080-Processor25:78 - [8] - org.springframework.security.ui.ExceptionTranslationFilter[ order=1400; ]
00:22:25,187  INFO FilterChainProxyPostProcessor,http-8080-Processor25:78 - [9] - org.springframework.security.ui.SessionFixationProtectionFilter[ order=1600; ]
00:22:25,187  INFO FilterChainProxyPostProcessor,http-8080-Processor25:78 - [9] - org.springframework.security.ui.SessionFixationProtectionFilter[ order=1600; ]
00:22:25,187  INFO FilterChainProxyPostProcessor,http-8080-Processor25:78 - [10] - org.springframework.security.intercept.web.FilterSecurityInterceptor@1bfeb82
00:22:25,187  INFO FilterChainProxyPostProcessor,http-8080-Processor25:78 - [10] - org.springframework.security.intercept.web.FilterSecurityInterceptor@1bfeb82
00:22:25,203 DEBUG FilterChainProxy,http-8080-Processor25:205 - Converted URL to lowercase, from: '/spring_security_login'; to: '/spring_security_login'
00:22:25,203 DEBUG FilterChainProxy,http-8080-Processor25:205 - Converted URL to lowercase, from: '/spring_security_login'; to: '/spring_security_login'
00:22:25,203 DEBUG FilterChainProxy,http-8080-Processor25:212 - Candidate is: '/spring_security_login'; pattern is /login.jsp*; matched=false
00:22:25,203 DEBUG FilterChainProxy,http-8080-Processor25:212 - Candidate is: '/spring_security_login'; pattern is /login.jsp*; matched=false
00:22:25,203 DEBUG FilterChainProxy,http-8080-Processor25:205 - Converted URL to lowercase, from: '/spring_security_login'; to: '/spring_security_login'
00:22:25,203 DEBUG FilterChainProxy,http-8080-Processor25:205 - Converted URL to lowercase, from: '/spring_security_login'; to: '/spring_security_login'
00:22:25,203 DEBUG FilterChainProxy,http-8080-Processor25:212 - Candidate is: '/spring_security_login'; pattern is /**; matched=true
00:22:25,203 DEBUG FilterChainProxy,http-8080-Processor25:212 - Candidate is: '/spring_security_login'; pattern is /**; matched=true
00:22:25,203  INFO FilterChainProxyPostProcessor,http-8080-Processor25:134 - Checking whether login URL '/spring_security_login' is accessible with your configuration
00:22:25,203  INFO FilterChainProxyPostProcessor,http-8080-Processor25:134 - Checking whether login URL '/spring_security_login' is accessible with your configuration
00:22:25,203 DEBUG FilterChainProxyPostProcessor,http-8080-Processor25:143 - Default generated login page is in use
00:22:25,203 DEBUG FilterChainProxyPostProcessor,http-8080-Processor25:143 - Default generated login page is in use
00:22:25,203  INFO FilterChainProxyPostProcessor,http-8080-Processor25:91 - FilterChainProxy: FilterChainProxy[ UrlMatcher = org.springframework.security.util.AntUrlPathMatcher[requiresLowerCase='true']; Filter Chains: {/login.jsp*=[], /**=[org.springframework.security.context.HttpSessionContextIntegrationFilter[ order=200; ], org.springframework.security.ui.logout.LogoutFilter[ order=300; ], org.springframework.security.ui.webapp.AuthenticationProcessingFilter[ order=700; ], org.springframework.security.ui.webapp.DefaultLoginPageGeneratingFilter[ order=900; ], org.springframework.security.ui.basicauth.BasicProcessingFilter[ order=1000; ], org.springframework.security.wrapper.SecurityContextHolderAwareRequestFilter[ order=1100; ], org.springframework.security.ui.rememberme.RememberMeProcessingFilter[ order=1200; ], org.springframework.security.providers.anonymous.AnonymousProcessingFilter[ order=1300; ], org.springframework.security.ui.ExceptionTranslationFilter[ order=1400; ], org.springframework.security.ui.SessionFixationProtectionFilter[ order=1600; ], org.springframework.security.intercept.web.FilterSecurityInterceptor@1bfeb82]}]
00:22:25,203  INFO FilterChainProxyPostProcessor,http-8080-Processor25:91 - FilterChainProxy: FilterChainProxy[ UrlMatcher = org.springframework.security.util.AntUrlPathMatcher[requiresLowerCase='true']; Filter Chains: {/login.jsp*=[], /**=[org.springframework.security.context.HttpSessionContextIntegrationFilter[ order=200; ], org.springframework.security.ui.logout.LogoutFilter[ order=300; ], org.springframework.security.ui.webapp.AuthenticationProcessingFilter[ order=700; ], org.springframework.security.ui.webapp.DefaultLoginPageGeneratingFilter[ order=900; ], org.springframework.security.ui.basicauth.BasicProcessingFilter[ order=1000; ], org.springframework.security.wrapper.SecurityContextHolderAwareRequestFilter[ order=1100; ], org.springframework.security.ui.rememberme.RememberMeProcessingFilter[ order=1200; ], org.springframework.security.providers.anonymous.AnonymousProcessingFilter[ order=1300; ], org.springframework.security.ui.ExceptionTranslationFilter[ order=1400; ], org.springframework.security.ui.SessionFixationProtectionFilter[ order=1600; ], org.springframework.security.intercept.web.FilterSecurityInterceptor@1bfeb82]}]
00:25:56,359 DEBUG DefaultFilterInvocationDefinitionSource,main:120 - Added URL pattern: /index.htm; attributes: [IS_AUTHENTICATED_ANONYMOUSLY]
00:25:56,359 DEBUG DefaultFilterInvocationDefinitionSource,main:120 - Added URL pattern: /index.htm; attributes: [IS_AUTHENTICATED_ANONYMOUSLY]
00:25:56,359 DEBUG DefaultFilterInvocationDefinitionSource,main:120 - Added URL pattern: /addarticle.htm; attributes: [ROLE_USER, ROLE_ADMIN]
00:25:56,359 DEBUG DefaultFilterInvocationDefinitionSource,main:120 - Added URL pattern: /addarticle.htm; attributes: [ROLE_USER, ROLE_ADMIN]
00:25:56,453  INFO HttpSecurityBeanDefinitionParser,main:430 - No login page configured. The default internal one will be used. Use the 'login-page' attribute to set the URL of the login page.
00:25:56,453  INFO HttpSecurityBeanDefinitionParser,main:430 - No login page configured. The default internal one will be used. Use the 'login-page' attribute to set the URL of the login page.
00:25:56,812  INFO EntryPointInjectionBeanPostProcessor,main:30 - Selecting AuthenticationEntryPoint for use in ExceptionTranslationFilter
00:25:56,812  INFO EntryPointInjectionBeanPostProcessor,main:30 - Selecting AuthenticationEntryPoint for use in ExceptionTranslationFilter
00:25:56,828  INFO EntryPointInjectionBeanPostProcessor,main:38 - Using main configured AuthenticationEntryPoint.
00:25:56,828  INFO EntryPointInjectionBeanPostProcessor,main:38 - Using main configured AuthenticationEntryPoint.
00:25:56,828  INFO EntryPointInjectionBeanPostProcessor,main:46 - Using bean 'org.springframework.security.ui.webapp.AuthenticationProcessingFilterEntryPoint@779959' as the entry point.
00:25:56,828  INFO EntryPointInjectionBeanPostProcessor,main:46 - Using bean 'org.springframework.security.ui.webapp.AuthenticationProcessingFilterEntryPoint@779959' as the entry point.
00:25:56,859  INFO AbstractSecurityInterceptor,main:216 - Validated configuration attributes
00:25:56,859  INFO AbstractSecurityInterceptor,main:216 - Validated configuration attributes
00:25:57,125  INFO RememberMeServicesInjectionBeanPostProcessor,main:43 - Setting RememberMeServices on bean _basicAuthenticationFilter
00:25:57,125  INFO RememberMeServicesInjectionBeanPostProcessor,main:43 - Setting RememberMeServices on bean _basicAuthenticationFilter
00:25:57,171  INFO FilterChainProxyPostProcessor,main:57 - Checking sorted filter chain: [org.springframework.security.context.HttpSessionContextIntegrationFilter[ order=200; ], org.springframework.security.ui.logout.LogoutFilter[ order=300; ], org.springframework.security.ui.webapp.AuthenticationProcessingFilter[ order=700; ], org.springframework.security.ui.webapp.DefaultLoginPageGeneratingFilter[ order=900; ], org.springframework.security.ui.basicauth.BasicProcessingFilter[ order=1000; ], org.springframework.security.wrapper.SecurityContextHolderAwareRequestFilter[ order=1100; ], org.springframework.security.ui.rememberme.RememberMeProcessingFilter[ order=1200; ], org.springframework.security.providers.anonymous.AnonymousProcessingFilter[ order=1300; ], org.springframework.security.ui.ExceptionTranslationFilter[ order=1400; ], org.springframework.security.ui.SessionFixationProtectionFilter[ order=1600; ], org.springframework.security.intercept.web.FilterSecurityInterceptor@d713fe]
00:25:57,171  INFO FilterChainProxyPostProcessor,main:57 - Checking sorted filter chain: [org.springframework.security.context.HttpSessionContextIntegrationFilter[ order=200; ], org.springframework.security.ui.logout.LogoutFilter[ order=300; ], org.springframework.security.ui.webapp.AuthenticationProcessingFilter[ order=700; ], org.springframework.security.ui.webapp.DefaultLoginPageGeneratingFilter[ order=900; ], org.springframework.security.ui.basicauth.BasicProcessingFilter[ order=1000; ], org.springframework.security.wrapper.SecurityContextHolderAwareRequestFilter[ order=1100; ], org.springframework.security.ui.rememberme.RememberMeProcessingFilter[ order=1200; ], org.springframework.security.providers.anonymous.AnonymousProcessingFilter[ order=1300; ], org.springframework.security.ui.ExceptionTranslationFilter[ order=1400; ], org.springframework.security.ui.SessionFixationProtectionFilter[ order=1600; ], org.springframework.security.intercept.web.FilterSecurityInterceptor@d713fe]
00:25:57,171  INFO FilterChainProxyPostProcessor,main:74 - Filter chain...
00:25:57,171  INFO FilterChainProxyPostProcessor,main:74 - Filter chain...
00:25:57,187  INFO FilterChainProxyPostProcessor,main:78 - [0] - org.springframework.security.context.HttpSessionContextIntegrationFilter[ order=200; ]
00:25:57,187  INFO FilterChainProxyPostProcessor,main:78 - [0] - org.springframework.security.context.HttpSessionContextIntegrationFilter[ order=200; ]
00:25:57,187  INFO FilterChainProxyPostProcessor,main:78 - [1] - org.springframework.security.ui.logout.LogoutFilter[ order=300; ]
00:25:57,187  INFO FilterChainProxyPostProcessor,main:78 - [1] - org.springframework.security.ui.logout.LogoutFilter[ order=300; ]
00:25:57,187  INFO FilterChainProxyPostProcessor,main:78 - [2] - org.springframework.security.ui.webapp.AuthenticationProcessingFilter[ order=700; ]
00:25:57,187  INFO FilterChainProxyPostProcessor,main:78 - [2] - org.springframework.security.ui.webapp.AuthenticationProcessingFilter[ order=700; ]
00:25:57,187  INFO FilterChainProxyPostProcessor,main:78 - [3] - org.springframework.security.ui.webapp.DefaultLoginPageGeneratingFilter[ order=900; ]
00:25:57,187  INFO FilterChainProxyPostProcessor,main:78 - [3] - org.springframework.security.ui.webapp.DefaultLoginPageGeneratingFilter[ order=900; ]
00:25:57,187  INFO FilterChainProxyPostProcessor,main:78 - [4] - org.springframework.security.ui.basicauth.BasicProcessingFilter[ order=1000; ]
00:25:57,187  INFO FilterChainProxyPostProcessor,main:78 - [4] - org.springframework.security.ui.basicauth.BasicProcessingFilter[ order=1000; ]
00:25:57,187  INFO FilterChainProxyPostProcessor,main:78 - [5] - org.springframework.security.wrapper.SecurityContextHolderAwareRequestFilter[ order=1100; ]
00:25:57,187  INFO FilterChainProxyPostProcessor,main:78 - [5] - org.springframework.security.wrapper.SecurityContextHolderAwareRequestFilter[ order=1100; ]
00:25:57,187  INFO FilterChainProxyPostProcessor,main:78 - [6] - org.springframework.security.ui.rememberme.RememberMeProcessingFilter[ order=1200; ]
00:25:57,187  INFO FilterChainProxyPostProcessor,main:78 - [6] - org.springframework.security.ui.rememberme.RememberMeProcessingFilter[ order=1200; ]
00:25:57,203  INFO FilterChainProxyPostProcessor,main:78 - [7] - org.springframework.security.providers.anonymous.AnonymousProcessingFilter[ order=1300; ]
00:25:57,203  INFO FilterChainProxyPostProcessor,main:78 - [7] - org.springframework.security.providers.anonymous.AnonymousProcessingFilter[ order=1300; ]
00:25:57,203  INFO FilterChainProxyPostProcessor,main:78 - [8] - org.springframework.security.ui.ExceptionTranslationFilter[ order=1400; ]
00:25:57,203  INFO FilterChainProxyPostProcessor,main:78 - [8] - org.springframework.security.ui.ExceptionTranslationFilter[ order=1400; ]
00:25:57,203  INFO FilterChainProxyPostProcessor,main:78 - [9] - org.springframework.security.ui.SessionFixationProtectionFilter[ order=1600; ]
00:25:57,203  INFO FilterChainProxyPostProcessor,main:78 - [9] - org.springframework.security.ui.SessionFixationProtectionFilter[ order=1600; ]
00:25:57,203  INFO FilterChainProxyPostProcessor,main:78 - [10] - org.springframework.security.intercept.web.FilterSecurityInterceptor@d713fe
00:25:57,203  INFO FilterChainProxyPostProcessor,main:78 - [10] - org.springframework.security.intercept.web.FilterSecurityInterceptor@d713fe
00:25:57,203 DEBUG FilterChainProxy,main:205 - Converted URL to lowercase, from: '/spring_security_login'; to: '/spring_security_login'
00:25:57,203 DEBUG FilterChainProxy,main:205 - Converted URL to lowercase, from: '/spring_security_login'; to: '/spring_security_login'
00:25:57,203 DEBUG FilterChainProxy,main:212 - Candidate is: '/spring_security_login'; pattern is /login.jsp*; matched=false
00:25:57,203 DEBUG FilterChainProxy,main:212 - Candidate is: '/spring_security_login'; pattern is /login.jsp*; matched=false
00:25:57,218 DEBUG FilterChainProxy,main:205 - Converted URL to lowercase, from: '/spring_security_login'; to: '/spring_security_login'
00:25:57,218 DEBUG FilterChainProxy,main:205 - Converted URL to lowercase, from: '/spring_security_login'; to: '/spring_security_login'
00:25:57,218 DEBUG FilterChainProxy,main:212 - Candidate is: '/spring_security_login'; pattern is /**; matched=true
00:25:57,218 DEBUG FilterChainProxy,main:212 - Candidate is: '/spring_security_login'; pattern is /**; matched=true
00:25:57,218  INFO FilterChainProxyPostProcessor,main:134 - Checking whether login URL '/spring_security_login' is accessible with your configuration
00:25:57,218  INFO FilterChainProxyPostProcessor,main:134 - Checking whether login URL '/spring_security_login' is accessible with your configuration
00:25:57,234 DEBUG FilterChainProxyPostProcessor,main:143 - Default generated login page is in use
00:25:57,234 DEBUG FilterChainProxyPostProcessor,main:143 - Default generated login page is in use
00:25:57,234  INFO FilterChainProxyPostProcessor,main:91 - FilterChainProxy: FilterChainProxy[ UrlMatcher = org.springframework.security.util.AntUrlPathMatcher[requiresLowerCase='true']; Filter Chains: {/login.jsp*=[], /**=[org.springframework.security.context.HttpSessionContextIntegrationFilter[ order=200; ], org.springframework.security.ui.logout.LogoutFilter[ order=300; ], org.springframework.security.ui.webapp.AuthenticationProcessingFilter[ order=700; ], org.springframework.security.ui.webapp.DefaultLoginPageGeneratingFilter[ order=900; ], org.springframework.security.ui.basicauth.BasicProcessingFilter[ order=1000; ], org.springframework.security.wrapper.SecurityContextHolderAwareRequestFilter[ order=1100; ], org.springframework.security.ui.rememberme.RememberMeProcessingFilter[ order=1200; ], org.springframework.security.providers.anonymous.AnonymousProcessingFilter[ order=1300; ], org.springframework.security.ui.ExceptionTranslationFilter[ order=1400; ], org.springframework.security.ui.SessionFixationProtectionFilter[ order=1600; ], org.springframework.security.intercept.web.FilterSecurityInterceptor@d713fe]}]
00:25:57,234  INFO FilterChainProxyPostProcessor,main:91 - FilterChainProxy: FilterChainProxy[ UrlMatcher = org.springframework.security.util.AntUrlPathMatcher[requiresLowerCase='true']; Filter Chains: {/login.jsp*=[], /**=[org.springframework.security.context.HttpSessionContextIntegrationFilter[ order=200; ], org.springframework.security.ui.logout.LogoutFilter[ order=300; ], org.springframework.security.ui.webapp.AuthenticationProcessingFilter[ order=700; ], org.springframework.security.ui.webapp.DefaultLoginPageGeneratingFilter[ order=900; ], org.springframework.security.ui.basicauth.BasicProcessingFilter[ order=1000; ], org.springframework.security.wrapper.SecurityContextHolderAwareRequestFilter[ order=1100; ], org.springframework.security.ui.rememberme.RememberMeProcessingFilter[ order=1200; ], org.springframework.security.providers.anonymous.AnonymousProcessingFilter[ order=1300; ], org.springframework.security.ui.ExceptionTranslationFilter[ order=1400; ], org.springframework.security.ui.SessionFixationProtectionFilter[ order=1600; ], org.springframework.security.intercept.web.FilterSecurityInterceptor@d713fe]}]
