03:48:49,687 DEBUG FilterChainProxy,31389272@qtp-16199287-4:385 - /openwysiwyg_v1.4.7/scripts/wysiwyg-settings.js at position 3 of 11 in additional filter chain; firing Filter: 'org.springframework.security.ui.webapp.AuthenticationProcessingFilter[ order=700; ]'
03:48:49,687 DEBUG FilterChainProxy,31389272@qtp-16199287-4:385 - /openwysiwyg_v1.4.7/scripts/wysiwyg-settings.js at position 3 of 11 in additional filter chain; firing Filter: 'org.springframework.security.ui.webapp.AuthenticationProcessingFilter[ order=700; ]'
03:48:49,687 DEBUG FilterChainProxy,31389272@qtp-16199287-4:385 - /openwysiwyg_v1.4.7/scripts/wysiwyg-settings.js at position 4 of 11 in additional filter chain; firing Filter: 'org.springframework.security.ui.webapp.DefaultLoginPageGeneratingFilter[ order=900; ]'
03:48:49,687 DEBUG FilterChainProxy,31389272@qtp-16199287-4:385 - /openwysiwyg_v1.4.7/scripts/wysiwyg-settings.js at position 4 of 11 in additional filter chain; firing Filter: 'org.springframework.security.ui.webapp.DefaultLoginPageGeneratingFilter[ order=900; ]'
03:48:49,687 DEBUG FilterChainProxy,31389272@qtp-16199287-4:385 - /openwysiwyg_v1.4.7/scripts/wysiwyg-settings.js at position 5 of 11 in additional filter chain; firing Filter: 'org.springframework.security.ui.basicauth.BasicProcessingFilter[ order=1000; ]'
03:48:49,687 DEBUG FilterChainProxy,31389272@qtp-16199287-4:385 - /openwysiwyg_v1.4.7/scripts/wysiwyg-settings.js at position 5 of 11 in additional filter chain; firing Filter: 'org.springframework.security.ui.basicauth.BasicProcessingFilter[ order=1000; ]'
03:48:49,687 DEBUG BasicProcessingFilter,31389272@qtp-16199287-4:115 - Authorization header: null
03:48:49,687 DEBUG BasicProcessingFilter,31389272@qtp-16199287-4:115 - Authorization header: null
03:48:49,687 DEBUG FilterChainProxy,31389272@qtp-16199287-4:385 - /openwysiwyg_v1.4.7/scripts/wysiwyg-settings.js at position 6 of 11 in additional filter chain; firing Filter: 'org.springframework.security.wrapper.SecurityContextHolderAwareRequestFilter[ order=1100; ]'
03:48:49,687 DEBUG FilterChainProxy,31389272@qtp-16199287-4:385 - /openwysiwyg_v1.4.7/scripts/wysiwyg-settings.js at position 6 of 11 in additional filter chain; firing Filter: 'org.springframework.security.wrapper.SecurityContextHolderAwareRequestFilter[ order=1100; ]'
03:48:49,687 DEBUG SavedRequestAwareWrapper,31389272@qtp-16199287-4:117 - Wrapper not replaced; SavedRequest was: null
03:48:49,687 DEBUG SavedRequestAwareWrapper,31389272@qtp-16199287-4:117 - Wrapper not replaced; SavedRequest was: null
03:48:49,687 DEBUG FilterChainProxy,31389272@qtp-16199287-4:385 - /openwysiwyg_v1.4.7/scripts/wysiwyg-settings.js at position 7 of 11 in additional filter chain; firing Filter: 'org.springframework.security.ui.rememberme.RememberMeProcessingFilter[ order=1200; ]'
03:48:49,687 DEBUG FilterChainProxy,31389272@qtp-16199287-4:385 - /openwysiwyg_v1.4.7/scripts/wysiwyg-settings.js at position 7 of 11 in additional filter chain; firing Filter: 'org.springframework.security.ui.rememberme.RememberMeProcessingFilter[ order=1200; ]'
03:48:49,687 DEBUG FilterChainProxy,31389272@qtp-16199287-4:385 - /openwysiwyg_v1.4.7/scripts/wysiwyg-settings.js at position 8 of 11 in additional filter chain; firing Filter: 'org.springframework.security.providers.anonymous.AnonymousProcessingFilter[ order=1300; ]'
03:48:49,687 DEBUG FilterChainProxy,31389272@qtp-16199287-4:385 - /openwysiwyg_v1.4.7/scripts/wysiwyg-settings.js at position 8 of 11 in additional filter chain; firing Filter: 'org.springframework.security.providers.anonymous.AnonymousProcessingFilter[ order=1300; ]'
03:48:49,687 DEBUG AnonymousProcessingFilter,31389272@qtp-16199287-4:93 - Populated SecurityContextHolder with anonymous token: 'org.springframework.security.providers.anonymous.AnonymousAuthenticationToken@9613f615: Principal: roleAnonymous; Password: [PROTECTED]; Authenticated: true; Details: org.springframework.security.ui.WebAuthenticationDetails@ffff6a82: RemoteIpAddress: 127.0.0.1; SessionId: e23muqy3f2j5; Granted Authorities: ROLE_ANONYMOUS'
03:48:49,687 DEBUG AnonymousProcessingFilter,31389272@qtp-16199287-4:93 - Populated SecurityContextHolder with anonymous token: 'org.springframework.security.providers.anonymous.AnonymousAuthenticationToken@9613f615: Principal: roleAnonymous; Password: [PROTECTED]; Authenticated: true; Details: org.springframework.security.ui.WebAuthenticationDetails@ffff6a82: RemoteIpAddress: 127.0.0.1; SessionId: e23muqy3f2j5; Granted Authorities: ROLE_ANONYMOUS'
03:48:49,687 DEBUG FilterChainProxy,31389272@qtp-16199287-4:385 - /openwysiwyg_v1.4.7/scripts/wysiwyg-settings.js at position 9 of 11 in additional filter chain; firing Filter: 'org.springframework.security.ui.ExceptionTranslationFilter[ order=1400; ]'
03:48:49,687 DEBUG FilterChainProxy,31389272@qtp-16199287-4:385 - /openwysiwyg_v1.4.7/scripts/wysiwyg-settings.js at position 9 of 11 in additional filter chain; firing Filter: 'org.springframework.security.ui.ExceptionTranslationFilter[ order=1400; ]'
03:48:49,703 DEBUG FilterChainProxy,31389272@qtp-16199287-4:385 - /openwysiwyg_v1.4.7/scripts/wysiwyg-settings.js at position 10 of 11 in additional filter chain; firing Filter: 'org.springframework.security.ui.SessionFixationProtectionFilter[ order=1600; ]'
03:48:49,703 DEBUG FilterChainProxy,31389272@qtp-16199287-4:385 - /openwysiwyg_v1.4.7/scripts/wysiwyg-settings.js at position 10 of 11 in additional filter chain; firing Filter: 'org.springframework.security.ui.SessionFixationProtectionFilter[ order=1600; ]'
03:48:49,703 DEBUG FilterChainProxy,31389272@qtp-16199287-4:385 - /openwysiwyg_v1.4.7/scripts/wysiwyg-settings.js at position 11 of 11 in additional filter chain; firing Filter: 'org.springframework.security.intercept.web.FilterSecurityInterceptor@1d2162c'
03:48:49,703 DEBUG FilterChainProxy,31389272@qtp-16199287-4:385 - /openwysiwyg_v1.4.7/scripts/wysiwyg-settings.js at position 11 of 11 in additional filter chain; firing Filter: 'org.springframework.security.intercept.web.FilterSecurityInterceptor@1d2162c'
03:48:49,703 DEBUG DefaultFilterInvocationDefinitionSource,31389272@qtp-16199287-4:196 - Converted URL to lowercase, from: '/openwysiwyg_v1.4.7/scripts/wysiwyg-settings.js'; to: '/openwysiwyg_v1.4.7/scripts/wysiwyg-settings.js'
03:48:49,703 DEBUG DefaultFilterInvocationDefinitionSource,31389272@qtp-16199287-4:196 - Converted URL to lowercase, from: '/openwysiwyg_v1.4.7/scripts/wysiwyg-settings.js'; to: '/openwysiwyg_v1.4.7/scripts/wysiwyg-settings.js'
03:48:49,703 DEBUG DefaultFilterInvocationDefinitionSource,31389272@qtp-16199287-4:224 - Candidate is: '/openwysiwyg_v1.4.7/scripts/wysiwyg-settings.js'; pattern is /blog.x; matched=false
03:48:49,703 DEBUG DefaultFilterInvocationDefinitionSource,31389272@qtp-16199287-4:224 - Candidate is: '/openwysiwyg_v1.4.7/scripts/wysiwyg-settings.js'; pattern is /blog.x; matched=false
03:48:49,703 DEBUG DefaultFilterInvocationDefinitionSource,31389272@qtp-16199287-4:224 - Candidate is: '/openwysiwyg_v1.4.7/scripts/wysiwyg-settings.js'; pattern is /services/videoservice?wsdl; matched=false
03:48:49,703 DEBUG DefaultFilterInvocationDefinitionSource,31389272@qtp-16199287-4:224 - Candidate is: '/openwysiwyg_v1.4.7/scripts/wysiwyg-settings.js'; pattern is /services/videoservice?wsdl; matched=false
03:48:49,703 DEBUG DefaultFilterInvocationDefinitionSource,31389272@qtp-16199287-4:224 - Candidate is: '/openwysiwyg_v1.4.7/scripts/wysiwyg-settings.js'; pattern is /services/*; matched=false
03:48:49,703 DEBUG DefaultFilterInvocationDefinitionSource,31389272@qtp-16199287-4:224 - Candidate is: '/openwysiwyg_v1.4.7/scripts/wysiwyg-settings.js'; pattern is /services/*; matched=false
03:48:49,765 DEBUG DefaultFilterInvocationDefinitionSource,31389272@qtp-16199287-4:224 - Candidate is: '/openwysiwyg_v1.4.7/scripts/wysiwyg-settings.js'; pattern is /addblog.x; matched=false
03:48:49,765 DEBUG DefaultFilterInvocationDefinitionSource,31389272@qtp-16199287-4:224 - Candidate is: '/openwysiwyg_v1.4.7/scripts/wysiwyg-settings.js'; pattern is /addblog.x; matched=false
03:48:49,765 DEBUG AbstractSecurityInterceptor,31389272@qtp-16199287-4:241 - Public object - authentication not attempted
03:48:49,765 DEBUG AbstractSecurityInterceptor,31389272@qtp-16199287-4:241 - Public object - authentication not attempted
03:48:49,765 DEBUG FilterChainProxy,31389272@qtp-16199287-4:374 - /openwysiwyg_v1.4.7/scripts/wysiwyg-settings.js reached end of additional filter chain; proceeding with original chain
03:48:49,765 DEBUG FilterChainProxy,31389272@qtp-16199287-4:374 - /openwysiwyg_v1.4.7/scripts/wysiwyg-settings.js reached end of additional filter chain; proceeding with original chain
03:48:49,781 DEBUG ExceptionTranslationFilter,31389272@qtp-16199287-4:104 - Chain processed normally
03:48:49,781 DEBUG ExceptionTranslationFilter,31389272@qtp-16199287-4:104 - Chain processed normally
03:48:49,781 DEBUG HttpSessionContextIntegrationFilter,31389272@qtp-16199287-4:255 - SecurityContextHolder now cleared, as request processing completed
03:48:49,781 DEBUG HttpSessionContextIntegrationFilter,31389272@qtp-16199287-4:255 - SecurityContextHolder now cleared, as request processing completed
03:48:49,828 DEBUG FilterChainProxy,31389272@qtp-16199287-4:205 - Converted URL to lowercase, from: '/fckeditor/editor/fckeditor.html'; to: '/fckeditor/editor/fckeditor.html'
03:48:49,828 DEBUG FilterChainProxy,31389272@qtp-16199287-4:205 - Converted URL to lowercase, from: '/fckeditor/editor/fckeditor.html'; to: '/fckeditor/editor/fckeditor.html'
03:48:49,828 DEBUG FilterChainProxy,31389272@qtp-16199287-4:212 - Candidate is: '/fckeditor/editor/fckeditor.html'; pattern is /login.jsp*; matched=false
03:48:49,828 DEBUG FilterChainProxy,31389272@qtp-16199287-4:212 - Candidate is: '/fckeditor/editor/fckeditor.html'; pattern is /login.jsp*; matched=false
03:48:49,828 DEBUG FilterChainProxy,31389272@qtp-16199287-4:205 - Converted URL to lowercase, from: '/fckeditor/editor/fckeditor.html'; to: '/fckeditor/editor/fckeditor.html'
03:48:49,828 DEBUG FilterChainProxy,31389272@qtp-16199287-4:205 - Converted URL to lowercase, from: '/fckeditor/editor/fckeditor.html'; to: '/fckeditor/editor/fckeditor.html'
03:48:49,828 DEBUG FilterChainProxy,31389272@qtp-16199287-4:212 - Candidate is: '/fckeditor/editor/fckeditor.html'; pattern is /**; matched=true
03:48:49,828 DEBUG FilterChainProxy,31389272@qtp-16199287-4:212 - Candidate is: '/fckeditor/editor/fckeditor.html'; pattern is /**; matched=true
03:48:49,828 DEBUG FilterChainProxy,31389272@qtp-16199287-4:385 - /fckeditor/editor/fckeditor.html?InstanceName=text&Toolbar=MyToolbar at position 1 of 11 in additional filter chain; firing Filter: 'org.springframework.security.context.HttpSessionContextIntegrationFilter[ order=200; ]'
03:48:49,828 DEBUG FilterChainProxy,772032@qtp-16199287-0:205 - Converted URL to lowercase, from: '/css/view.png'; to: '/css/view.png'
03:48:49,828 DEBUG FilterChainProxy,31389272@qtp-16199287-4:385 - /fckeditor/editor/fckeditor.html?InstanceName=text&Toolbar=MyToolbar at position 1 of 11 in additional filter chain; firing Filter: 'org.springframework.security.context.HttpSessionContextIntegrationFilter[ order=200; ]'
03:48:49,859 DEBUG HttpSessionContextIntegrationFilter,31389272@qtp-16199287-4:286 - HttpSession returned null object for SPRING_SECURITY_CONTEXT
03:48:49,828 DEBUG FilterChainProxy,772032@qtp-16199287-0:205 - Converted URL to lowercase, from: '/css/view.png'; to: '/css/view.png'
03:48:49,875 DEBUG FilterChainProxy,772032@qtp-16199287-0:212 - Candidate is: '/css/view.png'; pattern is /login.jsp*; matched=false
03:48:49,875 DEBUG FilterChainProxy,772032@qtp-16199287-0:212 - Candidate is: '/css/view.png'; pattern is /login.jsp*; matched=false
03:48:49,875 DEBUG FilterChainProxy,772032@qtp-16199287-0:205 - Converted URL to lowercase, from: '/css/view.png'; to: '/css/view.png'
03:48:49,875 DEBUG FilterChainProxy,772032@qtp-16199287-0:205 - Converted URL to lowercase, from: '/css/view.png'; to: '/css/view.png'
03:48:49,875 DEBUG FilterChainProxy,772032@qtp-16199287-0:212 - Candidate is: '/css/view.png'; pattern is /**; matched=true
03:48:49,875 DEBUG FilterChainProxy,772032@qtp-16199287-0:212 - Candidate is: '/css/view.png'; pattern is /**; matched=true
03:48:49,875 DEBUG FilterChainProxy,772032@qtp-16199287-0:385 - /css/view.png at position 1 of 11 in additional filter chain; firing Filter: 'org.springframework.security.context.HttpSessionContextIntegrationFilter[ order=200; ]'
03:48:49,875 DEBUG FilterChainProxy,772032@qtp-16199287-0:385 - /css/view.png at position 1 of 11 in additional filter chain; firing Filter: 'org.springframework.security.context.HttpSessionContextIntegrationFilter[ order=200; ]'
03:48:49,859 DEBUG HttpSessionContextIntegrationFilter,31389272@qtp-16199287-4:286 - HttpSession returned null object for SPRING_SECURITY_CONTEXT
03:48:49,875 DEBUG HttpSessionContextIntegrationFilter,31389272@qtp-16199287-4:209 - New SecurityContext instance will be associated with SecurityContextHolder
03:48:49,875 DEBUG HttpSessionContextIntegrationFilter,31389272@qtp-16199287-4:209 - New SecurityContext instance will be associated with SecurityContextHolder
03:48:49,875 DEBUG FilterChainProxy,31389272@qtp-16199287-4:385 - /fckeditor/editor/fckeditor.html?InstanceName=text&Toolbar=MyToolbar at position 2 of 11 in additional filter chain; firing Filter: 'org.springframework.security.ui.logout.LogoutFilter[ order=300; ]'
03:48:49,875 DEBUG FilterChainProxy,31389272@qtp-16199287-4:385 - /fckeditor/editor/fckeditor.html?InstanceName=text&Toolbar=MyToolbar at position 2 of 11 in additional filter chain; firing Filter: 'org.springframework.security.ui.logout.LogoutFilter[ order=300; ]'
03:48:49,875 DEBUG FilterChainProxy,31389272@qtp-16199287-4:385 - /fckeditor/editor/fckeditor.html?InstanceName=text&Toolbar=MyToolbar at position 3 of 11 in additional filter chain; firing Filter: 'org.springframework.security.ui.webapp.AuthenticationProcessingFilter[ order=700; ]'
03:48:49,875 DEBUG FilterChainProxy,31389272@qtp-16199287-4:385 - /fckeditor/editor/fckeditor.html?InstanceName=text&Toolbar=MyToolbar at position 3 of 11 in additional filter chain; firing Filter: 'org.springframework.security.ui.webapp.AuthenticationProcessingFilter[ order=700; ]'
03:48:49,875 DEBUG FilterChainProxy,31389272@qtp-16199287-4:385 - /fckeditor/editor/fckeditor.html?InstanceName=text&Toolbar=MyToolbar at position 4 of 11 in additional filter chain; firing Filter: 'org.springframework.security.ui.webapp.DefaultLoginPageGeneratingFilter[ order=900; ]'
03:48:49,875 DEBUG FilterChainProxy,31389272@qtp-16199287-4:385 - /fckeditor/editor/fckeditor.html?InstanceName=text&Toolbar=MyToolbar at position 4 of 11 in additional filter chain; firing Filter: 'org.springframework.security.ui.webapp.DefaultLoginPageGeneratingFilter[ order=900; ]'
03:48:49,875 DEBUG FilterChainProxy,31389272@qtp-16199287-4:385 - /fckeditor/editor/fckeditor.html?InstanceName=text&Toolbar=MyToolbar at position 5 of 11 in additional filter chain; firing Filter: 'org.springframework.security.ui.basicauth.BasicProcessingFilter[ order=1000; ]'
03:48:49,875 DEBUG HttpSessionContextIntegrationFilter,772032@qtp-16199287-0:286 - HttpSession returned null object for SPRING_SECURITY_CONTEXT
03:48:49,875 DEBUG HttpSessionContextIntegrationFilter,772032@qtp-16199287-0:286 - HttpSession returned null object for SPRING_SECURITY_CONTEXT
03:48:49,875 DEBUG HttpSessionContextIntegrationFilter,772032@qtp-16199287-0:209 - New SecurityContext instance will be associated with SecurityContextHolder
03:48:49,875 DEBUG HttpSessionContextIntegrationFilter,772032@qtp-16199287-0:209 - New SecurityContext instance will be associated with SecurityContextHolder
03:48:49,875 DEBUG FilterChainProxy,772032@qtp-16199287-0:385 - /css/view.png at position 2 of 11 in additional filter chain; firing Filter: 'org.springframework.security.ui.logout.LogoutFilter[ order=300; ]'
03:48:49,875 DEBUG FilterChainProxy,772032@qtp-16199287-0:385 - /css/view.png at position 2 of 11 in additional filter chain; firing Filter: 'org.springframework.security.ui.logout.LogoutFilter[ order=300; ]'
03:48:49,875 DEBUG FilterChainProxy,31389272@qtp-16199287-4:385 - /fckeditor/editor/fckeditor.html?InstanceName=text&Toolbar=MyToolbar at position 5 of 11 in additional filter chain; firing Filter: 'org.springframework.security.ui.basicauth.BasicProcessingFilter[ order=1000; ]'
03:48:49,875 DEBUG FilterChainProxy,772032@qtp-16199287-0:385 - /css/view.png at position 3 of 11 in additional filter chain; firing Filter: 'org.springframework.security.ui.webapp.AuthenticationProcessingFilter[ order=700; ]'
03:48:49,953 DEBUG BasicProcessingFilter,31389272@qtp-16199287-4:115 - Authorization header: null
03:48:49,953 DEBUG BasicProcessingFilter,31389272@qtp-16199287-4:115 - Authorization header: null
03:48:49,875 DEBUG FilterChainProxy,772032@qtp-16199287-0:385 - /css/view.png at position 3 of 11 in additional filter chain; firing Filter: 'org.springframework.security.ui.webapp.AuthenticationProcessingFilter[ order=700; ]'
03:48:49,953 DEBUG FilterChainProxy,31389272@qtp-16199287-4:385 - /fckeditor/editor/fckeditor.html?InstanceName=text&Toolbar=MyToolbar at position 6 of 11 in additional filter chain; firing Filter: 'org.springframework.security.wrapper.SecurityContextHolderAwareRequestFilter[ order=1100; ]'
03:48:49,953 DEBUG FilterChainProxy,772032@qtp-16199287-0:385 - /css/view.png at position 4 of 11 in additional filter chain; firing Filter: 'org.springframework.security.ui.webapp.DefaultLoginPageGeneratingFilter[ order=900; ]'
03:48:49,953 DEBUG FilterChainProxy,772032@qtp-16199287-0:385 - /css/view.png at position 4 of 11 in additional filter chain; firing Filter: 'org.springframework.security.ui.webapp.DefaultLoginPageGeneratingFilter[ order=900; ]'
03:48:49,953 DEBUG FilterChainProxy,772032@qtp-16199287-0:385 - /css/view.png at position 5 of 11 in additional filter chain; firing Filter: 'org.springframework.security.ui.basicauth.BasicProcessingFilter[ order=1000; ]'
03:48:49,953 DEBUG FilterChainProxy,772032@qtp-16199287-0:385 - /css/view.png at position 5 of 11 in additional filter chain; firing Filter: 'org.springframework.security.ui.basicauth.BasicProcessingFilter[ order=1000; ]'
03:48:49,953 DEBUG BasicProcessingFilter,772032@qtp-16199287-0:115 - Authorization header: null
03:48:49,953 DEBUG BasicProcessingFilter,772032@qtp-16199287-0:115 - Authorization header: null
03:48:49,953 DEBUG FilterChainProxy,772032@qtp-16199287-0:385 - /css/view.png at position 6 of 11 in additional filter chain; firing Filter: 'org.springframework.security.wrapper.SecurityContextHolderAwareRequestFilter[ order=1100; ]'
03:48:49,953 DEBUG FilterChainProxy,31389272@qtp-16199287-4:385 - /fckeditor/editor/fckeditor.html?InstanceName=text&Toolbar=MyToolbar at position 6 of 11 in additional filter chain; firing Filter: 'org.springframework.security.wrapper.SecurityContextHolderAwareRequestFilter[ order=1100; ]'
03:48:49,968 DEBUG SavedRequestAwareWrapper,31389272@qtp-16199287-4:117 - Wrapper not replaced; SavedRequest was: null
03:48:49,953 DEBUG FilterChainProxy,772032@qtp-16199287-0:385 - /css/view.png at position 6 of 11 in additional filter chain; firing Filter: 'org.springframework.security.wrapper.SecurityContextHolderAwareRequestFilter[ order=1100; ]'
03:48:49,968 DEBUG SavedRequestAwareWrapper,772032@qtp-16199287-0:117 - Wrapper not replaced; SavedRequest was: null
03:48:49,968 DEBUG SavedRequestAwareWrapper,772032@qtp-16199287-0:117 - Wrapper not replaced; SavedRequest was: null
03:48:49,968 DEBUG FilterChainProxy,772032@qtp-16199287-0:385 - /css/view.png at position 7 of 11 in additional filter chain; firing Filter: 'org.springframework.security.ui.rememberme.RememberMeProcessingFilter[ order=1200; ]'
03:48:49,968 DEBUG SavedRequestAwareWrapper,31389272@qtp-16199287-4:117 - Wrapper not replaced; SavedRequest was: null
03:48:49,968 DEBUG FilterChainProxy,31389272@qtp-16199287-4:385 - /fckeditor/editor/fckeditor.html?InstanceName=text&Toolbar=MyToolbar at position 7 of 11 in additional filter chain; firing Filter: 'org.springframework.security.ui.rememberme.RememberMeProcessingFilter[ order=1200; ]'
03:48:49,968 DEBUG FilterChainProxy,31389272@qtp-16199287-4:385 - /fckeditor/editor/fckeditor.html?InstanceName=text&Toolbar=MyToolbar at position 7 of 11 in additional filter chain; firing Filter: 'org.springframework.security.ui.rememberme.RememberMeProcessingFilter[ order=1200; ]'
03:48:49,968 DEBUG FilterChainProxy,31389272@qtp-16199287-4:385 - /fckeditor/editor/fckeditor.html?InstanceName=text&Toolbar=MyToolbar at position 8 of 11 in additional filter chain; firing Filter: 'org.springframework.security.providers.anonymous.AnonymousProcessingFilter[ order=1300; ]'
03:48:49,968 DEBUG FilterChainProxy,31389272@qtp-16199287-4:385 - /fckeditor/editor/fckeditor.html?InstanceName=text&Toolbar=MyToolbar at position 8 of 11 in additional filter chain; firing Filter: 'org.springframework.security.providers.anonymous.AnonymousProcessingFilter[ order=1300; ]'
03:48:49,984 DEBUG AnonymousProcessingFilter,31389272@qtp-16199287-4:93 - Populated SecurityContextHolder with anonymous token: 'org.springframework.security.providers.anonymous.AnonymousAuthenticationToken@9613f615: Principal: roleAnonymous; Password: [PROTECTED]; Authenticated: true; Details: org.springframework.security.ui.WebAuthenticationDetails@ffff6a82: RemoteIpAddress: 127.0.0.1; SessionId: e23muqy3f2j5; Granted Authorities: ROLE_ANONYMOUS'
03:48:49,984 DEBUG AnonymousProcessingFilter,31389272@qtp-16199287-4:93 - Populated SecurityContextHolder with anonymous token: 'org.springframework.security.providers.anonymous.AnonymousAuthenticationToken@9613f615: Principal: roleAnonymous; Password: [PROTECTED]; Authenticated: true; Details: org.springframework.security.ui.WebAuthenticationDetails@ffff6a82: RemoteIpAddress: 127.0.0.1; SessionId: e23muqy3f2j5; Granted Authorities: ROLE_ANONYMOUS'
03:48:49,984 DEBUG FilterChainProxy,31389272@qtp-16199287-4:385 - /fckeditor/editor/fckeditor.html?InstanceName=text&Toolbar=MyToolbar at position 9 of 11 in additional filter chain; firing Filter: 'org.springframework.security.ui.ExceptionTranslationFilter[ order=1400; ]'
03:48:49,984 DEBUG FilterChainProxy,31389272@qtp-16199287-4:385 - /fckeditor/editor/fckeditor.html?InstanceName=text&Toolbar=MyToolbar at position 9 of 11 in additional filter chain; firing Filter: 'org.springframework.security.ui.ExceptionTranslationFilter[ order=1400; ]'
03:48:49,984 DEBUG FilterChainProxy,31389272@qtp-16199287-4:385 - /fckeditor/editor/fckeditor.html?InstanceName=text&Toolbar=MyToolbar at position 10 of 11 in additional filter chain; firing Filter: 'org.springframework.security.ui.SessionFixationProtectionFilter[ order=1600; ]'
03:48:49,968 DEBUG FilterChainProxy,772032@qtp-16199287-0:385 - /css/view.png at position 7 of 11 in additional filter chain; firing Filter: 'org.springframework.security.ui.rememberme.RememberMeProcessingFilter[ order=1200; ]'
03:48:49,984 DEBUG FilterChainProxy,772032@qtp-16199287-0:385 - /css/view.png at position 8 of 11 in additional filter chain; firing Filter: 'org.springframework.security.providers.anonymous.AnonymousProcessingFilter[ order=1300; ]'
03:48:49,984 DEBUG FilterChainProxy,31389272@qtp-16199287-4:385 - /fckeditor/editor/fckeditor.html?InstanceName=text&Toolbar=MyToolbar at position 10 of 11 in additional filter chain; firing Filter: 'org.springframework.security.ui.SessionFixationProtectionFilter[ order=1600; ]'
03:48:49,984 DEBUG FilterChainProxy,31389272@qtp-16199287-4:385 - /fckeditor/editor/fckeditor.html?InstanceName=text&Toolbar=MyToolbar at position 11 of 11 in additional filter chain; firing Filter: 'org.springframework.security.intercept.web.FilterSecurityInterceptor@1d2162c'
03:48:49,984 DEBUG FilterChainProxy,772032@qtp-16199287-0:385 - /css/view.png at position 8 of 11 in additional filter chain; firing Filter: 'org.springframework.security.providers.anonymous.AnonymousProcessingFilter[ order=1300; ]'
03:48:49,984 DEBUG FilterChainProxy,31389272@qtp-16199287-4:385 - /fckeditor/editor/fckeditor.html?InstanceName=text&Toolbar=MyToolbar at position 11 of 11 in additional filter chain; firing Filter: 'org.springframework.security.intercept.web.FilterSecurityInterceptor@1d2162c'
03:48:49,984 DEBUG DefaultFilterInvocationDefinitionSource,31389272@qtp-16199287-4:196 - Converted URL to lowercase, from: '/fckeditor/editor/fckeditor.html'; to: '/fckeditor/editor/fckeditor.html'
03:48:49,984 DEBUG DefaultFilterInvocationDefinitionSource,31389272@qtp-16199287-4:196 - Converted URL to lowercase, from: '/fckeditor/editor/fckeditor.html'; to: '/fckeditor/editor/fckeditor.html'
03:48:49,984 DEBUG DefaultFilterInvocationDefinitionSource,31389272@qtp-16199287-4:224 - Candidate is: '/fckeditor/editor/fckeditor.html'; pattern is /blog.x; matched=false
03:48:49,984 DEBUG DefaultFilterInvocationDefinitionSource,31389272@qtp-16199287-4:224 - Candidate is: '/fckeditor/editor/fckeditor.html'; pattern is /blog.x; matched=false
03:48:49,984 DEBUG DefaultFilterInvocationDefinitionSource,31389272@qtp-16199287-4:224 - Candidate is: '/fckeditor/editor/fckeditor.html'; pattern is /services/videoservice?wsdl; matched=false
03:48:49,984 DEBUG DefaultFilterInvocationDefinitionSource,31389272@qtp-16199287-4:224 - Candidate is: '/fckeditor/editor/fckeditor.html'; pattern is /services/videoservice?wsdl; matched=false
03:48:50,125 DEBUG DefaultFilterInvocationDefinitionSource,31389272@qtp-16199287-4:224 - Candidate is: '/fckeditor/editor/fckeditor.html'; pattern is /services/*; matched=false
03:48:50,125 DEBUG DefaultFilterInvocationDefinitionSource,31389272@qtp-16199287-4:224 - Candidate is: '/fckeditor/editor/fckeditor.html'; pattern is /services/*; matched=false
03:48:50,125 DEBUG DefaultFilterInvocationDefinitionSource,31389272@qtp-16199287-4:224 - Candidate is: '/fckeditor/editor/fckeditor.html'; pattern is /addblog.x; matched=false
03:48:49,984 DEBUG AnonymousProcessingFilter,772032@qtp-16199287-0:93 - Populated SecurityContextHolder with anonymous token: 'org.springframework.security.providers.anonymous.AnonymousAuthenticationToken@9613f615: Principal: roleAnonymous; Password: [PROTECTED]; Authenticated: true; Details: org.springframework.security.ui.WebAuthenticationDetails@ffff6a82: RemoteIpAddress: 127.0.0.1; SessionId: e23muqy3f2j5; Granted Authorities: ROLE_ANONYMOUS'
03:48:49,984 DEBUG AnonymousProcessingFilter,772032@qtp-16199287-0:93 - Populated SecurityContextHolder with anonymous token: 'org.springframework.security.providers.anonymous.AnonymousAuthenticationToken@9613f615: Principal: roleAnonymous; Password: [PROTECTED]; Authenticated: true; Details: org.springframework.security.ui.WebAuthenticationDetails@ffff6a82: RemoteIpAddress: 127.0.0.1; SessionId: e23muqy3f2j5; Granted Authorities: ROLE_ANONYMOUS'
03:48:50,125 DEBUG FilterChainProxy,772032@qtp-16199287-0:385 - /css/view.png at position 9 of 11 in additional filter chain; firing Filter: 'org.springframework.security.ui.ExceptionTranslationFilter[ order=1400; ]'
03:48:50,125 DEBUG FilterChainProxy,772032@qtp-16199287-0:385 - /css/view.png at position 9 of 11 in additional filter chain; firing Filter: 'org.springframework.security.ui.ExceptionTranslationFilter[ order=1400; ]'
03:48:50,125 DEBUG FilterChainProxy,772032@qtp-16199287-0:385 - /css/view.png at position 10 of 11 in additional filter chain; firing Filter: 'org.springframework.security.ui.SessionFixationProtectionFilter[ order=1600; ]'
03:48:50,125 DEBUG DefaultFilterInvocationDefinitionSource,31389272@qtp-16199287-4:224 - Candidate is: '/fckeditor/editor/fckeditor.html'; pattern is /addblog.x; matched=false
03:48:50,125 DEBUG AbstractSecurityInterceptor,31389272@qtp-16199287-4:241 - Public object - authentication not attempted
03:48:50,125 DEBUG AbstractSecurityInterceptor,31389272@qtp-16199287-4:241 - Public object - authentication not attempted
03:48:50,125 DEBUG FilterChainProxy,31389272@qtp-16199287-4:374 - /fckeditor/editor/fckeditor.html?InstanceName=text&Toolbar=MyToolbar reached end of additional filter chain; proceeding with original chain
03:48:50,125 DEBUG FilterChainProxy,772032@qtp-16199287-0:385 - /css/view.png at position 10 of 11 in additional filter chain; firing Filter: 'org.springframework.security.ui.SessionFixationProtectionFilter[ order=1600; ]'
03:48:50,125 DEBUG FilterChainProxy,772032@qtp-16199287-0:385 - /css/view.png at position 11 of 11 in additional filter chain; firing Filter: 'org.springframework.security.intercept.web.FilterSecurityInterceptor@1d2162c'
03:48:50,125 DEBUG FilterChainProxy,772032@qtp-16199287-0:385 - /css/view.png at position 11 of 11 in additional filter chain; firing Filter: 'org.springframework.security.intercept.web.FilterSecurityInterceptor@1d2162c'
03:48:50,125 DEBUG DefaultFilterInvocationDefinitionSource,772032@qtp-16199287-0:196 - Converted URL to lowercase, from: '/css/view.png'; to: '/css/view.png'
03:48:50,125 DEBUG DefaultFilterInvocationDefinitionSource,772032@qtp-16199287-0:196 - Converted URL to lowercase, from: '/css/view.png'; to: '/css/view.png'
03:48:50,125 DEBUG DefaultFilterInvocationDefinitionSource,772032@qtp-16199287-0:224 - Candidate is: '/css/view.png'; pattern is /blog.x; matched=false
03:48:50,125 DEBUG DefaultFilterInvocationDefinitionSource,772032@qtp-16199287-0:224 - Candidate is: '/css/view.png'; pattern is /blog.x; matched=false
03:48:50,125 DEBUG DefaultFilterInvocationDefinitionSource,772032@qtp-16199287-0:224 - Candidate is: '/css/view.png'; pattern is /services/videoservice?wsdl; matched=false
03:48:50,125 DEBUG DefaultFilterInvocationDefinitionSource,772032@qtp-16199287-0:224 - Candidate is: '/css/view.png'; pattern is /services/videoservice?wsdl; matched=false
03:48:50,125 DEBUG DefaultFilterInvocationDefinitionSource,772032@qtp-16199287-0:224 - Candidate is: '/css/view.png'; pattern is /services/*; matched=false
03:48:50,125 DEBUG DefaultFilterInvocationDefinitionSource,772032@qtp-16199287-0:224 - Candidate is: '/css/view.png'; pattern is /services/*; matched=false
03:48:50,125 DEBUG DefaultFilterInvocationDefinitionSource,772032@qtp-16199287-0:224 - Candidate is: '/css/view.png'; pattern is /addblog.x; matched=false
03:48:50,125 DEBUG DefaultFilterInvocationDefinitionSource,772032@qtp-16199287-0:224 - Candidate is: '/css/view.png'; pattern is /addblog.x; matched=false
03:48:50,125 DEBUG AbstractSecurityInterceptor,772032@qtp-16199287-0:241 - Public object - authentication not attempted
03:48:50,125 DEBUG AbstractSecurityInterceptor,772032@qtp-16199287-0:241 - Public object - authentication not attempted
03:48:50,125 DEBUG FilterChainProxy,772032@qtp-16199287-0:374 - /css/view.png reached end of additional filter chain; proceeding with original chain
03:48:50,125 DEBUG FilterChainProxy,31389272@qtp-16199287-4:374 - /fckeditor/editor/fckeditor.html?InstanceName=text&Toolbar=MyToolbar reached end of additional filter chain; proceeding with original chain
03:48:50,125 DEBUG FilterChainProxy,772032@qtp-16199287-0:374 - /css/view.png reached end of additional filter chain; proceeding with original chain
03:48:50,140 DEBUG ExceptionTranslationFilter,772032@qtp-16199287-0:104 - Chain processed normally
03:48:50,140 DEBUG ExceptionTranslationFilter,772032@qtp-16199287-0:104 - Chain processed normally
03:48:50,140 DEBUG HttpSessionContextIntegrationFilter,772032@qtp-16199287-0:255 - SecurityContextHolder now cleared, as request processing completed
03:48:50,140 DEBUG HttpSessionContextIntegrationFilter,772032@qtp-16199287-0:255 - SecurityContextHolder now cleared, as request processing completed
03:48:50,156 DEBUG ExceptionTranslationFilter,31389272@qtp-16199287-4:104 - Chain processed normally
03:48:50,156 DEBUG ExceptionTranslationFilter,31389272@qtp-16199287-4:104 - Chain processed normally
03:48:50,656 DEBUG HttpSessionContextIntegrationFilter,31389272@qtp-16199287-4:255 - SecurityContextHolder now cleared, as request processing completed
03:48:50,656 DEBUG HttpSessionContextIntegrationFilter,31389272@qtp-16199287-4:255 - SecurityContextHolder now cleared, as request processing completed
03:48:55,937 DEBUG FilterChainProxy,31389272@qtp-16199287-4:205 - Converted URL to lowercase, from: '/j_spring_security_check'; to: '/j_spring_security_check'
03:48:55,937 DEBUG FilterChainProxy,31389272@qtp-16199287-4:205 - Converted URL to lowercase, from: '/j_spring_security_check'; to: '/j_spring_security_check'
03:48:55,937 DEBUG FilterChainProxy,31389272@qtp-16199287-4:212 - Candidate is: '/j_spring_security_check'; pattern is /login.jsp*; matched=false
03:48:55,937 DEBUG FilterChainProxy,31389272@qtp-16199287-4:212 - Candidate is: '/j_spring_security_check'; pattern is /login.jsp*; matched=false
03:48:55,937 DEBUG FilterChainProxy,31389272@qtp-16199287-4:205 - Converted URL to lowercase, from: '/j_spring_security_check'; to: '/j_spring_security_check'
03:48:55,937 DEBUG FilterChainProxy,31389272@qtp-16199287-4:205 - Converted URL to lowercase, from: '/j_spring_security_check'; to: '/j_spring_security_check'
03:48:56,015 DEBUG FilterChainProxy,31389272@qtp-16199287-4:212 - Candidate is: '/j_spring_security_check'; pattern is /**; matched=true
03:48:56,015 DEBUG FilterChainProxy,31389272@qtp-16199287-4:212 - Candidate is: '/j_spring_security_check'; pattern is /**; matched=true
03:48:56,046 DEBUG FilterChainProxy,31389272@qtp-16199287-4:385 - /j_spring_security_check?j_username=abogoley&j_password=bogoliy at position 1 of 11 in additional filter chain; firing Filter: 'org.springframework.security.context.HttpSessionContextIntegrationFilter[ order=200; ]'
03:48:56,046 DEBUG FilterChainProxy,31389272@qtp-16199287-4:385 - /j_spring_security_check?j_username=abogoley&j_password=bogoliy at position 1 of 11 in additional filter chain; firing Filter: 'org.springframework.security.context.HttpSessionContextIntegrationFilter[ order=200; ]'
03:48:56,046 DEBUG HttpSessionContextIntegrationFilter,31389272@qtp-16199287-4:286 - HttpSession returned null object for SPRING_SECURITY_CONTEXT
03:48:56,046 DEBUG HttpSessionContextIntegrationFilter,31389272@qtp-16199287-4:286 - HttpSession returned null object for SPRING_SECURITY_CONTEXT
03:48:56,062 DEBUG HttpSessionContextIntegrationFilter,31389272@qtp-16199287-4:209 - New SecurityContext instance will be associated with SecurityContextHolder
03:48:56,062 DEBUG HttpSessionContextIntegrationFilter,31389272@qtp-16199287-4:209 - New SecurityContext instance will be associated with SecurityContextHolder
03:48:56,062 DEBUG FilterChainProxy,31389272@qtp-16199287-4:385 - /j_spring_security_check?j_username=abogoley&j_password=bogoliy at position 2 of 11 in additional filter chain; firing Filter: 'org.springframework.security.ui.logout.LogoutFilter[ order=300; ]'
03:48:56,062 DEBUG FilterChainProxy,31389272@qtp-16199287-4:385 - /j_spring_security_check?j_username=abogoley&j_password=bogoliy at position 2 of 11 in additional filter chain; firing Filter: 'org.springframework.security.ui.logout.LogoutFilter[ order=300; ]'
03:48:56,062 DEBUG FilterChainProxy,31389272@qtp-16199287-4:385 - /j_spring_security_check?j_username=abogoley&j_password=bogoliy at position 3 of 11 in additional filter chain; firing Filter: 'org.springframework.security.ui.webapp.AuthenticationProcessingFilter[ order=700; ]'
03:48:56,062 DEBUG FilterChainProxy,31389272@qtp-16199287-4:385 - /j_spring_security_check?j_username=abogoley&j_password=bogoliy at position 3 of 11 in additional filter chain; firing Filter: 'org.springframework.security.ui.webapp.AuthenticationProcessingFilter[ order=700; ]'
03:48:56,062 DEBUG AuthenticationProcessingFilter,31389272@qtp-16199287-4:251 - Request is to process authentication
03:48:56,062 DEBUG AuthenticationProcessingFilter,31389272@qtp-16199287-4:251 - Request is to process authentication
03:48:56,078 DEBUG ProviderManager,31389272@qtp-16199287-4:183 - Authentication attempt using org.springframework.security.providers.ldap.LdapAuthenticationProvider
03:48:56,078 DEBUG ProviderManager,31389272@qtp-16199287-4:183 - Authentication attempt using org.springframework.security.providers.ldap.LdapAuthenticationProvider
03:48:56,078 DEBUG FilterBasedLdapUserSearch,31389272@qtp-16199287-4:109 - Searching for user 'abogoley', with user search [ searchFilter: '(cn={0})', searchBase: '', scope: subtree, searchTimeLimit: 0, derefLinkFlag: false ]
03:48:56,078 DEBUG FilterBasedLdapUserSearch,31389272@qtp-16199287-4:109 - Searching for user 'abogoley', with user search [ searchFilter: '(cn={0})', searchBase: '', scope: subtree, searchTimeLimit: 0, derefLinkFlag: false ]
03:48:56,250 DEBUG DefaultSpringSecurityContextSource,31389272@qtp-16199287-4:76 - Creating context with principal: 'cn=abogoley,ou=employees,o=cybervisiontech'
03:48:56,250 DEBUG DefaultSpringSecurityContextSource,31389272@qtp-16199287-4:76 - Creating context with principal: 'cn=abogoley,ou=employees,o=cybervisiontech'
03:48:56,421 DEBUG DefaultLdapAuthoritiesPopulator,31389272@qtp-16199287-4:176 - Getting authorities for user cn=abogoley,ou=employees,o=cybervisiontech
03:48:56,421 DEBUG DefaultLdapAuthoritiesPopulator,31389272@qtp-16199287-4:176 - Getting authorities for user cn=abogoley,ou=employees,o=cybervisiontech
03:48:56,421 DEBUG DefaultLdapAuthoritiesPopulator,31389272@qtp-16199287-4:202 - Searching for roles for user 'abogoley', DN = 'cn=abogoley,ou=employees,o=cybervisiontech', with filter (uniqueMember={0}) in search base 'ou=groups'
03:48:56,421 DEBUG DefaultLdapAuthoritiesPopulator,31389272@qtp-16199287-4:202 - Searching for roles for user 'abogoley', DN = 'cn=abogoley,ou=employees,o=cybervisiontech', with filter (uniqueMember={0}) in search base 'ou=groups'
03:48:56,437 DEBUG SpringSecurityLdapTemplate,31389272@qtp-16199287-4:148 - Using filter: (uniqueMember=cn=abogoley,ou=employees,o=cybervisiontech)
03:48:56,437 DEBUG SpringSecurityLdapTemplate,31389272@qtp-16199287-4:148 - Using filter: (uniqueMember=cn=abogoley,ou=employees,o=cybervisiontech)
03:48:56,796 DEBUG DefaultLdapAuthoritiesPopulator,31389272@qtp-16199287-4:210 - Roles from search: [ROLE_USER]
03:48:56,796 DEBUG DefaultLdapAuthoritiesPopulator,31389272@qtp-16199287-4:210 - Roles from search: [ROLE_USER]
03:48:56,796 DEBUG LdapUserDetailsMapper,31389272@qtp-16199287-4:50 - Mapping user details from context with DN: cn=abogoley,ou=employees,o=cybervisiontech
03:48:56,796 DEBUG LdapUserDetailsMapper,31389272@qtp-16199287-4:50 - Mapping user details from context with DN: cn=abogoley,ou=employees,o=cybervisiontech
03:48:56,812 DEBUG AuthenticationProcessingFilter,31389272@qtp-16199287-4:357 - Authentication success: org.springframework.security.providers.UsernamePasswordAuthenticationToken@c2a0fed7: Principal: org.springframework.security.userdetails.ldap.LdapUserDetailsImpl@132967d: Username: abogoley; Password: [PROTECTED]; Enabled: true; AccountNonExpired: true; credentialsNonExpired: true; AccountNonLocked: true; Granted Authorities: ROLE_ROLE_USER; Password: [PROTECTED]; Authenticated: true; Details: org.springframework.security.ui.WebAuthenticationDetails@ffff6a82: RemoteIpAddress: 127.0.0.1; SessionId: e23muqy3f2j5; Granted Authorities: ROLE_ROLE_USER
03:48:56,812 DEBUG AuthenticationProcessingFilter,31389272@qtp-16199287-4:357 - Authentication success: org.springframework.security.providers.UsernamePasswordAuthenticationToken@c2a0fed7: Principal: org.springframework.security.userdetails.ldap.LdapUserDetailsImpl@132967d: Username: abogoley; Password: [PROTECTED]; Enabled: true; AccountNonExpired: true; credentialsNonExpired: true; AccountNonLocked: true; Granted Authorities: ROLE_ROLE_USER; Password: [PROTECTED]; Authenticated: true; Details: org.springframework.security.ui.WebAuthenticationDetails@ffff6a82: RemoteIpAddress: 127.0.0.1; SessionId: e23muqy3f2j5; Granted Authorities: ROLE_ROLE_USER
03:48:56,812 DEBUG AuthenticationProcessingFilter,31389272@qtp-16199287-4:363 - Updated SecurityContextHolder to contain the following Authentication: 'org.springframework.security.providers.UsernamePasswordAuthenticationToken@c2a0fed7: Principal: org.springframework.security.userdetails.ldap.LdapUserDetailsImpl@132967d: Username: abogoley; Password: [PROTECTED]; Enabled: true; AccountNonExpired: true; credentialsNonExpired: true; AccountNonLocked: true; Granted Authorities: ROLE_ROLE_USER; Password: [PROTECTED]; Authenticated: true; Details: org.springframework.security.ui.WebAuthenticationDetails@ffff6a82: RemoteIpAddress: 127.0.0.1; SessionId: e23muqy3f2j5; Granted Authorities: ROLE_ROLE_USER'
03:48:56,812 DEBUG AuthenticationProcessingFilter,31389272@qtp-16199287-4:363 - Updated SecurityContextHolder to contain the following Authentication: 'org.springframework.security.providers.UsernamePasswordAuthenticationToken@c2a0fed7: Principal: org.springframework.security.userdetails.ldap.LdapUserDetailsImpl@132967d: Username: abogoley; Password: [PROTECTED]; Enabled: true; AccountNonExpired: true; credentialsNonExpired: true; AccountNonLocked: true; Granted Authorities: ROLE_ROLE_USER; Password: [PROTECTED]; Authenticated: true; Details: org.springframework.security.ui.WebAuthenticationDetails@ffff6a82: RemoteIpAddress: 127.0.0.1; SessionId: e23muqy3f2j5; Granted Authorities: ROLE_ROLE_USER'
03:48:56,828 DEBUG SessionUtils,31389272@qtp-16199287-4:39 - Invalidating session with Id 'e23muqy3f2j5' and migrating attributes.
03:48:56,828 DEBUG SessionUtils,31389272@qtp-16199287-4:39 - Invalidating session with Id 'e23muqy3f2j5' and migrating attributes.
03:48:56,828 DEBUG SessionUtils,31389272@qtp-16199287-4:59 - Started new session: hkwii160gwks
03:48:56,828 DEBUG SessionUtils,31389272@qtp-16199287-4:59 - Started new session: hkwii160gwks
03:48:56,828 DEBUG AuthenticationProcessingFilter,31389272@qtp-16199287-4:373 - Redirecting to target URL from HTTP Session (or default): /blog.x
03:48:56,828 DEBUG AuthenticationProcessingFilter,31389272@qtp-16199287-4:373 - Redirecting to target URL from HTTP Session (or default): /blog.x
03:48:56,828 DEBUG TokenBasedRememberMeServices,31389272@qtp-16199287-4:244 - Did not send remember-me cookie (principal did not set parameter '_spring_security_remember_me')
03:48:56,828 DEBUG TokenBasedRememberMeServices,31389272@qtp-16199287-4:244 - Did not send remember-me cookie (principal did not set parameter '_spring_security_remember_me')
03:48:56,828 DEBUG TokenBasedRememberMeServices,31389272@qtp-16199287-4:202 - Remember-me login not requested.
03:48:56,828 DEBUG TokenBasedRememberMeServices,31389272@qtp-16199287-4:202 - Remember-me login not requested.
03:48:56,828 DEBUG HttpSessionContextIntegrationFilter,31389272@qtp-16199287-4:395 - SecurityContext stored to HttpSession: 'org.springframework.security.context.SecurityContextImpl@c2a0fed7: Authentication: org.springframework.security.providers.UsernamePasswordAuthenticationToken@c2a0fed7: Principal: org.springframework.security.userdetails.ldap.LdapUserDetailsImpl@132967d: Username: abogoley; Password: [PROTECTED]; Enabled: true; AccountNonExpired: true; credentialsNonExpired: true; AccountNonLocked: true; Granted Authorities: ROLE_ROLE_USER; Password: [PROTECTED]; Authenticated: true; Details: org.springframework.security.ui.WebAuthenticationDetails@ffff6a82: RemoteIpAddress: 127.0.0.1; SessionId: e23muqy3f2j5; Granted Authorities: ROLE_ROLE_USER'
03:48:56,828 DEBUG HttpSessionContextIntegrationFilter,31389272@qtp-16199287-4:395 - SecurityContext stored to HttpSession: 'org.springframework.security.context.SecurityContextImpl@c2a0fed7: Authentication: org.springframework.security.providers.UsernamePasswordAuthenticationToken@c2a0fed7: Principal: org.springframework.security.userdetails.ldap.LdapUserDetailsImpl@132967d: Username: abogoley; Password: [PROTECTED]; Enabled: true; AccountNonExpired: true; credentialsNonExpired: true; AccountNonLocked: true; Granted Authorities: ROLE_ROLE_USER; Password: [PROTECTED]; Authenticated: true; Details: org.springframework.security.ui.WebAuthenticationDetails@ffff6a82: RemoteIpAddress: 127.0.0.1; SessionId: e23muqy3f2j5; Granted Authorities: ROLE_ROLE_USER'
03:48:56,843 DEBUG HttpSessionContextIntegrationFilter,31389272@qtp-16199287-4:255 - SecurityContextHolder now cleared, as request processing completed
03:48:56,843 DEBUG HttpSessionContextIntegrationFilter,31389272@qtp-16199287-4:255 - SecurityContextHolder now cleared, as request processing completed
03:48:56,843 DEBUG FilterChainProxy,772032@qtp-16199287-0:205 - Converted URL to lowercase, from: '/blog.x'; to: '/blog.x'
03:48:56,843 DEBUG FilterChainProxy,772032@qtp-16199287-0:205 - Converted URL to lowercase, from: '/blog.x'; to: '/blog.x'
03:48:56,843 DEBUG FilterChainProxy,772032@qtp-16199287-0:212 - Candidate is: '/blog.x'; pattern is /login.jsp*; matched=false
03:48:56,843 DEBUG FilterChainProxy,772032@qtp-16199287-0:212 - Candidate is: '/blog.x'; pattern is /login.jsp*; matched=false
03:48:56,843 DEBUG FilterChainProxy,772032@qtp-16199287-0:205 - Converted URL to lowercase, from: '/blog.x'; to: '/blog.x'
03:48:56,843 DEBUG FilterChainProxy,772032@qtp-16199287-0:205 - Converted URL to lowercase, from: '/blog.x'; to: '/blog.x'
03:48:56,843 DEBUG FilterChainProxy,772032@qtp-16199287-0:212 - Candidate is: '/blog.x'; pattern is /**; matched=true
03:48:56,843 DEBUG FilterChainProxy,772032@qtp-16199287-0:212 - Candidate is: '/blog.x'; pattern is /**; matched=true
03:48:56,843 DEBUG FilterChainProxy,772032@qtp-16199287-0:385 - /blog.x at position 1 of 11 in additional filter chain; firing Filter: 'org.springframework.security.context.HttpSessionContextIntegrationFilter[ order=200; ]'
03:48:56,843 DEBUG FilterChainProxy,772032@qtp-16199287-0:385 - /blog.x at position 1 of 11 in additional filter chain; firing Filter: 'org.springframework.security.context.HttpSessionContextIntegrationFilter[ order=200; ]'
03:48:56,843 DEBUG HttpSessionContextIntegrationFilter,772032@qtp-16199287-0:213 - Obtained a valid SecurityContext from SPRING_SECURITY_CONTEXT to associate with SecurityContextHolder: 'org.springframework.security.context.SecurityContextImpl@c2a0fed7: Authentication: org.springframework.security.providers.UsernamePasswordAuthenticationToken@c2a0fed7: Principal: org.springframework.security.userdetails.ldap.LdapUserDetailsImpl@132967d: Username: abogoley; Password: [PROTECTED]; Enabled: true; AccountNonExpired: true; credentialsNonExpired: true; AccountNonLocked: true; Granted Authorities: ROLE_ROLE_USER; Password: [PROTECTED]; Authenticated: true; Details: org.springframework.security.ui.WebAuthenticationDetails@ffff6a82: RemoteIpAddress: 127.0.0.1; SessionId: e23muqy3f2j5; Granted Authorities: ROLE_ROLE_USER'
03:48:56,843 DEBUG HttpSessionContextIntegrationFilter,772032@qtp-16199287-0:213 - Obtained a valid SecurityContext from SPRING_SECURITY_CONTEXT to associate with SecurityContextHolder: 'org.springframework.security.context.SecurityContextImpl@c2a0fed7: Authentication: org.springframework.security.providers.UsernamePasswordAuthenticationToken@c2a0fed7: Principal: org.springframework.security.userdetails.ldap.LdapUserDetailsImpl@132967d: Username: abogoley; Password: [PROTECTED]; Enabled: true; AccountNonExpired: true; credentialsNonExpired: true; AccountNonLocked: true; Granted Authorities: ROLE_ROLE_USER; Password: [PROTECTED]; Authenticated: true; Details: org.springframework.security.ui.WebAuthenticationDetails@ffff6a82: RemoteIpAddress: 127.0.0.1; SessionId: e23muqy3f2j5; Granted Authorities: ROLE_ROLE_USER'
03:48:56,859 DEBUG FilterChainProxy,772032@qtp-16199287-0:385 - /blog.x at position 2 of 11 in additional filter chain; firing Filter: 'org.springframework.security.ui.logout.LogoutFilter[ order=300; ]'
03:48:56,859 DEBUG FilterChainProxy,772032@qtp-16199287-0:385 - /blog.x at position 2 of 11 in additional filter chain; firing Filter: 'org.springframework.security.ui.logout.LogoutFilter[ order=300; ]'
03:48:56,859 DEBUG FilterChainProxy,772032@qtp-16199287-0:385 - /blog.x at position 3 of 11 in additional filter chain; firing Filter: 'org.springframework.security.ui.webapp.AuthenticationProcessingFilter[ order=700; ]'
03:48:56,859 DEBUG FilterChainProxy,772032@qtp-16199287-0:385 - /blog.x at position 3 of 11 in additional filter chain; firing Filter: 'org.springframework.security.ui.webapp.AuthenticationProcessingFilter[ order=700; ]'
03:48:56,859 DEBUG FilterChainProxy,772032@qtp-16199287-0:385 - /blog.x at position 4 of 11 in additional filter chain; firing Filter: 'org.springframework.security.ui.webapp.DefaultLoginPageGeneratingFilter[ order=900; ]'
03:48:56,859 DEBUG FilterChainProxy,772032@qtp-16199287-0:385 - /blog.x at position 4 of 11 in additional filter chain; firing Filter: 'org.springframework.security.ui.webapp.DefaultLoginPageGeneratingFilter[ order=900; ]'
03:48:56,859 DEBUG FilterChainProxy,772032@qtp-16199287-0:385 - /blog.x at position 5 of 11 in additional filter chain; firing Filter: 'org.springframework.security.ui.basicauth.BasicProcessingFilter[ order=1000; ]'
03:48:56,859 DEBUG FilterChainProxy,772032@qtp-16199287-0:385 - /blog.x at position 5 of 11 in additional filter chain; firing Filter: 'org.springframework.security.ui.basicauth.BasicProcessingFilter[ order=1000; ]'
03:48:56,859 DEBUG BasicProcessingFilter,772032@qtp-16199287-0:115 - Authorization header: null
03:48:56,859 DEBUG BasicProcessingFilter,772032@qtp-16199287-0:115 - Authorization header: null
03:48:56,875 DEBUG FilterChainProxy,772032@qtp-16199287-0:385 - /blog.x at position 6 of 11 in additional filter chain; firing Filter: 'org.springframework.security.wrapper.SecurityContextHolderAwareRequestFilter[ order=1100; ]'
03:48:56,875 DEBUG FilterChainProxy,772032@qtp-16199287-0:385 - /blog.x at position 6 of 11 in additional filter chain; firing Filter: 'org.springframework.security.wrapper.SecurityContextHolderAwareRequestFilter[ order=1100; ]'
03:48:56,875 DEBUG SavedRequestAwareWrapper,772032@qtp-16199287-0:117 - Wrapper not replaced; SavedRequest was: null
03:48:56,875 DEBUG SavedRequestAwareWrapper,772032@qtp-16199287-0:117 - Wrapper not replaced; SavedRequest was: null
03:48:56,875 DEBUG FilterChainProxy,772032@qtp-16199287-0:385 - /blog.x at position 7 of 11 in additional filter chain; firing Filter: 'org.springframework.security.ui.rememberme.RememberMeProcessingFilter[ order=1200; ]'
03:48:56,875 DEBUG FilterChainProxy,772032@qtp-16199287-0:385 - /blog.x at position 7 of 11 in additional filter chain; firing Filter: 'org.springframework.security.ui.rememberme.RememberMeProcessingFilter[ order=1200; ]'
03:48:56,875 DEBUG RememberMeProcessingFilter,772032@qtp-16199287-0:112 - SecurityContextHolder not populated with remember-me token, as it already contained: 'org.springframework.security.providers.UsernamePasswordAuthenticationToken@c2a0fed7: Principal: org.springframework.security.userdetails.ldap.LdapUserDetailsImpl@132967d: Username: abogoley; Password: [PROTECTED]; Enabled: true; AccountNonExpired: true; credentialsNonExpired: true; AccountNonLocked: true; Granted Authorities: ROLE_ROLE_USER; Password: [PROTECTED]; Authenticated: true; Details: org.springframework.security.ui.WebAuthenticationDetails@ffff6a82: RemoteIpAddress: 127.0.0.1; SessionId: e23muqy3f2j5; Granted Authorities: ROLE_ROLE_USER'
03:48:56,875 DEBUG RememberMeProcessingFilter,772032@qtp-16199287-0:112 - SecurityContextHolder not populated with remember-me token, as it already contained: 'org.springframework.security.providers.UsernamePasswordAuthenticationToken@c2a0fed7: Principal: org.springframework.security.userdetails.ldap.LdapUserDetailsImpl@132967d: Username: abogoley; Password: [PROTECTED]; Enabled: true; AccountNonExpired: true; credentialsNonExpired: true; AccountNonLocked: true; Granted Authorities: ROLE_ROLE_USER; Password: [PROTECTED]; Authenticated: true; Details: org.springframework.security.ui.WebAuthenticationDetails@ffff6a82: RemoteIpAddress: 127.0.0.1; SessionId: e23muqy3f2j5; Granted Authorities: ROLE_ROLE_USER'
03:48:56,875 DEBUG FilterChainProxy,772032@qtp-16199287-0:385 - /blog.x at position 8 of 11 in additional filter chain; firing Filter: 'org.springframework.security.providers.anonymous.AnonymousProcessingFilter[ order=1300; ]'
03:48:56,875 DEBUG FilterChainProxy,772032@qtp-16199287-0:385 - /blog.x at position 8 of 11 in additional filter chain; firing Filter: 'org.springframework.security.providers.anonymous.AnonymousProcessingFilter[ order=1300; ]'
03:48:56,875 DEBUG AnonymousProcessingFilter,772032@qtp-16199287-0:98 - SecurityContextHolder not populated with anonymous token, as it already contained: 'org.springframework.security.providers.UsernamePasswordAuthenticationToken@c2a0fed7: Principal: org.springframework.security.userdetails.ldap.LdapUserDetailsImpl@132967d: Username: abogoley; Password: [PROTECTED]; Enabled: true; AccountNonExpired: true; credentialsNonExpired: true; AccountNonLocked: true; Granted Authorities: ROLE_ROLE_USER; Password: [PROTECTED]; Authenticated: true; Details: org.springframework.security.ui.WebAuthenticationDetails@ffff6a82: RemoteIpAddress: 127.0.0.1; SessionId: e23muqy3f2j5; Granted Authorities: ROLE_ROLE_USER'
03:48:56,875 DEBUG AnonymousProcessingFilter,772032@qtp-16199287-0:98 - SecurityContextHolder not populated with anonymous token, as it already contained: 'org.springframework.security.providers.UsernamePasswordAuthenticationToken@c2a0fed7: Principal: org.springframework.security.userdetails.ldap.LdapUserDetailsImpl@132967d: Username: abogoley; Password: [PROTECTED]; Enabled: true; AccountNonExpired: true; credentialsNonExpired: true; AccountNonLocked: true; Granted Authorities: ROLE_ROLE_USER; Password: [PROTECTED]; Authenticated: true; Details: org.springframework.security.ui.WebAuthenticationDetails@ffff6a82: RemoteIpAddress: 127.0.0.1; SessionId: e23muqy3f2j5; Granted Authorities: ROLE_ROLE_USER'
03:48:56,875 DEBUG FilterChainProxy,772032@qtp-16199287-0:385 - /blog.x at position 9 of 11 in additional filter chain; firing Filter: 'org.springframework.security.ui.ExceptionTranslationFilter[ order=1400; ]'
03:48:56,875 DEBUG FilterChainProxy,772032@qtp-16199287-0:385 - /blog.x at position 9 of 11 in additional filter chain; firing Filter: 'org.springframework.security.ui.ExceptionTranslationFilter[ order=1400; ]'
03:48:56,875 DEBUG FilterChainProxy,772032@qtp-16199287-0:385 - /blog.x at position 10 of 11 in additional filter chain; firing Filter: 'org.springframework.security.ui.SessionFixationProtectionFilter[ order=1600; ]'
03:48:56,875 DEBUG FilterChainProxy,772032@qtp-16199287-0:385 - /blog.x at position 10 of 11 in additional filter chain; firing Filter: 'org.springframework.security.ui.SessionFixationProtectionFilter[ order=1600; ]'
03:48:56,875 DEBUG FilterChainProxy,772032@qtp-16199287-0:385 - /blog.x at position 11 of 11 in additional filter chain; firing Filter: 'org.springframework.security.intercept.web.FilterSecurityInterceptor@1d2162c'
03:48:56,875 DEBUG FilterChainProxy,772032@qtp-16199287-0:385 - /blog.x at position 11 of 11 in additional filter chain; firing Filter: 'org.springframework.security.intercept.web.FilterSecurityInterceptor@1d2162c'
03:48:56,890 DEBUG DefaultFilterInvocationDefinitionSource,772032@qtp-16199287-0:196 - Converted URL to lowercase, from: '/blog.x'; to: '/blog.x'
03:48:56,890 DEBUG DefaultFilterInvocationDefinitionSource,772032@qtp-16199287-0:196 - Converted URL to lowercase, from: '/blog.x'; to: '/blog.x'
03:48:56,890 DEBUG DefaultFilterInvocationDefinitionSource,772032@qtp-16199287-0:224 - Candidate is: '/blog.x'; pattern is /blog.x; matched=true
03:48:56,890 DEBUG DefaultFilterInvocationDefinitionSource,772032@qtp-16199287-0:224 - Candidate is: '/blog.x'; pattern is /blog.x; matched=true
03:48:56,890 DEBUG AbstractSecurityInterceptor,772032@qtp-16199287-0:250 - Secure object: FilterInvocation: URL: /blog.x; ConfigAttributes: [IS_AUTHENTICATED_ANONYMOUSLY]
03:48:56,890 DEBUG AbstractSecurityInterceptor,772032@qtp-16199287-0:250 - Secure object: FilterInvocation: URL: /blog.x; ConfigAttributes: [IS_AUTHENTICATED_ANONYMOUSLY]
03:48:56,890 DEBUG AbstractSecurityInterceptor,772032@qtp-16199287-0:313 - Previously Authenticated: org.springframework.security.providers.UsernamePasswordAuthenticationToken@c2a0fed7: Principal: org.springframework.security.userdetails.ldap.LdapUserDetailsImpl@132967d: Username: abogoley; Password: [PROTECTED]; Enabled: true; AccountNonExpired: true; credentialsNonExpired: true; AccountNonLocked: true; Granted Authorities: ROLE_ROLE_USER; Password: [PROTECTED]; Authenticated: true; Details: org.springframework.security.ui.WebAuthenticationDetails@ffff6a82: RemoteIpAddress: 127.0.0.1; SessionId: e23muqy3f2j5; Granted Authorities: ROLE_ROLE_USER
03:48:56,890 DEBUG AbstractSecurityInterceptor,772032@qtp-16199287-0:313 - Previously Authenticated: org.springframework.security.providers.UsernamePasswordAuthenticationToken@c2a0fed7: Principal: org.springframework.security.userdetails.ldap.LdapUserDetailsImpl@132967d: Username: abogoley; Password: [PROTECTED]; Enabled: true; AccountNonExpired: true; credentialsNonExpired: true; AccountNonLocked: true; Granted Authorities: ROLE_ROLE_USER; Password: [PROTECTED]; Authenticated: true; Details: org.springframework.security.ui.WebAuthenticationDetails@ffff6a82: RemoteIpAddress: 127.0.0.1; SessionId: e23muqy3f2j5; Granted Authorities: ROLE_ROLE_USER
03:48:56,906 DEBUG AbstractSecurityInterceptor,772032@qtp-16199287-0:273 - Authorization successful
03:48:56,906 DEBUG AbstractSecurityInterceptor,772032@qtp-16199287-0:273 - Authorization successful
03:48:56,937 DEBUG AbstractSecurityInterceptor,772032@qtp-16199287-0:284 - RunAsManager did not change Authentication object
03:48:56,937 DEBUG AbstractSecurityInterceptor,772032@qtp-16199287-0:284 - RunAsManager did not change Authentication object
03:48:56,937 DEBUG FilterChainProxy,772032@qtp-16199287-0:374 - /blog.x reached end of additional filter chain; proceeding with original chain
03:48:56,937 DEBUG FilterChainProxy,772032@qtp-16199287-0:374 - /blog.x reached end of additional filter chain; proceeding with original chain
03:48:56,953 DEBUG ExceptionTranslationFilter,772032@qtp-16199287-0:104 - Chain processed normally
03:48:56,953 DEBUG ExceptionTranslationFilter,772032@qtp-16199287-0:104 - Chain processed normally
03:48:56,953 DEBUG HttpSessionContextIntegrationFilter,772032@qtp-16199287-0:255 - SecurityContextHolder now cleared, as request processing completed
03:48:56,953 DEBUG HttpSessionContextIntegrationFilter,772032@qtp-16199287-0:255 - SecurityContextHolder now cleared, as request processing completed
11:49:22,328 DEBUG DefaultFilterInvocationDefinitionSource,main:120 - Added URL pattern: /blog.x; attributes: [IS_AUTHENTICATED_ANONYMOUSLY]
11:49:22,328 DEBUG DefaultFilterInvocationDefinitionSource,main:120 - Added URL pattern: /blog.x; attributes: [IS_AUTHENTICATED_ANONYMOUSLY]
11:49:22,343 DEBUG DefaultFilterInvocationDefinitionSource,main:120 - Added URL pattern: /services/videoservice?wsdl; attributes: [IS_AUTHENTICATED_ANONYMOUSLY]
11:49:22,343 DEBUG DefaultFilterInvocationDefinitionSource,main:120 - Added URL pattern: /services/videoservice?wsdl; attributes: [IS_AUTHENTICATED_ANONYMOUSLY]
11:49:22,343 DEBUG DefaultFilterInvocationDefinitionSource,main:120 - Added URL pattern: /services/*; attributes: [IS_AUTHENTICATED_ANONYMOUSLY]
11:49:22,343 DEBUG DefaultFilterInvocationDefinitionSource,main:120 - Added URL pattern: /services/*; attributes: [IS_AUTHENTICATED_ANONYMOUSLY]
11:49:22,343 DEBUG DefaultFilterInvocationDefinitionSource,main:120 - Added URL pattern: /addblog.x; attributes: [ROLE_USER, ROLE_ADMIN]
11:49:22,343 DEBUG DefaultFilterInvocationDefinitionSource,main:120 - Added URL pattern: /addblog.x; attributes: [ROLE_USER, ROLE_ADMIN]
11:49:22,406  INFO HttpSecurityBeanDefinitionParser,main:430 - No login page configured. The default internal one will be used. Use the 'login-page' attribute to set the URL of the login page.
11:49:22,406  INFO HttpSecurityBeanDefinitionParser,main:430 - No login page configured. The default internal one will be used. Use the 'login-page' attribute to set the URL of the login page.
11:49:22,718  INFO EntryPointInjectionBeanPostProcessor,main:30 - Selecting AuthenticationEntryPoint for use in ExceptionTranslationFilter
11:49:22,718  INFO EntryPointInjectionBeanPostProcessor,main:30 - Selecting AuthenticationEntryPoint for use in ExceptionTranslationFilter
11:49:22,718  INFO EntryPointInjectionBeanPostProcessor,main:38 - Using main configured AuthenticationEntryPoint.
11:49:22,718  INFO EntryPointInjectionBeanPostProcessor,main:38 - Using main configured AuthenticationEntryPoint.
11:49:22,718  INFO EntryPointInjectionBeanPostProcessor,main:46 - Using bean 'org.springframework.security.ui.webapp.AuthenticationProcessingFilterEntryPoint@14955ec' as the entry point.
11:49:22,718  INFO EntryPointInjectionBeanPostProcessor,main:46 - Using bean 'org.springframework.security.ui.webapp.AuthenticationProcessingFilterEntryPoint@14955ec' as the entry point.
11:49:22,765  INFO AbstractSecurityInterceptor,main:216 - Validated configuration attributes
11:49:22,765  INFO AbstractSecurityInterceptor,main:216 - Validated configuration attributes
11:49:23,000  INFO RememberMeServicesInjectionBeanPostProcessor,main:43 - Setting RememberMeServices on bean _basicAuthenticationFilter
11:49:23,000  INFO RememberMeServicesInjectionBeanPostProcessor,main:43 - Setting RememberMeServices on bean _basicAuthenticationFilter
11:49:23,062  INFO FilterChainProxyPostProcessor,main:57 - Checking sorted filter chain: [org.springframework.security.context.HttpSessionContextIntegrationFilter[ order=200; ], org.springframework.security.ui.logout.LogoutFilter[ order=300; ], org.springframework.security.ui.webapp.AuthenticationProcessingFilter[ order=700; ], org.springframework.security.ui.webapp.DefaultLoginPageGeneratingFilter[ order=900; ], org.springframework.security.ui.basicauth.BasicProcessingFilter[ order=1000; ], org.springframework.security.wrapper.SecurityContextHolderAwareRequestFilter[ order=1100; ], org.springframework.security.ui.rememberme.RememberMeProcessingFilter[ order=1200; ], org.springframework.security.providers.anonymous.AnonymousProcessingFilter[ order=1300; ], org.springframework.security.ui.ExceptionTranslationFilter[ order=1400; ], org.springframework.security.ui.SessionFixationProtectionFilter[ order=1600; ], org.springframework.security.intercept.web.FilterSecurityInterceptor@1955c3]
11:49:23,062  INFO FilterChainProxyPostProcessor,main:57 - Checking sorted filter chain: [org.springframework.security.context.HttpSessionContextIntegrationFilter[ order=200; ], org.springframework.security.ui.logout.LogoutFilter[ order=300; ], org.springframework.security.ui.webapp.AuthenticationProcessingFilter[ order=700; ], org.springframework.security.ui.webapp.DefaultLoginPageGeneratingFilter[ order=900; ], org.springframework.security.ui.basicauth.BasicProcessingFilter[ order=1000; ], org.springframework.security.wrapper.SecurityContextHolderAwareRequestFilter[ order=1100; ], org.springframework.security.ui.rememberme.RememberMeProcessingFilter[ order=1200; ], org.springframework.security.providers.anonymous.AnonymousProcessingFilter[ order=1300; ], org.springframework.security.ui.ExceptionTranslationFilter[ order=1400; ], org.springframework.security.ui.SessionFixationProtectionFilter[ order=1600; ], org.springframework.security.intercept.web.FilterSecurityInterceptor@1955c3]
11:49:23,062  INFO FilterChainProxyPostProcessor,main:74 - Filter chain...
11:49:23,062  INFO FilterChainProxyPostProcessor,main:74 - Filter chain...
11:49:23,062  INFO FilterChainProxyPostProcessor,main:78 - [0] - org.springframework.security.context.HttpSessionContextIntegrationFilter[ order=200; ]
11:49:23,062  INFO FilterChainProxyPostProcessor,main:78 - [0] - org.springframework.security.context.HttpSessionContextIntegrationFilter[ order=200; ]
11:49:23,062  INFO FilterChainProxyPostProcessor,main:78 - [1] - org.springframework.security.ui.logout.LogoutFilter[ order=300; ]
11:49:23,062  INFO FilterChainProxyPostProcessor,main:78 - [1] - org.springframework.security.ui.logout.LogoutFilter[ order=300; ]
11:49:23,062  INFO FilterChainProxyPostProcessor,main:78 - [2] - org.springframework.security.ui.webapp.AuthenticationProcessingFilter[ order=700; ]
11:49:23,062  INFO FilterChainProxyPostProcessor,main:78 - [2] - org.springframework.security.ui.webapp.AuthenticationProcessingFilter[ order=700; ]
11:49:23,062  INFO FilterChainProxyPostProcessor,main:78 - [3] - org.springframework.security.ui.webapp.DefaultLoginPageGeneratingFilter[ order=900; ]
11:49:23,062  INFO FilterChainProxyPostProcessor,main:78 - [3] - org.springframework.security.ui.webapp.DefaultLoginPageGeneratingFilter[ order=900; ]
11:49:23,062  INFO FilterChainProxyPostProcessor,main:78 - [4] - org.springframework.security.ui.basicauth.BasicProcessingFilter[ order=1000; ]
11:49:23,062  INFO FilterChainProxyPostProcessor,main:78 - [4] - org.springframework.security.ui.basicauth.BasicProcessingFilter[ order=1000; ]
11:49:23,062  INFO FilterChainProxyPostProcessor,main:78 - [5] - org.springframework.security.wrapper.SecurityContextHolderAwareRequestFilter[ order=1100; ]
11:49:23,062  INFO FilterChainProxyPostProcessor,main:78 - [5] - org.springframework.security.wrapper.SecurityContextHolderAwareRequestFilter[ order=1100; ]
11:49:23,062  INFO FilterChainProxyPostProcessor,main:78 - [6] - org.springframework.security.ui.rememberme.RememberMeProcessingFilter[ order=1200; ]
11:49:23,062  INFO FilterChainProxyPostProcessor,main:78 - [6] - org.springframework.security.ui.rememberme.RememberMeProcessingFilter[ order=1200; ]
11:49:23,078  INFO FilterChainProxyPostProcessor,main:78 - [7] - org.springframework.security.providers.anonymous.AnonymousProcessingFilter[ order=1300; ]
11:49:23,078  INFO FilterChainProxyPostProcessor,main:78 - [7] - org.springframework.security.providers.anonymous.AnonymousProcessingFilter[ order=1300; ]
11:49:23,078  INFO FilterChainProxyPostProcessor,main:78 - [8] - org.springframework.security.ui.ExceptionTranslationFilter[ order=1400; ]
11:49:23,078  INFO FilterChainProxyPostProcessor,main:78 - [8] - org.springframework.security.ui.ExceptionTranslationFilter[ order=1400; ]
11:49:23,078  INFO FilterChainProxyPostProcessor,main:78 - [9] - org.springframework.security.ui.SessionFixationProtectionFilter[ order=1600; ]
11:49:23,078  INFO FilterChainProxyPostProcessor,main:78 - [9] - org.springframework.security.ui.SessionFixationProtectionFilter[ order=1600; ]
11:49:23,078  INFO FilterChainProxyPostProcessor,main:78 - [10] - org.springframework.security.intercept.web.FilterSecurityInterceptor@1955c3
11:49:23,078  INFO FilterChainProxyPostProcessor,main:78 - [10] - org.springframework.security.intercept.web.FilterSecurityInterceptor@1955c3
11:49:23,093 DEBUG FilterChainProxy,main:205 - Converted URL to lowercase, from: '/spring_security_login'; to: '/spring_security_login'
11:49:23,093 DEBUG FilterChainProxy,main:205 - Converted URL to lowercase, from: '/spring_security_login'; to: '/spring_security_login'
11:49:23,093 DEBUG FilterChainProxy,main:212 - Candidate is: '/spring_security_login'; pattern is /login.jsp*; matched=false
11:49:23,093 DEBUG FilterChainProxy,main:212 - Candidate is: '/spring_security_login'; pattern is /login.jsp*; matched=false
11:49:23,093 DEBUG FilterChainProxy,main:205 - Converted URL to lowercase, from: '/spring_security_login'; to: '/spring_security_login'
11:49:23,093 DEBUG FilterChainProxy,main:205 - Converted URL to lowercase, from: '/spring_security_login'; to: '/spring_security_login'
11:49:23,093 DEBUG FilterChainProxy,main:212 - Candidate is: '/spring_security_login'; pattern is /**; matched=true
11:49:23,093 DEBUG FilterChainProxy,main:212 - Candidate is: '/spring_security_login'; pattern is /**; matched=true
11:49:23,093  INFO FilterChainProxyPostProcessor,main:134 - Checking whether login URL '/spring_security_login' is accessible with your configuration
11:49:23,093  INFO FilterChainProxyPostProcessor,main:134 - Checking whether login URL '/spring_security_login' is accessible with your configuration
11:49:23,093 DEBUG FilterChainProxyPostProcessor,main:143 - Default generated login page is in use
11:49:23,093 DEBUG FilterChainProxyPostProcessor,main:143 - Default generated login page is in use
11:49:23,093  INFO FilterChainProxyPostProcessor,main:91 - FilterChainProxy: FilterChainProxy[ UrlMatcher = org.springframework.security.util.AntUrlPathMatcher[requiresLowerCase='true']; Filter Chains: {/login.jsp*=[], /**=[org.springframework.security.context.HttpSessionContextIntegrationFilter[ order=200; ], org.springframework.security.ui.logout.LogoutFilter[ order=300; ], org.springframework.security.ui.webapp.AuthenticationProcessingFilter[ order=700; ], org.springframework.security.ui.webapp.DefaultLoginPageGeneratingFilter[ order=900; ], org.springframework.security.ui.basicauth.BasicProcessingFilter[ order=1000; ], org.springframework.security.wrapper.SecurityContextHolderAwareRequestFilter[ order=1100; ], org.springframework.security.ui.rememberme.RememberMeProcessingFilter[ order=1200; ], org.springframework.security.providers.anonymous.AnonymousProcessingFilter[ order=1300; ], org.springframework.security.ui.ExceptionTranslationFilter[ order=1400; ], org.springframework.security.ui.SessionFixationProtectionFilter[ order=1600; ], org.springframework.security.intercept.web.FilterSecurityInterceptor@1955c3]}]
11:49:23,093  INFO FilterChainProxyPostProcessor,main:91 - FilterChainProxy: FilterChainProxy[ UrlMatcher = org.springframework.security.util.AntUrlPathMatcher[requiresLowerCase='true']; Filter Chains: {/login.jsp*=[], /**=[org.springframework.security.context.HttpSessionContextIntegrationFilter[ order=200; ], org.springframework.security.ui.logout.LogoutFilter[ order=300; ], org.springframework.security.ui.webapp.AuthenticationProcessingFilter[ order=700; ], org.springframework.security.ui.webapp.DefaultLoginPageGeneratingFilter[ order=900; ], org.springframework.security.ui.basicauth.BasicProcessingFilter[ order=1000; ], org.springframework.security.wrapper.SecurityContextHolderAwareRequestFilter[ order=1100; ], org.springframework.security.ui.rememberme.RememberMeProcessingFilter[ order=1200; ], org.springframework.security.providers.anonymous.AnonymousProcessingFilter[ order=1300; ], org.springframework.security.ui.ExceptionTranslationFilter[ order=1400; ], org.springframework.security.ui.SessionFixationProtectionFilter[ order=1600; ], org.springframework.security.intercept.web.FilterSecurityInterceptor@1955c3]}]
11:49:23,203  INFO DefaultSpringSecurityContextSource,main:56 -  URL 'ldap://localhost:10389/o=cybervisiontech', root DN is 'o=cybervisiontech'
11:49:23,203  INFO DefaultSpringSecurityContextSource,main:56 -  URL 'ldap://localhost:10389/o=cybervisiontech', root DN is 'o=cybervisiontech'
11:49:23,328  INFO FilterBasedLdapUserSearch,main:91 - SearchBase not set. Searches will be performed from the root: o=cybervisiontech
11:49:23,328  INFO FilterBasedLdapUserSearch,main:91 - SearchBase not set. Searches will be performed from the root: o=cybervisiontech
