04.01.2010 22:56:35 org.apache.catalina.core.AprLifecycleListener lifecycleEvent
INFO: The Apache Tomcat Native library which allows optimal performance in production environments was not found on the java.library.path: D:\Programming\Sun\SDK\jdk\bin;.;C:\WINDOWS\Sun\Java\bin;C:\WINDOWS\system32;C:\WINDOWS;D:\Program Files\CodeGear\RAD Studio\6.0\bin;C:\Documents and Settings\All Users\Documents\RAD Studio\6.0\Bpl;E:\oracle\product\10.2.0\db_1\bin;C:\WINDOWS\system32;C:\WINDOWS;C:\WINDOWS\System32\Wbem;C:\Program Files\MySQL\MySQL Server 4.1\bin;C:\Program Files\Common Files\Adobe\AGL;C:\Program Files\Subversion\bin;C:\Program Files\jEdit;C:\Program Files\TortoiseSVN\bin;D:\Programming\Sun\SDK\jdk\\bin\;;C:\Program Files\Delphi 10 Lite\bin;D:\Programming\Maven\apache-maven-2.0.9\bin\;D:\Programming\ant\bin\;C:\Program Files\Microsoft SQL Server\90\Tools\binn\;;C:\Program Files\EurekaLog 6\Delphi10;C:\Program Files\EurekaLog 6\CBuilder10;C:\Program Files\EurekaLog 6\Delphi12;C:\Program Files\EurekaLog 6\CBuilder12;D:\Programming\Sun\SDK\bin;C:\Documents and Settings\root\My Documents\Borland Studio Projects\Bpl;D:\Program Files\Tools\WinNT;D:\Program Files\MSDev98\Bin;D:\Program Files\Tools;D:\VC98\bin;C:\Program Files\OpenVPN\bin
04.01.2010 22:56:35 org.apache.coyote.http11.Http11BaseProtocol init
INFO: Initializing Coyote HTTP/1.1 on http-8080
04.01.2010 22:56:35 org.apache.catalina.startup.Catalina load
INFO: Initialization processed in 1235 ms
04.01.2010 22:56:39 org.apache.catalina.core.StandardService start
INFO: Starting service Catalina
04.01.2010 22:56:39 org.apache.catalina.core.StandardEngine start
INFO: Starting Servlet Engine: Apache Tomcat/5.5.28
04.01.2010 22:56:39 org.apache.catalina.core.StandardHost start
INFO: XML validation disabled
04.01.2010 22:56:40 org.apache.catalina.startup.HostConfig deployWAR
INFO: Deploying web application archive hp.war
04.01.2010 22:56:46 org.apache.catalina.startup.HostConfig deployWAR
INFO: Deploying web application archive jcr-explorer.war
04.01.2010 22:56:49 org.apache.coyote.http11.Http11BaseProtocol start
INFO: Starting Coyote HTTP/1.1 on http-8080
04.01.2010 22:56:50 org.apache.jk.common.ChannelSocket init
INFO: JK: ajp13 listening on /0.0.0.0:8009
04.01.2010 22:56:50 org.apache.jk.server.JkMain start
INFO: Jk running ID=0 time=0/31  config=null
04.01.2010 22:56:50 org.apache.catalina.storeconfig.StoreLoader load
INFO: Find registry server-registry.xml at classpath resource
04.01.2010 22:56:50 org.apache.catalina.startup.Catalina start
INFO: Server startup in 15125 ms
