31.12.2009 0:25:05 org.apache.catalina.core.StandardContext stop
INFO: Container org.apache.catalina.core.ContainerBase.[Catalina].[localhost].[/hp] has not been started
31.12.2009 0:25:05 org.apache.catalina.startup.HostConfig checkResources
INFO: Undeploying context [/hp]
31.12.2009 0:25:43 org.apache.catalina.startup.HostConfig checkResources
INFO: Undeploying context [/hp]
31.12.2009 0:25:43 org.apache.catalina.startup.HostConfig checkResources
WARNING: Error while removing context [/hp]
java.lang.NullPointerException
	at org.apache.catalina.core.ContainerBase.removeChild(ContainerBase.java:884)
	at org.apache.catalina.startup.HostConfig.checkResources(HostConfig.java:1047)
	at org.apache.catalina.startup.HostConfig.check(HostConfig.java:1215)
	at org.apache.catalina.startup.HostConfig.lifecycleEvent(HostConfig.java:293)
	at org.apache.catalina.util.LifecycleSupport.fireLifecycleEvent(LifecycleSupport.java:120)
	at org.apache.catalina.core.ContainerBase.backgroundProcess(ContainerBase.java:1306)
	at org.apache.catalina.core.ContainerBase$ContainerBackgroundProcessor.processChildren(ContainerBase.java:1570)
	at org.apache.catalina.core.ContainerBase$ContainerBackgroundProcessor.processChildren(ContainerBase.java:1579)
	at org.apache.catalina.core.ContainerBase$ContainerBackgroundProcessor.run(ContainerBase.java:1559)
	at java.lang.Thread.run(Thread.java:619)
31.12.2009 0:25:43 org.apache.catalina.startup.HostConfig checkResources
WARNING: Error during context [/hp] destroy
java.lang.NullPointerException
	at org.apache.catalina.startup.HostConfig.checkResources(HostConfig.java:1053)
	at org.apache.catalina.startup.HostConfig.check(HostConfig.java:1215)
	at org.apache.catalina.startup.HostConfig.lifecycleEvent(HostConfig.java:293)
	at org.apache.catalina.util.LifecycleSupport.fireLifecycleEvent(LifecycleSupport.java:120)
	at org.apache.catalina.core.ContainerBase.backgroundProcess(ContainerBase.java:1306)
	at org.apache.catalina.core.ContainerBase$ContainerBackgroundProcessor.processChildren(ContainerBase.java:1570)
	at org.apache.catalina.core.ContainerBase$ContainerBackgroundProcessor.processChildren(ContainerBase.java:1579)
	at org.apache.catalina.core.ContainerBase$ContainerBackgroundProcessor.run(ContainerBase.java:1559)
	at java.lang.Thread.run(Thread.java:619)
31.12.2009 0:25:43 org.apache.catalina.startup.HostConfig deployWAR
INFO: Deploying web application archive hp.war
31.12.2009 0:26:42 org.apache.catalina.core.StandardContext reload
INFO: Reloading this Context has started
31.12.2009 0:26:46 org.apache.catalina.core.StandardContext reload
INFO: Reloading this Context has started
31.12.2009 0:27:21 org.apache.coyote.http11.Http11BaseProtocol pause
INFO: Pausing Coyote HTTP/1.1 on http-8080
31.12.2009 0:27:22 org.apache.catalina.core.StandardService stop
INFO: Stopping service Catalina
31.12.2009 0:27:22 org.apache.coyote.http11.Http11BaseProtocol destroy
INFO: Stopping Coyote HTTP/1.1 on http-8080
31.12.2009 0:27:22 org.apache.catalina.core.AprLifecycleListener lifecycleEvent
INFO: Failed shutdown of Apache Portable Runtime
31.12.2009 0:27:36 org.apache.catalina.core.AprLifecycleListener lifecycleEvent
INFO: The Apache Tomcat Native library which allows optimal performance in production environments was not found on the java.library.path: D:\Programming\Sun\SDK\jdk\bin;.;C:\WINDOWS\Sun\Java\bin;C:\WINDOWS\system32;C:\WINDOWS;D:\Program Files\CodeGear\RAD Studio\6.0\bin;C:\Documents and Settings\All Users\Documents\RAD Studio\6.0\Bpl;E:\oracle\product\10.2.0\db_1\bin;C:\WINDOWS\system32;C:\WINDOWS;C:\WINDOWS\System32\Wbem;C:\Program Files\MySQL\MySQL Server 4.1\bin;C:\Program Files\Common Files\Adobe\AGL;C:\Program Files\Subversion\bin;C:\Program Files\jEdit;C:\Program Files\TortoiseSVN\bin;D:\Programming\Sun\SDK\jdk\\bin\;;C:\Program Files\Delphi 10 Lite\bin;D:\Programming\Maven\apache-maven-2.0.9\bin\;D:\Programming\ant\bin\;C:\Program Files\Microsoft SQL Server\90\Tools\binn\;;C:\Program Files\EurekaLog 6\Delphi10;C:\Program Files\EurekaLog 6\CBuilder10;C:\Program Files\EurekaLog 6\Delphi12;C:\Program Files\EurekaLog 6\CBuilder12;D:\Programming\Sun\SDK\bin;C:\Documents and Settings\root\My Documents\Borland Studio Projects\Bpl;D:\Program Files\Tools\WinNT;D:\Program Files\MSDev98\Bin;D:\Program Files\Tools;D:\VC98\bin;C:\Program Files\OpenVPN\bin
31.12.2009 0:27:36 org.apache.coyote.http11.Http11BaseProtocol init
INFO: Initializing Coyote HTTP/1.1 on http-8080
31.12.2009 0:27:36 org.apache.catalina.startup.Catalina load
INFO: Initialization processed in 1734 ms
31.12.2009 0:27:42 org.apache.catalina.core.StandardService start
INFO: Starting service Catalina
31.12.2009 0:27:42 org.apache.catalina.core.StandardEngine start
INFO: Starting Servlet Engine: Apache Tomcat/5.5.28
31.12.2009 0:27:42 org.apache.catalina.core.StandardHost start
INFO: XML validation disabled
31.12.2009 0:27:43 org.apache.catalina.startup.HostConfig deployWAR
INFO: Deploying web application archive hp.war
31.12.2009 0:27:44 org.apache.coyote.http11.Http11BaseProtocol start
INFO: Starting Coyote HTTP/1.1 on http-8080
31.12.2009 0:27:44 org.apache.jk.common.ChannelSocket init
INFO: JK: ajp13 listening on /0.0.0.0:8009
31.12.2009 0:27:44 org.apache.jk.server.JkMain start
INFO: Jk running ID=0 time=0/31  config=null
31.12.2009 0:27:45 org.apache.catalina.storeconfig.StoreLoader load
INFO: Find registry server-registry.xml at classpath resource
31.12.2009 0:27:45 org.apache.catalina.startup.Catalina start
INFO: Server startup in 8781 ms
31.12.2009 0:27:46 org.apache.catalina.core.StandardContext reload
INFO: Reloading this Context has started
31.12.2009 0:28:02 org.apache.catalina.core.StandardContext reload
INFO: Reloading this Context has started
31.12.2009 0:28:50 org.apache.coyote.http11.Http11BaseProtocol pause
INFO: Pausing Coyote HTTP/1.1 on http-8080
31.12.2009 0:28:51 org.apache.catalina.core.StandardService stop
INFO: Stopping service Catalina
31.12.2009 0:28:51 org.apache.coyote.http11.Http11BaseProtocol destroy
INFO: Stopping Coyote HTTP/1.1 on http-8080
31.12.2009 0:28:51 org.apache.catalina.core.AprLifecycleListener lifecycleEvent
INFO: Failed shutdown of Apache Portable Runtime
31.12.2009 0:28:55 org.apache.catalina.core.AprLifecycleListener lifecycleEvent
INFO: The Apache Tomcat Native library which allows optimal performance in production environments was not found on the java.library.path: D:\Programming\Sun\SDK\jdk\bin;.;C:\WINDOWS\Sun\Java\bin;C:\WINDOWS\system32;C:\WINDOWS;D:\Program Files\CodeGear\RAD Studio\6.0\bin;C:\Documents and Settings\All Users\Documents\RAD Studio\6.0\Bpl;E:\oracle\product\10.2.0\db_1\bin;C:\WINDOWS\system32;C:\WINDOWS;C:\WINDOWS\System32\Wbem;C:\Program Files\MySQL\MySQL Server 4.1\bin;C:\Program Files\Common Files\Adobe\AGL;C:\Program Files\Subversion\bin;C:\Program Files\jEdit;C:\Program Files\TortoiseSVN\bin;D:\Programming\Sun\SDK\jdk\\bin\;;C:\Program Files\Delphi 10 Lite\bin;D:\Programming\Maven\apache-maven-2.0.9\bin\;D:\Programming\ant\bin\;C:\Program Files\Microsoft SQL Server\90\Tools\binn\;;C:\Program Files\EurekaLog 6\Delphi10;C:\Program Files\EurekaLog 6\CBuilder10;C:\Program Files\EurekaLog 6\Delphi12;C:\Program Files\EurekaLog 6\CBuilder12;D:\Programming\Sun\SDK\bin;C:\Documents and Settings\root\My Documents\Borland Studio Projects\Bpl;D:\Program Files\Tools\WinNT;D:\Program Files\MSDev98\Bin;D:\Program Files\Tools;D:\VC98\bin;C:\Program Files\OpenVPN\bin
31.12.2009 0:28:55 org.apache.coyote.http11.Http11BaseProtocol init
INFO: Initializing Coyote HTTP/1.1 on http-8080
31.12.2009 0:28:55 org.apache.catalina.startup.Catalina load
INFO: Initialization processed in 1078 ms
31.12.2009 0:29:00 org.apache.catalina.core.StandardService start
INFO: Starting service Catalina
31.12.2009 0:29:00 org.apache.catalina.core.StandardEngine start
INFO: Starting Servlet Engine: Apache Tomcat/5.5.28
31.12.2009 0:29:00 org.apache.catalina.core.StandardHost start
INFO: XML validation disabled
31.12.2009 0:29:01 org.apache.catalina.startup.HostConfig deployWAR
INFO: Deploying web application archive hp.war
31.12.2009 0:29:02 org.apache.coyote.http11.Http11BaseProtocol start
INFO: Starting Coyote HTTP/1.1 on http-8080
31.12.2009 0:29:02 org.apache.jk.common.ChannelSocket init
INFO: JK: ajp13 listening on /0.0.0.0:8009
31.12.2009 0:29:02 org.apache.jk.server.JkMain start
INFO: Jk running ID=0 time=0/94  config=null
31.12.2009 0:29:02 org.apache.catalina.storeconfig.StoreLoader load
INFO: Find registry server-registry.xml at classpath resource
31.12.2009 0:29:02 org.apache.catalina.startup.Catalina start
INFO: Server startup in 6860 ms
31.12.2009 0:29:11 org.apache.coyote.http11.Http11BaseProtocol pause
INFO: Pausing Coyote HTTP/1.1 on http-8080
31.12.2009 0:29:12 org.apache.catalina.core.StandardService stop
INFO: Stopping service Catalina
31.12.2009 0:29:12 org.apache.coyote.http11.Http11BaseProtocol destroy
INFO: Stopping Coyote HTTP/1.1 on http-8080
31.12.2009 0:29:12 org.apache.catalina.core.AprLifecycleListener lifecycleEvent
INFO: Failed shutdown of Apache Portable Runtime
31.12.2009 0:29:37 org.apache.catalina.core.AprLifecycleListener lifecycleEvent
INFO: The Apache Tomcat Native library which allows optimal performance in production environments was not found on the java.library.path: D:\Programming\Sun\SDK\jdk\bin;.;C:\WINDOWS\Sun\Java\bin;C:\WINDOWS\system32;C:\WINDOWS;D:\Program Files\CodeGear\RAD Studio\6.0\bin;C:\Documents and Settings\All Users\Documents\RAD Studio\6.0\Bpl;E:\oracle\product\10.2.0\db_1\bin;C:\WINDOWS\system32;C:\WINDOWS;C:\WINDOWS\System32\Wbem;C:\Program Files\MySQL\MySQL Server 4.1\bin;C:\Program Files\Common Files\Adobe\AGL;C:\Program Files\Subversion\bin;C:\Program Files\jEdit;C:\Program Files\TortoiseSVN\bin;D:\Programming\Sun\SDK\jdk\\bin\;;C:\Program Files\Delphi 10 Lite\bin;D:\Programming\Maven\apache-maven-2.0.9\bin\;D:\Programming\ant\bin\;C:\Program Files\Microsoft SQL Server\90\Tools\binn\;;C:\Program Files\EurekaLog 6\Delphi10;C:\Program Files\EurekaLog 6\CBuilder10;C:\Program Files\EurekaLog 6\Delphi12;C:\Program Files\EurekaLog 6\CBuilder12;D:\Programming\Sun\SDK\bin;C:\Documents and Settings\root\My Documents\Borland Studio Projects\Bpl;D:\Program Files\Tools\WinNT;D:\Program Files\MSDev98\Bin;D:\Program Files\Tools;D:\VC98\bin;C:\Program Files\OpenVPN\bin
31.12.2009 0:29:37 org.apache.coyote.http11.Http11BaseProtocol init
INFO: Initializing Coyote HTTP/1.1 on http-8080
31.12.2009 0:29:37 org.apache.catalina.startup.Catalina load
INFO: Initialization processed in 1047 ms
31.12.2009 0:29:42 org.apache.catalina.core.StandardService start
INFO: Starting service Catalina
31.12.2009 0:29:42 org.apache.catalina.core.StandardEngine start
INFO: Starting Servlet Engine: Apache Tomcat/5.5.28
31.12.2009 0:29:42 org.apache.catalina.core.StandardHost start
INFO: XML validation disabled
31.12.2009 0:29:43 org.apache.coyote.http11.Http11BaseProtocol start
INFO: Starting Coyote HTTP/1.1 on http-8080
31.12.2009 0:29:44 org.apache.jk.common.ChannelSocket init
INFO: JK: ajp13 listening on /0.0.0.0:8009
31.12.2009 0:29:44 org.apache.jk.server.JkMain start
INFO: Jk running ID=0 time=0/63  config=null
31.12.2009 0:29:44 org.apache.catalina.storeconfig.StoreLoader load
INFO: Find registry server-registry.xml at classpath resource
31.12.2009 0:29:44 org.apache.catalina.startup.Catalina start
INFO: Server startup in 6813 ms
31.12.2009 0:32:04 org.apache.catalina.startup.HostConfig deployWAR
INFO: Deploying web application archive hp.war
31.12.2009 0:33:41 org.apache.coyote.http11.Http11BaseProtocol pause
INFO: Pausing Coyote HTTP/1.1 on http-8080
31.12.2009 0:33:42 org.apache.catalina.core.StandardService stop
INFO: Stopping service Catalina
31.12.2009 0:33:42 org.apache.coyote.http11.Http11BaseProtocol destroy
INFO: Stopping Coyote HTTP/1.1 on http-8080
31.12.2009 0:33:42 org.apache.catalina.core.AprLifecycleListener lifecycleEvent
INFO: Failed shutdown of Apache Portable Runtime
31.12.2009 0:38:31 org.apache.catalina.core.AprLifecycleListener lifecycleEvent
INFO: The Apache Tomcat Native library which allows optimal performance in production environments was not found on the java.library.path: D:\Programming\Sun\SDK\jdk\bin;.;C:\WINDOWS\Sun\Java\bin;C:\WINDOWS\system32;C:\WINDOWS;D:\Program Files\CodeGear\RAD Studio\6.0\bin;C:\Documents and Settings\All Users\Documents\RAD Studio\6.0\Bpl;E:\oracle\product\10.2.0\db_1\bin;C:\WINDOWS\system32;C:\WINDOWS;C:\WINDOWS\System32\Wbem;C:\Program Files\MySQL\MySQL Server 4.1\bin;C:\Program Files\Common Files\Adobe\AGL;C:\Program Files\Subversion\bin;C:\Program Files\jEdit;C:\Program Files\TortoiseSVN\bin;D:\Programming\Sun\SDK\jdk\\bin\;;C:\Program Files\Delphi 10 Lite\bin;D:\Programming\Maven\apache-maven-2.0.9\bin\;D:\Programming\ant\bin\;C:\Program Files\Microsoft SQL Server\90\Tools\binn\;;C:\Program Files\EurekaLog 6\Delphi10;C:\Program Files\EurekaLog 6\CBuilder10;C:\Program Files\EurekaLog 6\Delphi12;C:\Program Files\EurekaLog 6\CBuilder12;D:\Programming\Sun\SDK\bin;C:\Documents and Settings\root\My Documents\Borland Studio Projects\Bpl;D:\Program Files\Tools\WinNT;D:\Program Files\MSDev98\Bin;D:\Program Files\Tools;D:\VC98\bin;C:\Program Files\OpenVPN\bin
31.12.2009 0:38:31 org.apache.coyote.http11.Http11BaseProtocol init
INFO: Initializing Coyote HTTP/1.1 on http-8080
31.12.2009 0:38:31 org.apache.catalina.startup.Catalina load
INFO: Initialization processed in 1109 ms
31.12.2009 0:38:36 org.apache.catalina.core.StandardService start
INFO: Starting service Catalina
31.12.2009 0:38:36 org.apache.catalina.core.StandardEngine start
INFO: Starting Servlet Engine: Apache Tomcat/5.5.28
31.12.2009 0:38:36 org.apache.catalina.core.StandardHost start
INFO: XML validation disabled
31.12.2009 0:38:37 org.apache.catalina.startup.HostConfig deployWAR
INFO: Deploying web application archive hp.war
31.12.2009 0:38:43 org.apache.coyote.http11.Http11BaseProtocol start
INFO: Starting Coyote HTTP/1.1 on http-8080
31.12.2009 0:38:43 org.apache.jk.common.ChannelSocket init
INFO: JK: ajp13 listening on /0.0.0.0:8009
31.12.2009 0:38:43 org.apache.jk.server.JkMain start
INFO: Jk running ID=0 time=0/47  config=null
31.12.2009 0:38:43 org.apache.catalina.storeconfig.StoreLoader load
INFO: Find registry server-registry.xml at classpath resource
31.12.2009 0:38:44 org.apache.catalina.startup.Catalina start
INFO: Server startup in 12141 ms
31.12.2009 0:40:25 org.apache.coyote.http11.Http11BaseProtocol pause
INFO: Pausing Coyote HTTP/1.1 on http-8080
31.12.2009 0:40:26 org.apache.catalina.core.StandardService stop
INFO: Stopping service Catalina
31.12.2009 0:40:27 org.apache.coyote.http11.Http11BaseProtocol destroy
INFO: Stopping Coyote HTTP/1.1 on http-8080
31.12.2009 0:40:27 org.apache.catalina.core.AprLifecycleListener lifecycleEvent
INFO: Failed shutdown of Apache Portable Runtime
31.12.2009 0:41:07 org.apache.catalina.core.AprLifecycleListener lifecycleEvent
INFO: The Apache Tomcat Native library which allows optimal performance in production environments was not found on the java.library.path: D:\Programming\Sun\SDK\jdk\bin;.;C:\WINDOWS\Sun\Java\bin;C:\WINDOWS\system32;C:\WINDOWS;D:\Program Files\CodeGear\RAD Studio\6.0\bin;C:\Documents and Settings\All Users\Documents\RAD Studio\6.0\Bpl;E:\oracle\product\10.2.0\db_1\bin;C:\WINDOWS\system32;C:\WINDOWS;C:\WINDOWS\System32\Wbem;C:\Program Files\MySQL\MySQL Server 4.1\bin;C:\Program Files\Common Files\Adobe\AGL;C:\Program Files\Subversion\bin;C:\Program Files\jEdit;C:\Program Files\TortoiseSVN\bin;D:\Programming\Sun\SDK\jdk\\bin\;;C:\Program Files\Delphi 10 Lite\bin;D:\Programming\Maven\apache-maven-2.0.9\bin\;D:\Programming\ant\bin\;C:\Program Files\Microsoft SQL Server\90\Tools\binn\;;C:\Program Files\EurekaLog 6\Delphi10;C:\Program Files\EurekaLog 6\CBuilder10;C:\Program Files\EurekaLog 6\Delphi12;C:\Program Files\EurekaLog 6\CBuilder12;D:\Programming\Sun\SDK\bin;C:\Documents and Settings\root\My Documents\Borland Studio Projects\Bpl;D:\Program Files\Tools\WinNT;D:\Program Files\MSDev98\Bin;D:\Program Files\Tools;D:\VC98\bin;C:\Program Files\OpenVPN\bin
31.12.2009 0:41:07 org.apache.coyote.http11.Http11BaseProtocol init
INFO: Initializing Coyote HTTP/1.1 on http-8080
31.12.2009 0:41:07 org.apache.catalina.startup.Catalina load
INFO: Initialization processed in 1203 ms
31.12.2009 0:41:12 org.apache.catalina.core.StandardService start
INFO: Starting service Catalina
31.12.2009 0:41:12 org.apache.catalina.core.StandardEngine start
INFO: Starting Servlet Engine: Apache Tomcat/5.5.28
31.12.2009 0:41:12 org.apache.catalina.core.StandardHost start
INFO: XML validation disabled
31.12.2009 0:41:13 org.apache.catalina.startup.HostConfig deployWAR
INFO: Deploying web application archive hp.war
31.12.2009 0:41:20 org.apache.coyote.http11.Http11BaseProtocol start
INFO: Starting Coyote HTTP/1.1 on http-8080
31.12.2009 0:41:20 org.apache.jk.common.ChannelSocket init
INFO: JK: ajp13 listening on /0.0.0.0:8009
31.12.2009 0:41:20 org.apache.jk.server.JkMain start
INFO: Jk running ID=0 time=0/94  config=null
31.12.2009 0:41:20 org.apache.catalina.storeconfig.StoreLoader load
INFO: Find registry server-registry.xml at classpath resource
31.12.2009 0:41:20 org.apache.catalina.startup.Catalina start
INFO: Server startup in 13047 ms
31.12.2009 0:53:46 org.apache.coyote.http11.Http11BaseProtocol pause
INFO: Pausing Coyote HTTP/1.1 on http-8080
31.12.2009 0:53:47 org.apache.catalina.core.StandardService stop
INFO: Stopping service Catalina
31.12.2009 0:53:48 org.apache.coyote.http11.Http11BaseProtocol destroy
INFO: Stopping Coyote HTTP/1.1 on http-8080
31.12.2009 0:53:48 org.apache.catalina.core.AprLifecycleListener lifecycleEvent
INFO: Failed shutdown of Apache Portable Runtime
31.12.2009 1:30:20 org.apache.catalina.core.AprLifecycleListener lifecycleEvent
INFO: The Apache Tomcat Native library which allows optimal performance in production environments was not found on the java.library.path: D:\Programming\Sun\SDK\jdk\bin;.;C:\WINDOWS\Sun\Java\bin;C:\WINDOWS\system32;C:\WINDOWS;D:\Program Files\CodeGear\RAD Studio\6.0\bin;C:\Documents and Settings\All Users\Documents\RAD Studio\6.0\Bpl;E:\oracle\product\10.2.0\db_1\bin;C:\WINDOWS\system32;C:\WINDOWS;C:\WINDOWS\System32\Wbem;C:\Program Files\MySQL\MySQL Server 4.1\bin;C:\Program Files\Common Files\Adobe\AGL;C:\Program Files\Subversion\bin;C:\Program Files\jEdit;C:\Program Files\TortoiseSVN\bin;D:\Programming\Sun\SDK\jdk\\bin\;;C:\Program Files\Delphi 10 Lite\bin;D:\Programming\Maven\apache-maven-2.0.9\bin\;D:\Programming\ant\bin\;C:\Program Files\Microsoft SQL Server\90\Tools\binn\;;C:\Program Files\EurekaLog 6\Delphi10;C:\Program Files\EurekaLog 6\CBuilder10;C:\Program Files\EurekaLog 6\Delphi12;C:\Program Files\EurekaLog 6\CBuilder12;D:\Programming\Sun\SDK\bin;C:\Documents and Settings\root\My Documents\Borland Studio Projects\Bpl;D:\Program Files\Tools\WinNT;D:\Program Files\MSDev98\Bin;D:\Program Files\Tools;D:\VC98\bin;C:\Program Files\OpenVPN\bin
31.12.2009 1:30:21 org.apache.coyote.http11.Http11BaseProtocol init
INFO: Initializing Coyote HTTP/1.1 on http-8080
31.12.2009 1:30:21 org.apache.catalina.startup.Catalina load
INFO: Initialization processed in 2016 ms
31.12.2009 1:30:25 org.apache.catalina.core.StandardService start
INFO: Starting service Catalina
31.12.2009 1:30:25 org.apache.catalina.core.StandardEngine start
INFO: Starting Servlet Engine: Apache Tomcat/5.5.28
31.12.2009 1:30:25 org.apache.catalina.core.StandardHost start
INFO: XML validation disabled
31.12.2009 1:30:26 org.apache.catalina.startup.HostConfig deployWAR
INFO: Deploying web application archive hp.war
31.12.2009 1:30:34 org.apache.coyote.http11.Http11BaseProtocol start
INFO: Starting Coyote HTTP/1.1 on http-8080
31.12.2009 1:30:34 org.apache.jk.common.ChannelSocket init
INFO: JK: ajp13 listening on /0.0.0.0:8009
31.12.2009 1:30:34 org.apache.jk.server.JkMain start
INFO: Jk running ID=0 time=0/63  config=null
31.12.2009 1:30:34 org.apache.catalina.storeconfig.StoreLoader load
INFO: Find registry server-registry.xml at classpath resource
31.12.2009 1:30:34 org.apache.catalina.startup.Catalina start
INFO: Server startup in 13531 ms
31.12.2009 1:38:16 org.apache.coyote.http11.Http11BaseProtocol pause
INFO: Pausing Coyote HTTP/1.1 on http-8080
31.12.2009 1:38:17 org.apache.catalina.core.StandardService stop
INFO: Stopping service Catalina
31.12.2009 1:38:17 org.apache.coyote.http11.Http11BaseProtocol destroy
INFO: Stopping Coyote HTTP/1.1 on http-8080
31.12.2009 1:38:17 org.apache.catalina.core.AprLifecycleListener lifecycleEvent
INFO: Failed shutdown of Apache Portable Runtime
31.12.2009 1:42:11 org.apache.catalina.core.AprLifecycleListener lifecycleEvent
INFO: The Apache Tomcat Native library which allows optimal performance in production environments was not found on the java.library.path: D:\Programming\Sun\SDK\jdk\bin;.;C:\WINDOWS\Sun\Java\bin;C:\WINDOWS\system32;C:\WINDOWS;D:\Program Files\CodeGear\RAD Studio\6.0\bin;C:\Documents and Settings\All Users\Documents\RAD Studio\6.0\Bpl;E:\oracle\product\10.2.0\db_1\bin;C:\WINDOWS\system32;C:\WINDOWS;C:\WINDOWS\System32\Wbem;C:\Program Files\MySQL\MySQL Server 4.1\bin;C:\Program Files\Common Files\Adobe\AGL;C:\Program Files\Subversion\bin;C:\Program Files\jEdit;C:\Program Files\TortoiseSVN\bin;D:\Programming\Sun\SDK\jdk\\bin\;;C:\Program Files\Delphi 10 Lite\bin;D:\Programming\Maven\apache-maven-2.0.9\bin\;D:\Programming\ant\bin\;C:\Program Files\Microsoft SQL Server\90\Tools\binn\;;C:\Program Files\EurekaLog 6\Delphi10;C:\Program Files\EurekaLog 6\CBuilder10;C:\Program Files\EurekaLog 6\Delphi12;C:\Program Files\EurekaLog 6\CBuilder12;D:\Programming\Sun\SDK\bin;C:\Documents and Settings\root\My Documents\Borland Studio Projects\Bpl;D:\Program Files\Tools\WinNT;D:\Program Files\MSDev98\Bin;D:\Program Files\Tools;D:\VC98\bin;C:\Program Files\OpenVPN\bin
31.12.2009 1:42:12 org.apache.coyote.http11.Http11BaseProtocol init
INFO: Initializing Coyote HTTP/1.1 on http-8080
31.12.2009 1:42:12 org.apache.catalina.startup.Catalina load
INFO: Initialization processed in 1328 ms
31.12.2009 1:42:16 org.apache.catalina.core.StandardService start
INFO: Starting service Catalina
31.12.2009 1:42:16 org.apache.catalina.core.StandardEngine start
INFO: Starting Servlet Engine: Apache Tomcat/5.5.28
31.12.2009 1:42:16 org.apache.catalina.core.StandardHost start
INFO: XML validation disabled
31.12.2009 1:42:17 org.apache.catalina.startup.HostConfig deployWAR
INFO: Deploying web application archive hp.war
31.12.2009 1:42:25 org.apache.coyote.http11.Http11BaseProtocol start
INFO: Starting Coyote HTTP/1.1 on http-8080
31.12.2009 1:42:25 org.apache.jk.common.ChannelSocket init
INFO: JK: ajp13 listening on /0.0.0.0:8009
31.12.2009 1:42:25 org.apache.jk.server.JkMain start
INFO: Jk running ID=0 time=0/47  config=null
31.12.2009 1:42:25 org.apache.catalina.storeconfig.StoreLoader load
INFO: Find registry server-registry.xml at classpath resource
31.12.2009 1:42:25 org.apache.catalina.startup.Catalina start
INFO: Server startup in 13375 ms
31.12.2009 1:42:51 org.apache.catalina.startup.HostConfig checkResources
INFO: Undeploying context [/hp]
31.12.2009 1:44:18 org.apache.coyote.http11.Http11BaseProtocol pause
INFO: Pausing Coyote HTTP/1.1 on http-8080
31.12.2009 1:44:19 org.apache.catalina.core.StandardService stop
INFO: Stopping service Catalina
31.12.2009 1:44:19 org.apache.coyote.http11.Http11BaseProtocol destroy
INFO: Stopping Coyote HTTP/1.1 on http-8080
31.12.2009 1:44:19 org.apache.catalina.core.AprLifecycleListener lifecycleEvent
INFO: Failed shutdown of Apache Portable Runtime
31.12.2009 1:44:53 org.apache.catalina.core.AprLifecycleListener lifecycleEvent
INFO: The Apache Tomcat Native library which allows optimal performance in production environments was not found on the java.library.path: D:\Programming\Sun\SDK\jdk\bin;.;C:\WINDOWS\Sun\Java\bin;C:\WINDOWS\system32;C:\WINDOWS;D:\Program Files\CodeGear\RAD Studio\6.0\bin;C:\Documents and Settings\All Users\Documents\RAD Studio\6.0\Bpl;E:\oracle\product\10.2.0\db_1\bin;C:\WINDOWS\system32;C:\WINDOWS;C:\WINDOWS\System32\Wbem;C:\Program Files\MySQL\MySQL Server 4.1\bin;C:\Program Files\Common Files\Adobe\AGL;C:\Program Files\Subversion\bin;C:\Program Files\jEdit;C:\Program Files\TortoiseSVN\bin;D:\Programming\Sun\SDK\jdk\\bin\;;C:\Program Files\Delphi 10 Lite\bin;D:\Programming\Maven\apache-maven-2.0.9\bin\;D:\Programming\ant\bin\;C:\Program Files\Microsoft SQL Server\90\Tools\binn\;;C:\Program Files\EurekaLog 6\Delphi10;C:\Program Files\EurekaLog 6\CBuilder10;C:\Program Files\EurekaLog 6\Delphi12;C:\Program Files\EurekaLog 6\CBuilder12;D:\Programming\Sun\SDK\bin;C:\Documents and Settings\root\My Documents\Borland Studio Projects\Bpl;D:\Program Files\Tools\WinNT;D:\Program Files\MSDev98\Bin;D:\Program Files\Tools;D:\VC98\bin;C:\Program Files\OpenVPN\bin
31.12.2009 1:44:53 org.apache.coyote.http11.Http11BaseProtocol init
INFO: Initializing Coyote HTTP/1.1 on http-8080
31.12.2009 1:44:53 org.apache.catalina.startup.Catalina load
INFO: Initialization processed in 1156 ms
31.12.2009 1:44:58 org.apache.catalina.core.StandardService start
INFO: Starting service Catalina
31.12.2009 1:44:58 org.apache.catalina.core.StandardEngine start
INFO: Starting Servlet Engine: Apache Tomcat/5.5.28
31.12.2009 1:44:58 org.apache.catalina.core.StandardHost start
INFO: XML validation disabled
31.12.2009 1:44:59 org.apache.catalina.startup.HostConfig deployWAR
INFO: Deploying web application archive hp.war
31.12.2009 1:45:07 org.apache.coyote.http11.Http11BaseProtocol start
INFO: Starting Coyote HTTP/1.1 on http-8080
31.12.2009 1:45:07 org.apache.jk.common.ChannelSocket init
INFO: JK: ajp13 listening on /0.0.0.0:8009
31.12.2009 1:45:07 org.apache.jk.server.JkMain start
INFO: Jk running ID=0 time=0/47  config=null
31.12.2009 1:45:07 org.apache.catalina.storeconfig.StoreLoader load
INFO: Find registry server-registry.xml at classpath resource
31.12.2009 1:45:07 org.apache.catalina.startup.Catalina start
INFO: Server startup in 13891 ms
31.12.2009 1:45:14 org.apache.catalina.startup.HostConfig checkResources
INFO: Undeploying context [/hp]
31.12.2009 1:45:31 org.apache.coyote.http11.Http11BaseProtocol pause
INFO: Pausing Coyote HTTP/1.1 on http-8080
31.12.2009 1:45:32 org.apache.catalina.core.StandardService stop
INFO: Stopping service Catalina
31.12.2009 1:45:32 org.apache.coyote.http11.Http11BaseProtocol destroy
INFO: Stopping Coyote HTTP/1.1 on http-8080
31.12.2009 1:45:32 org.apache.catalina.core.AprLifecycleListener lifecycleEvent
INFO: Failed shutdown of Apache Portable Runtime
31.12.2009 1:45:44 org.apache.catalina.core.AprLifecycleListener lifecycleEvent
INFO: The Apache Tomcat Native library which allows optimal performance in production environments was not found on the java.library.path: D:\Programming\Sun\SDK\jdk\bin;.;C:\WINDOWS\Sun\Java\bin;C:\WINDOWS\system32;C:\WINDOWS;D:\Program Files\CodeGear\RAD Studio\6.0\bin;C:\Documents and Settings\All Users\Documents\RAD Studio\6.0\Bpl;E:\oracle\product\10.2.0\db_1\bin;C:\WINDOWS\system32;C:\WINDOWS;C:\WINDOWS\System32\Wbem;C:\Program Files\MySQL\MySQL Server 4.1\bin;C:\Program Files\Common Files\Adobe\AGL;C:\Program Files\Subversion\bin;C:\Program Files\jEdit;C:\Program Files\TortoiseSVN\bin;D:\Programming\Sun\SDK\jdk\\bin\;;C:\Program Files\Delphi 10 Lite\bin;D:\Programming\Maven\apache-maven-2.0.9\bin\;D:\Programming\ant\bin\;C:\Program Files\Microsoft SQL Server\90\Tools\binn\;;C:\Program Files\EurekaLog 6\Delphi10;C:\Program Files\EurekaLog 6\CBuilder10;C:\Program Files\EurekaLog 6\Delphi12;C:\Program Files\EurekaLog 6\CBuilder12;D:\Programming\Sun\SDK\bin;C:\Documents and Settings\root\My Documents\Borland Studio Projects\Bpl;D:\Program Files\Tools\WinNT;D:\Program Files\MSDev98\Bin;D:\Program Files\Tools;D:\VC98\bin;C:\Program Files\OpenVPN\bin
31.12.2009 1:45:44 org.apache.coyote.http11.Http11BaseProtocol init
INFO: Initializing Coyote HTTP/1.1 on http-8080
31.12.2009 1:45:44 org.apache.catalina.startup.Catalina load
INFO: Initialization processed in 1094 ms
31.12.2009 1:45:49 org.apache.catalina.core.StandardService start
INFO: Starting service Catalina
31.12.2009 1:45:49 org.apache.catalina.core.StandardEngine start
INFO: Starting Servlet Engine: Apache Tomcat/5.5.28
31.12.2009 1:45:49 org.apache.catalina.core.StandardHost start
INFO: XML validation disabled
31.12.2009 1:45:50 org.apache.catalina.startup.HostConfig deployWAR
INFO: Deploying web application archive hp.war
31.12.2009 1:45:58 org.apache.coyote.http11.Http11BaseProtocol start
INFO: Starting Coyote HTTP/1.1 on http-8080
31.12.2009 1:45:58 org.apache.jk.common.ChannelSocket init
INFO: JK: ajp13 listening on /0.0.0.0:8009
31.12.2009 1:45:58 org.apache.jk.server.JkMain start
INFO: Jk running ID=0 time=0/31  config=null
31.12.2009 1:45:58 org.apache.catalina.storeconfig.StoreLoader load
INFO: Find registry server-registry.xml at classpath resource
31.12.2009 1:45:58 org.apache.catalina.startup.Catalina start
INFO: Server startup in 14250 ms
31.12.2009 1:47:49 org.apache.coyote.http11.Http11BaseProtocol pause
INFO: Pausing Coyote HTTP/1.1 on http-8080
31.12.2009 1:47:51 org.apache.catalina.core.StandardService stop
INFO: Stopping service Catalina
31.12.2009 1:47:51 org.apache.coyote.http11.Http11BaseProtocol destroy
INFO: Stopping Coyote HTTP/1.1 on http-8080
31.12.2009 1:47:51 org.apache.catalina.core.AprLifecycleListener lifecycleEvent
INFO: Failed shutdown of Apache Portable Runtime
31.12.2009 1:48:01 org.apache.catalina.core.AprLifecycleListener lifecycleEvent
INFO: The Apache Tomcat Native library which allows optimal performance in production environments was not found on the java.library.path: D:\Programming\Sun\SDK\jdk\bin;.;C:\WINDOWS\Sun\Java\bin;C:\WINDOWS\system32;C:\WINDOWS;D:\Program Files\CodeGear\RAD Studio\6.0\bin;C:\Documents and Settings\All Users\Documents\RAD Studio\6.0\Bpl;E:\oracle\product\10.2.0\db_1\bin;C:\WINDOWS\system32;C:\WINDOWS;C:\WINDOWS\System32\Wbem;C:\Program Files\MySQL\MySQL Server 4.1\bin;C:\Program Files\Common Files\Adobe\AGL;C:\Program Files\Subversion\bin;C:\Program Files\jEdit;C:\Program Files\TortoiseSVN\bin;D:\Programming\Sun\SDK\jdk\\bin\;;C:\Program Files\Delphi 10 Lite\bin;D:\Programming\Maven\apache-maven-2.0.9\bin\;D:\Programming\ant\bin\;C:\Program Files\Microsoft SQL Server\90\Tools\binn\;;C:\Program Files\EurekaLog 6\Delphi10;C:\Program Files\EurekaLog 6\CBuilder10;C:\Program Files\EurekaLog 6\Delphi12;C:\Program Files\EurekaLog 6\CBuilder12;D:\Programming\Sun\SDK\bin;C:\Documents and Settings\root\My Documents\Borland Studio Projects\Bpl;D:\Program Files\Tools\WinNT;D:\Program Files\MSDev98\Bin;D:\Program Files\Tools;D:\VC98\bin;C:\Program Files\OpenVPN\bin
31.12.2009 1:48:01 org.apache.coyote.http11.Http11BaseProtocol init
INFO: Initializing Coyote HTTP/1.1 on http-8080
31.12.2009 1:48:01 org.apache.catalina.startup.Catalina load
INFO: Initialization processed in 1437 ms
31.12.2009 1:48:06 org.apache.catalina.core.StandardService start
INFO: Starting service Catalina
31.12.2009 1:48:06 org.apache.catalina.core.StandardEngine start
INFO: Starting Servlet Engine: Apache Tomcat/5.5.28
31.12.2009 1:48:06 org.apache.catalina.core.StandardHost start
INFO: XML validation disabled
31.12.2009 1:48:07 org.apache.catalina.startup.HostConfig deployWAR
INFO: Deploying web application archive hp.war
31.12.2009 1:48:13 org.apache.coyote.http11.Http11BaseProtocol start
INFO: Starting Coyote HTTP/1.1 on http-8080
31.12.2009 1:48:13 org.apache.jk.common.ChannelSocket init
INFO: JK: ajp13 listening on /0.0.0.0:8009
31.12.2009 1:48:13 org.apache.jk.server.JkMain start
INFO: Jk running ID=0 time=0/78  config=null
31.12.2009 1:48:13 org.apache.catalina.storeconfig.StoreLoader load
INFO: Find registry server-registry.xml at classpath resource
31.12.2009 1:48:13 org.apache.catalina.startup.Catalina start
INFO: Server startup in 12563 ms
31.12.2009 1:48:44 org.apache.catalina.startup.HostConfig checkResources
INFO: Undeploying context [/hp]
31.12.2009 1:48:48 org.apache.coyote.http11.Http11BaseProtocol pause
INFO: Pausing Coyote HTTP/1.1 on http-8080
31.12.2009 1:48:49 org.apache.catalina.core.StandardService stop
INFO: Stopping service Catalina
31.12.2009 1:48:49 org.apache.coyote.http11.Http11BaseProtocol destroy
INFO: Stopping Coyote HTTP/1.1 on http-8080
31.12.2009 1:48:49 org.apache.catalina.core.AprLifecycleListener lifecycleEvent
INFO: Failed shutdown of Apache Portable Runtime
31.12.2009 1:49:04 org.apache.catalina.core.AprLifecycleListener lifecycleEvent
INFO: The Apache Tomcat Native library which allows optimal performance in production environments was not found on the java.library.path: D:\Programming\Sun\SDK\jdk\bin;.;C:\WINDOWS\Sun\Java\bin;C:\WINDOWS\system32;C:\WINDOWS;D:\Program Files\CodeGear\RAD Studio\6.0\bin;C:\Documents and Settings\All Users\Documents\RAD Studio\6.0\Bpl;E:\oracle\product\10.2.0\db_1\bin;C:\WINDOWS\system32;C:\WINDOWS;C:\WINDOWS\System32\Wbem;C:\Program Files\MySQL\MySQL Server 4.1\bin;C:\Program Files\Common Files\Adobe\AGL;C:\Program Files\Subversion\bin;C:\Program Files\jEdit;C:\Program Files\TortoiseSVN\bin;D:\Programming\Sun\SDK\jdk\\bin\;;C:\Program Files\Delphi 10 Lite\bin;D:\Programming\Maven\apache-maven-2.0.9\bin\;D:\Programming\ant\bin\;C:\Program Files\Microsoft SQL Server\90\Tools\binn\;;C:\Program Files\EurekaLog 6\Delphi10;C:\Program Files\EurekaLog 6\CBuilder10;C:\Program Files\EurekaLog 6\Delphi12;C:\Program Files\EurekaLog 6\CBuilder12;D:\Programming\Sun\SDK\bin;C:\Documents and Settings\root\My Documents\Borland Studio Projects\Bpl;D:\Program Files\Tools\WinNT;D:\Program Files\MSDev98\Bin;D:\Program Files\Tools;D:\VC98\bin;C:\Program Files\OpenVPN\bin
31.12.2009 1:49:04 org.apache.coyote.http11.Http11BaseProtocol init
INFO: Initializing Coyote HTTP/1.1 on http-8080
31.12.2009 1:49:04 org.apache.catalina.startup.Catalina load
INFO: Initialization processed in 1063 ms
31.12.2009 1:49:08 org.apache.catalina.core.StandardService start
INFO: Starting service Catalina
31.12.2009 1:49:08 org.apache.catalina.core.StandardEngine start
INFO: Starting Servlet Engine: Apache Tomcat/5.5.28
31.12.2009 1:49:08 org.apache.catalina.core.StandardHost start
INFO: XML validation disabled
31.12.2009 1:49:09 org.apache.catalina.startup.HostConfig deployWAR
INFO: Deploying web application archive hp.war
31.12.2009 1:49:18 org.apache.coyote.http11.Http11BaseProtocol start
INFO: Starting Coyote HTTP/1.1 on http-8080
31.12.2009 1:49:18 org.apache.jk.common.ChannelSocket init
INFO: JK: ajp13 listening on /0.0.0.0:8009
31.12.2009 1:49:18 org.apache.jk.server.JkMain start
INFO: Jk running ID=0 time=0/31  config=null
31.12.2009 1:49:18 org.apache.catalina.storeconfig.StoreLoader load
INFO: Find registry server-registry.xml at classpath resource
31.12.2009 1:49:19 org.apache.catalina.startup.Catalina start
INFO: Server startup in 14547 ms
31.12.2009 1:50:16 org.apache.coyote.http11.Http11BaseProtocol pause
INFO: Pausing Coyote HTTP/1.1 on http-8080
31.12.2009 1:50:18 org.apache.catalina.core.StandardService stop
INFO: Stopping service Catalina
31.12.2009 1:50:18 org.apache.coyote.http11.Http11BaseProtocol destroy
INFO: Stopping Coyote HTTP/1.1 on http-8080
31.12.2009 1:50:18 org.apache.catalina.core.AprLifecycleListener lifecycleEvent
INFO: Failed shutdown of Apache Portable Runtime
31.12.2009 1:51:25 org.apache.catalina.core.AprLifecycleListener lifecycleEvent
INFO: The Apache Tomcat Native library which allows optimal performance in production environments was not found on the java.library.path: D:\Programming\Sun\SDK\jdk\bin;.;C:\WINDOWS\Sun\Java\bin;C:\WINDOWS\system32;C:\WINDOWS;D:\Program Files\CodeGear\RAD Studio\6.0\bin;C:\Documents and Settings\All Users\Documents\RAD Studio\6.0\Bpl;E:\oracle\product\10.2.0\db_1\bin;C:\WINDOWS\system32;C:\WINDOWS;C:\WINDOWS\System32\Wbem;C:\Program Files\MySQL\MySQL Server 4.1\bin;C:\Program Files\Common Files\Adobe\AGL;C:\Program Files\Subversion\bin;C:\Program Files\jEdit;C:\Program Files\TortoiseSVN\bin;D:\Programming\Sun\SDK\jdk\\bin\;;C:\Program Files\Delphi 10 Lite\bin;D:\Programming\Maven\apache-maven-2.0.9\bin\;D:\Programming\ant\bin\;C:\Program Files\Microsoft SQL Server\90\Tools\binn\;;C:\Program Files\EurekaLog 6\Delphi10;C:\Program Files\EurekaLog 6\CBuilder10;C:\Program Files\EurekaLog 6\Delphi12;C:\Program Files\EurekaLog 6\CBuilder12;D:\Programming\Sun\SDK\bin;C:\Documents and Settings\root\My Documents\Borland Studio Projects\Bpl;D:\Program Files\Tools\WinNT;D:\Program Files\MSDev98\Bin;D:\Program Files\Tools;D:\VC98\bin;C:\Program Files\OpenVPN\bin
31.12.2009 1:51:25 org.apache.coyote.http11.Http11BaseProtocol init
INFO: Initializing Coyote HTTP/1.1 on http-8080
31.12.2009 1:51:25 org.apache.catalina.startup.Catalina load
INFO: Initialization processed in 1172 ms
31.12.2009 1:51:32 org.apache.catalina.core.StandardService start
INFO: Starting service Catalina
31.12.2009 1:51:32 org.apache.catalina.core.StandardEngine start
INFO: Starting Servlet Engine: Apache Tomcat/5.5.28
31.12.2009 1:51:32 org.apache.catalina.core.StandardHost start
INFO: XML validation disabled
31.12.2009 1:51:33 org.apache.catalina.startup.HostConfig deployWAR
INFO: Deploying web application archive hp.war
31.12.2009 1:51:44 org.apache.coyote.http11.Http11BaseProtocol start
INFO: Starting Coyote HTTP/1.1 on http-8080
31.12.2009 1:51:44 org.apache.jk.common.ChannelSocket init
INFO: JK: ajp13 listening on /0.0.0.0:8009
31.12.2009 1:51:44 org.apache.jk.server.JkMain start
INFO: Jk running ID=0 time=0/31  config=null
31.12.2009 1:51:44 org.apache.catalina.storeconfig.StoreLoader load
INFO: Find registry server-registry.xml at classpath resource
31.12.2009 1:51:44 org.apache.catalina.startup.Catalina start
INFO: Server startup in 18719 ms
31.12.2009 1:55:57 org.apache.coyote.http11.Http11BaseProtocol pause
INFO: Pausing Coyote HTTP/1.1 on http-8080
31.12.2009 1:55:58 org.apache.catalina.core.StandardService stop
INFO: Stopping service Catalina
31.12.2009 1:55:59 org.apache.coyote.http11.Http11BaseProtocol destroy
INFO: Stopping Coyote HTTP/1.1 on http-8080
31.12.2009 1:55:59 org.apache.catalina.core.AprLifecycleListener lifecycleEvent
INFO: Failed shutdown of Apache Portable Runtime
31.12.2009 1:56:10 org.apache.catalina.core.AprLifecycleListener lifecycleEvent
INFO: The Apache Tomcat Native library which allows optimal performance in production environments was not found on the java.library.path: D:\Programming\Sun\SDK\jdk\bin;.;C:\WINDOWS\Sun\Java\bin;C:\WINDOWS\system32;C:\WINDOWS;D:\Program Files\CodeGear\RAD Studio\6.0\bin;C:\Documents and Settings\All Users\Documents\RAD Studio\6.0\Bpl;E:\oracle\product\10.2.0\db_1\bin;C:\WINDOWS\system32;C:\WINDOWS;C:\WINDOWS\System32\Wbem;C:\Program Files\MySQL\MySQL Server 4.1\bin;C:\Program Files\Common Files\Adobe\AGL;C:\Program Files\Subversion\bin;C:\Program Files\jEdit;C:\Program Files\TortoiseSVN\bin;D:\Programming\Sun\SDK\jdk\\bin\;;C:\Program Files\Delphi 10 Lite\bin;D:\Programming\Maven\apache-maven-2.0.9\bin\;D:\Programming\ant\bin\;C:\Program Files\Microsoft SQL Server\90\Tools\binn\;;C:\Program Files\EurekaLog 6\Delphi10;C:\Program Files\EurekaLog 6\CBuilder10;C:\Program Files\EurekaLog 6\Delphi12;C:\Program Files\EurekaLog 6\CBuilder12;D:\Programming\Sun\SDK\bin;C:\Documents and Settings\root\My Documents\Borland Studio Projects\Bpl;D:\Program Files\Tools\WinNT;D:\Program Files\MSDev98\Bin;D:\Program Files\Tools;D:\VC98\bin;C:\Program Files\OpenVPN\bin
31.12.2009 1:56:10 org.apache.coyote.http11.Http11BaseProtocol init
INFO: Initializing Coyote HTTP/1.1 on http-8080
31.12.2009 1:56:10 org.apache.catalina.startup.Catalina load
INFO: Initialization processed in 2078 ms
31.12.2009 1:56:18 org.apache.catalina.core.StandardService start
INFO: Starting service Catalina
31.12.2009 1:56:18 org.apache.catalina.core.StandardEngine start
INFO: Starting Servlet Engine: Apache Tomcat/5.5.28
31.12.2009 1:56:18 org.apache.catalina.core.StandardHost start
INFO: XML validation disabled
31.12.2009 1:56:19 org.apache.catalina.startup.HostConfig deployWAR
INFO: Deploying web application archive hp.war
31.12.2009 1:56:30 org.apache.coyote.http11.Http11BaseProtocol start
INFO: Starting Coyote HTTP/1.1 on http-8080
31.12.2009 1:56:31 org.apache.jk.common.ChannelSocket init
INFO: JK: ajp13 listening on /0.0.0.0:8009
31.12.2009 1:56:31 org.apache.jk.server.JkMain start
INFO: Jk running ID=0 time=0/110  config=null
31.12.2009 1:56:31 org.apache.catalina.storeconfig.StoreLoader load
INFO: Find registry server-registry.xml at classpath resource
31.12.2009 1:56:31 org.apache.catalina.startup.Catalina start
INFO: Server startup in 20891 ms
31.12.2009 2:10:20 org.apache.coyote.http11.Http11BaseProtocol pause
INFO: Pausing Coyote HTTP/1.1 on http-8080
