26.12.2009 0:00:00 org.apache.catalina.core.ApplicationContext log
INFO: org.apache.webapp.balancer.BalancerFilter: init(): ruleChain: [org.apache.webapp.balancer.RuleChain: [org.apache.webapp.balancer.rules.URLStringMatchRule: Target string: News / Redirect URL: http://www.cnn.com], [org.apache.webapp.balancer.rules.RequestParameterRule: Target param name: paramName / Target param value: paramValue / Redirect URL: http://www.yahoo.com], [org.apache.webapp.balancer.rules.AcceptEverythingRule: Redirect URL: http://jakarta.apache.org]]
26.12.2009 0:00:00 org.apache.catalina.core.ApplicationContext log
INFO: ContextListener: contextInitialized()
26.12.2009 0:00:00 org.apache.catalina.core.ApplicationContext log
INFO: SessionListener: contextInitialized()
26.12.2009 0:00:00 org.apache.catalina.core.ApplicationContext log
INFO: ContextListener: contextInitialized()
26.12.2009 0:00:00 org.apache.catalina.core.ApplicationContext log
INFO: SessionListener: contextInitialized()
26.12.2009 0:05:38 org.apache.catalina.core.ApplicationContext log
INFO: SessionListener: contextDestroyed()
26.12.2009 0:05:38 org.apache.catalina.core.ApplicationContext log
INFO: ContextListener: contextDestroyed()
26.12.2009 0:05:39 org.apache.catalina.core.ApplicationContext log
INFO: SessionListener: contextDestroyed()
26.12.2009 0:05:39 org.apache.catalina.core.ApplicationContext log
INFO: ContextListener: contextDestroyed()
26.12.2009 0:06:20 org.apache.catalina.core.ApplicationContext log
INFO: org.apache.webapp.balancer.BalancerFilter: init(): ruleChain: [org.apache.webapp.balancer.RuleChain: [org.apache.webapp.balancer.rules.URLStringMatchRule: Target string: News / Redirect URL: http://www.cnn.com], [org.apache.webapp.balancer.rules.RequestParameterRule: Target param name: paramName / Target param value: paramValue / Redirect URL: http://www.yahoo.com], [org.apache.webapp.balancer.rules.AcceptEverythingRule: Redirect URL: http://jakarta.apache.org]]
26.12.2009 0:06:20 org.apache.catalina.core.ApplicationContext log
INFO: ContextListener: contextInitialized()
26.12.2009 0:06:20 org.apache.catalina.core.ApplicationContext log
INFO: SessionListener: contextInitialized()
26.12.2009 0:06:20 org.apache.catalina.core.ApplicationContext log
INFO: ContextListener: contextInitialized()
26.12.2009 0:06:20 org.apache.catalina.core.ApplicationContext log
INFO: SessionListener: contextInitialized()
26.12.2009 0:17:16 org.apache.catalina.core.ApplicationContext log
INFO: SessionListener: contextDestroyed()
26.12.2009 0:17:16 org.apache.catalina.core.ApplicationContext log
INFO: ContextListener: contextDestroyed()
26.12.2009 0:17:16 org.apache.catalina.core.ApplicationContext log
INFO: SessionListener: contextDestroyed()
26.12.2009 0:17:16 org.apache.catalina.core.ApplicationContext log
INFO: ContextListener: contextDestroyed()
26.12.2009 0:21:45 org.apache.catalina.core.ApplicationContext log
INFO: org.apache.webapp.balancer.BalancerFilter: init(): ruleChain: [org.apache.webapp.balancer.RuleChain: [org.apache.webapp.balancer.rules.URLStringMatchRule: Target string: News / Redirect URL: http://www.cnn.com], [org.apache.webapp.balancer.rules.RequestParameterRule: Target param name: paramName / Target param value: paramValue / Redirect URL: http://www.yahoo.com], [org.apache.webapp.balancer.rules.AcceptEverythingRule: Redirect URL: http://jakarta.apache.org]]
26.12.2009 0:21:45 org.apache.catalina.core.ApplicationContext log
INFO: ContextListener: contextInitialized()
26.12.2009 0:21:45 org.apache.catalina.core.ApplicationContext log
INFO: SessionListener: contextInitialized()
26.12.2009 0:21:45 org.apache.catalina.core.ApplicationContext log
INFO: ContextListener: contextInitialized()
26.12.2009 0:21:45 org.apache.catalina.core.ApplicationContext log
INFO: SessionListener: contextInitialized()
26.12.2009 0:24:28 org.apache.catalina.core.ApplicationContext log
INFO: SessionListener: contextDestroyed()
26.12.2009 0:24:28 org.apache.catalina.core.ApplicationContext log
INFO: ContextListener: contextDestroyed()
26.12.2009 0:24:28 org.apache.catalina.core.ApplicationContext log
INFO: SessionListener: contextDestroyed()
26.12.2009 0:24:28 org.apache.catalina.core.ApplicationContext log
INFO: ContextListener: contextDestroyed()
26.12.2009 0:24:39 org.apache.catalina.core.ApplicationContext log
INFO: org.apache.webapp.balancer.BalancerFilter: init(): ruleChain: [org.apache.webapp.balancer.RuleChain: [org.apache.webapp.balancer.rules.URLStringMatchRule: Target string: News / Redirect URL: http://www.cnn.com], [org.apache.webapp.balancer.rules.RequestParameterRule: Target param name: paramName / Target param value: paramValue / Redirect URL: http://www.yahoo.com], [org.apache.webapp.balancer.rules.AcceptEverythingRule: Redirect URL: http://jakarta.apache.org]]
26.12.2009 0:24:39 org.apache.catalina.core.ApplicationContext log
INFO: ContextListener: contextInitialized()
26.12.2009 0:24:39 org.apache.catalina.core.ApplicationContext log
INFO: SessionListener: contextInitialized()
26.12.2009 0:24:40 org.apache.catalina.core.ApplicationContext log
INFO: ContextListener: contextInitialized()
26.12.2009 0:24:40 org.apache.catalina.core.ApplicationContext log
INFO: SessionListener: contextInitialized()
26.12.2009 0:25:28 org.apache.catalina.core.ApplicationContext log
INFO: SessionListener: contextDestroyed()
26.12.2009 0:25:28 org.apache.catalina.core.ApplicationContext log
INFO: ContextListener: contextDestroyed()
26.12.2009 0:25:28 org.apache.catalina.core.ApplicationContext log
INFO: SessionListener: contextDestroyed()
26.12.2009 0:25:28 org.apache.catalina.core.ApplicationContext log
INFO: ContextListener: contextDestroyed()
26.12.2009 0:25:58 org.apache.catalina.core.ApplicationContext log
INFO: org.apache.webapp.balancer.BalancerFilter: init(): ruleChain: [org.apache.webapp.balancer.RuleChain: [org.apache.webapp.balancer.rules.URLStringMatchRule: Target string: News / Redirect URL: http://www.cnn.com], [org.apache.webapp.balancer.rules.RequestParameterRule: Target param name: paramName / Target param value: paramValue / Redirect URL: http://www.yahoo.com], [org.apache.webapp.balancer.rules.AcceptEverythingRule: Redirect URL: http://jakarta.apache.org]]
26.12.2009 0:25:59 org.apache.catalina.core.ApplicationContext log
INFO: ContextListener: contextInitialized()
26.12.2009 0:25:59 org.apache.catalina.core.ApplicationContext log
INFO: SessionListener: contextInitialized()
26.12.2009 0:26:00 org.apache.catalina.core.ApplicationContext log
INFO: ContextListener: contextInitialized()
26.12.2009 0:26:00 org.apache.catalina.core.ApplicationContext log
INFO: SessionListener: contextInitialized()
26.12.2009 0:27:07 org.apache.catalina.core.ApplicationContext log
INFO: SessionListener: contextDestroyed()
26.12.2009 0:27:07 org.apache.catalina.core.ApplicationContext log
INFO: ContextListener: contextDestroyed()
26.12.2009 0:27:07 org.apache.catalina.core.ApplicationContext log
INFO: SessionListener: contextDestroyed()
26.12.2009 0:27:07 org.apache.catalina.core.ApplicationContext log
INFO: ContextListener: contextDestroyed()
