26.12.2009 0:00:03 org.apache.catalina.core.ApplicationContext log
INFO: HTMLManager: init: Associated with Deployer 'Catalina:type=Deployer,host=localhost'
26.12.2009 0:00:03 org.apache.catalina.core.ApplicationContext log
INFO: HTMLManager: init: Global resources are available
26.12.2009 0:00:03 org.apache.catalina.core.ApplicationContext log
INFO: HTMLManager: list: Listing contexts for virtual host 'localhost'
26.12.2009 0:00:17 org.apache.catalina.core.ApplicationContext log
INFO: HTMLManager: list: Listing contexts for virtual host 'localhost'
26.12.2009 0:03:26 org.apache.catalina.core.ApplicationContext log
INFO: Manager: init: Associated with Deployer 'Catalina:type=Deployer,host=localhost'
26.12.2009 0:03:26 org.apache.catalina.core.ApplicationContext log
INFO: Manager: init: Global resources are available
26.12.2009 0:03:26 org.apache.catalina.core.ApplicationContext log
INFO: Manager: deploy: Deploying web application at '/hp'
26.12.2009 0:03:40 org.apache.catalina.core.ApplicationContext log
INFO: HTMLManager: undeploy: Undeploying web application at '/hp'
26.12.2009 0:03:41 org.apache.catalina.core.ApplicationContext log
INFO: HTMLManager: list: Listing contexts for virtual host 'localhost'
26.12.2009 0:03:55 org.apache.catalina.core.ApplicationContext log
INFO: HTMLManager: list: Listing contexts for virtual host 'localhost'
26.12.2009 0:04:33 org.apache.catalina.core.ApplicationContext log
INFO: HTMLManager: stop: Stopping web application at '/hp'
26.12.2009 0:04:33 org.apache.catalina.core.ApplicationContext log
INFO: HTMLManager: list: Listing contexts for virtual host 'localhost'
26.12.2009 0:04:36 org.apache.catalina.core.ApplicationContext log
INFO: HTMLManager: undeploy: Undeploying web application at '/hp'
26.12.2009 0:04:36 org.apache.catalina.core.ApplicationContext log
INFO: HTMLManager: list: Listing contexts for virtual host 'localhost'
26.12.2009 0:04:51 org.apache.catalina.core.ApplicationContext log
INFO: HTMLManager: list: Listing contexts for virtual host 'localhost'
26.12.2009 0:05:06 org.apache.catalina.core.ApplicationContext log
INFO: HTMLManager: start: Starting web application at '/hp'
26.12.2009 0:05:06 org.apache.catalina.core.ApplicationContext log
INFO: HTMLManager: list: Listing contexts for virtual host 'localhost'
26.12.2009 0:05:21 org.apache.catalina.core.ApplicationContext log
INFO: HTMLManager: restart: Reloading web application at '/hp'
26.12.2009 0:05:21 org.apache.catalina.core.ApplicationContext log
INFO: HTMLManager: list: Listing contexts for virtual host 'localhost'
26.12.2009 0:06:25 org.apache.catalina.core.ApplicationContext log
INFO: HTMLManager: init: Associated with Deployer 'Catalina:type=Deployer,host=localhost'
26.12.2009 0:06:25 org.apache.catalina.core.ApplicationContext log
INFO: HTMLManager: init: Global resources are available
26.12.2009 0:06:25 org.apache.catalina.core.ApplicationContext log
INFO: HTMLManager: restart: Reloading web application at '/hp'
26.12.2009 0:06:32 org.apache.catalina.core.ApplicationContext log
INFO: HTMLManager: list: Listing contexts for virtual host 'localhost'
26.12.2009 0:06:41 org.apache.catalina.core.ApplicationContext log
INFO: HTMLManager: list: Listing contexts for virtual host 'localhost'
26.12.2009 0:09:00 org.apache.catalina.core.ApplicationContext log
INFO: HTMLManager: stop: Stopping web application at '/hp'
26.12.2009 0:09:02 org.apache.catalina.core.ApplicationContext log
INFO: HTMLManager: list: Listing contexts for virtual host 'localhost'
26.12.2009 0:09:07 org.apache.catalina.core.ApplicationContext log
INFO: HTMLManager: undeploy: Undeploying web application at '/hp'
26.12.2009 0:09:08 org.apache.catalina.core.ApplicationContext log
INFO: HTMLManager: list: Listing contexts for virtual host 'localhost'
26.12.2009 0:21:58 org.apache.catalina.core.ApplicationContext log
INFO: HTMLManager: init: Associated with Deployer 'Catalina:type=Deployer,host=localhost'
26.12.2009 0:21:58 org.apache.catalina.core.ApplicationContext log
INFO: HTMLManager: init: Global resources are available
26.12.2009 0:21:58 org.apache.catalina.core.ApplicationContext log
INFO: HTMLManager: list: Listing contexts for virtual host 'localhost'
26.12.2009 0:22:02 org.apache.catalina.core.ApplicationContext log
INFO: HTMLManager: stop: Stopping web application at '/hp'
26.12.2009 0:22:02 org.apache.catalina.core.ApplicationContext log
INFO: HTMLManager: list: Listing contexts for virtual host 'localhost'
26.12.2009 0:22:05 org.apache.catalina.core.ApplicationContext log
INFO: HTMLManager: undeploy: Undeploying web application at '/hp'
26.12.2009 0:22:05 org.apache.catalina.core.ApplicationContext log
INFO: HTMLManager: list: Listing contexts for virtual host 'localhost'
26.12.2009 0:22:16 org.apache.catalina.core.ApplicationContext log
INFO: HTMLManager: list: Listing contexts for virtual host 'localhost'
26.12.2009 0:22:22 org.apache.catalina.core.ApplicationContext log
INFO: HTMLManager: start: Starting web application at '/hp'
26.12.2009 0:22:25 org.apache.catalina.core.ApplicationContext log
INFO: HTMLManager: list: Listing contexts for virtual host 'localhost'
26.12.2009 0:23:04 org.apache.catalina.core.ApplicationContext log
INFO: HTMLManager: undeploy: Undeploying web application at '/hp'
26.12.2009 0:23:09 org.apache.catalina.core.ApplicationContext log
INFO: HTMLManager: list: Listing contexts for virtual host 'localhost'
26.12.2009 0:23:58 org.apache.catalina.core.ApplicationContext log
INFO: HTMLManager: undeploy: Undeploying web application at '/hp'
26.12.2009 0:23:58 org.apache.catalina.core.ApplicationContext log
INFO: HTMLManager: list: Listing contexts for virtual host 'localhost'
26.12.2009 0:24:07 org.apache.catalina.core.ApplicationContext log
INFO: HTMLManager: undeploy: Undeploying web application at '/hp'
26.12.2009 0:24:07 org.apache.catalina.core.ApplicationContext log
INFO: HTMLManager: list: Listing contexts for virtual host 'localhost'
26.12.2009 0:24:10 org.apache.catalina.core.ApplicationContext log
INFO: HTMLManager: undeploy: Undeploying web application at '/hp'
26.12.2009 0:24:10 org.apache.catalina.core.ApplicationContext log
INFO: HTMLManager: list: Listing contexts for virtual host 'localhost'
26.12.2009 0:24:15 org.apache.catalina.core.ApplicationContext log
INFO: HTMLManager: list: Listing contexts for virtual host 'localhost'
26.12.2009 0:24:19 org.apache.catalina.core.ApplicationContext log
INFO: HTMLManager: start: Starting web application at '/hp'
26.12.2009 0:24:19 org.apache.catalina.core.ApplicationContext log
INFO: HTMLManager: list: Listing contexts for virtual host 'localhost'
26.12.2009 0:24:50 org.apache.catalina.core.ApplicationContext log
INFO: HTMLManager: init: Associated with Deployer 'Catalina:type=Deployer,host=localhost'
26.12.2009 0:24:50 org.apache.catalina.core.ApplicationContext log
INFO: HTMLManager: init: Global resources are available
26.12.2009 0:24:50 org.apache.catalina.core.ApplicationContext log
INFO: HTMLManager: start: Starting web application at '/hp'
26.12.2009 0:24:50 org.apache.catalina.core.ApplicationContext log
INFO: HTMLManager: list: Listing contexts for virtual host 'localhost'
26.12.2009 0:24:51 org.apache.catalina.core.ApplicationContext log
INFO: HTMLManager: start: Starting web application at '/hp'
26.12.2009 0:24:51 org.apache.catalina.core.ApplicationContext log
INFO: HTMLManager: list: Listing contexts for virtual host 'localhost'
26.12.2009 0:24:51 org.apache.catalina.core.ApplicationContext log
INFO: HTMLManager: start: Starting web application at '/hp'
26.12.2009 0:24:51 org.apache.catalina.core.ApplicationContext log
INFO: HTMLManager: list: Listing contexts for virtual host 'localhost'
26.12.2009 0:24:51 org.apache.catalina.core.ApplicationContext log
INFO: HTMLManager: start: Starting web application at '/hp'
26.12.2009 0:24:51 org.apache.catalina.core.ApplicationContext log
INFO: HTMLManager: list: Listing contexts for virtual host 'localhost'
26.12.2009 0:24:51 org.apache.catalina.core.ApplicationContext log
INFO: HTMLManager: start: Starting web application at '/hp'
26.12.2009 0:24:51 org.apache.catalina.core.ApplicationContext log
INFO: HTMLManager: list: Listing contexts for virtual host 'localhost'
26.12.2009 0:24:51 org.apache.catalina.core.ApplicationContext log
INFO: HTMLManager: start: Starting web application at '/hp'
26.12.2009 0:24:51 org.apache.catalina.core.ApplicationContext log
INFO: HTMLManager: list: Listing contexts for virtual host 'localhost'
26.12.2009 0:24:51 org.apache.catalina.core.ApplicationContext log
INFO: HTMLManager: start: Starting web application at '/hp'
26.12.2009 0:24:51 org.apache.catalina.core.ApplicationContext log
INFO: HTMLManager: list: Listing contexts for virtual host 'localhost'
26.12.2009 0:24:54 org.apache.catalina.core.ApplicationContext log
INFO: HTMLManager: stop: Stopping web application at '/hp'
26.12.2009 0:24:54 org.apache.catalina.core.ApplicationContext log
INFO: HTMLManager: list: Listing contexts for virtual host 'localhost'
26.12.2009 0:24:56 org.apache.catalina.core.ApplicationContext log
INFO: HTMLManager: start: Starting web application at '/hp'
26.12.2009 0:24:56 org.apache.catalina.core.ApplicationContext log
INFO: HTMLManager: list: Listing contexts for virtual host 'localhost'
