31.12.2009 0:24:45 org.apache.catalina.core.ApplicationContext log
INFO: HTMLManager: init: Associated with Deployer 'Catalina:type=Deployer,host=localhost'
31.12.2009 0:24:45 org.apache.catalina.core.ApplicationContext log
INFO: HTMLManager: init: Global resources are available
31.12.2009 0:24:45 org.apache.catalina.core.ApplicationContext log
INFO: HTMLManager: list: Listing contexts for virtual host 'localhost'
31.12.2009 0:24:59 org.apache.catalina.core.ApplicationContext log
INFO: HTMLManager: stop: Stopping web application at '/hp'
31.12.2009 0:25:02 org.apache.catalina.core.ApplicationContext log
INFO: HTMLManager: list: Listing contexts for virtual host 'localhost'
31.12.2009 0:25:05 org.apache.catalina.core.ApplicationContext log
INFO: HTMLManager: undeploy: Undeploying web application at '/hp'
31.12.2009 0:25:17 org.apache.catalina.core.ApplicationContext log
INFO: HTMLManager: install: Installing web application from 'null'
31.12.2009 0:25:17 org.apache.catalina.core.ApplicationContext log
INFO: HTMLManager: list: Listing contexts for virtual host 'localhost'
31.12.2009 0:25:43 org.apache.catalina.core.ApplicationContext log
INFO: HTMLManager: list: Listing contexts for virtual host 'localhost'
31.12.2009 0:25:51 org.apache.catalina.core.ApplicationContext log
INFO: HTMLManager: list: Listing contexts for virtual host 'localhost'
31.12.2009 0:26:42 org.apache.catalina.core.ApplicationContext log
INFO: HTMLManager: restart: Reloading web application at '/hp'
31.12.2009 0:26:42 org.apache.catalina.core.ApplicationContext log
INFO: HTMLManager: list: Listing contexts for virtual host 'localhost'
31.12.2009 0:26:46 org.apache.catalina.core.ApplicationContext log
INFO: HTMLManager: restart: Reloading web application at '/hp'
31.12.2009 0:26:46 org.apache.catalina.core.ApplicationContext log
INFO: HTMLManager: list: Listing contexts for virtual host 'localhost'
31.12.2009 0:27:46 org.apache.catalina.core.ApplicationContext log
INFO: HTMLManager: init: Associated with Deployer 'Catalina:type=Deployer,host=localhost'
31.12.2009 0:27:46 org.apache.catalina.core.ApplicationContext log
INFO: HTMLManager: init: Global resources are available
31.12.2009 0:27:46 org.apache.catalina.core.ApplicationContext log
INFO: HTMLManager: restart: Reloading web application at '/hp'
31.12.2009 0:27:47 org.apache.catalina.core.ApplicationContext log
INFO: HTMLManager: list: Listing contexts for virtual host 'localhost'
31.12.2009 0:28:02 org.apache.catalina.core.ApplicationContext log
INFO: HTMLManager: restart: Reloading web application at '/hp'
31.12.2009 0:28:02 org.apache.catalina.core.ApplicationContext log
INFO: HTMLManager: list: Listing contexts for virtual host 'localhost'
31.12.2009 0:28:06 org.apache.catalina.core.ApplicationContext log
INFO: HTMLManager: stop: Stopping web application at '/hp'
31.12.2009 0:28:06 org.apache.catalina.core.ApplicationContext log
INFO: HTMLManager: list: Listing contexts for virtual host 'localhost'
31.12.2009 0:28:09 org.apache.catalina.core.ApplicationContext log
INFO: HTMLManager: start: Starting web application at '/hp'
31.12.2009 0:28:09 org.apache.catalina.core.ApplicationContext log
INFO: HTMLManager: list: Listing contexts for virtual host 'localhost'
31.12.2009 0:28:33 org.apache.catalina.core.ApplicationContext log
INFO: HTMLManager: list: Listing contexts for virtual host 'localhost'
31.12.2009 0:31:56 org.apache.catalina.core.ApplicationContext log
INFO: HTMLManager: init: Associated with Deployer 'Catalina:type=Deployer,host=localhost'
31.12.2009 0:31:56 org.apache.catalina.core.ApplicationContext log
INFO: HTMLManager: init: Global resources are available
31.12.2009 0:31:56 org.apache.catalina.core.ApplicationContext log
INFO: HTMLManager: list: Listing contexts for virtual host 'localhost'
31.12.2009 0:32:13 org.apache.catalina.core.ApplicationContext log
INFO: HTMLManager: list: Listing contexts for virtual host 'localhost'
31.12.2009 1:32:15 org.apache.catalina.core.ApplicationContext log
INFO: HTMLManager: init: Associated with Deployer 'Catalina:type=Deployer,host=localhost'
31.12.2009 1:32:15 org.apache.catalina.core.ApplicationContext log
INFO: HTMLManager: init: Global resources are available
31.12.2009 1:32:18 org.apache.catalina.core.ApplicationContext log
INFO: HTMLManager: list: Listing contexts for virtual host 'localhost'
31.12.2009 1:42:50 org.apache.catalina.core.ApplicationContext log
INFO: HTMLManager: init: Associated with Deployer 'Catalina:type=Deployer,host=localhost'
31.12.2009 1:42:50 org.apache.catalina.core.ApplicationContext log
INFO: HTMLManager: init: Global resources are available
31.12.2009 1:42:50 org.apache.catalina.core.ApplicationContext log
INFO: HTMLManager: undeploy: Undeploying web application at '/hp'
31.12.2009 1:42:52 org.apache.catalina.core.ApplicationContext log
INFO: HTMLManager: list: Listing contexts for virtual host 'localhost'
31.12.2009 1:45:14 org.apache.catalina.core.ApplicationContext log
INFO: HTMLManager: init: Associated with Deployer 'Catalina:type=Deployer,host=localhost'
31.12.2009 1:45:14 org.apache.catalina.core.ApplicationContext log
INFO: HTMLManager: init: Global resources are available
31.12.2009 1:45:14 org.apache.catalina.core.ApplicationContext log
INFO: HTMLManager: undeploy: Undeploying web application at '/hp'
31.12.2009 1:45:15 org.apache.catalina.core.ApplicationContext log
INFO: HTMLManager: list: Listing contexts for virtual host 'localhost'
31.12.2009 1:46:00 org.apache.catalina.core.ApplicationContext log
INFO: HTMLManager: init: Associated with Deployer 'Catalina:type=Deployer,host=localhost'
31.12.2009 1:46:00 org.apache.catalina.core.ApplicationContext log
INFO: HTMLManager: init: Global resources are available
31.12.2009 1:46:01 org.apache.catalina.core.ApplicationContext log
INFO: HTMLManager: list: Listing contexts for virtual host 'localhost'
31.12.2009 1:48:40 org.apache.catalina.core.ApplicationContext log
INFO: HTMLManager: init: Associated with Deployer 'Catalina:type=Deployer,host=localhost'
31.12.2009 1:48:40 org.apache.catalina.core.ApplicationContext log
INFO: HTMLManager: init: Global resources are available
31.12.2009 1:48:40 org.apache.catalina.core.ApplicationContext log
INFO: HTMLManager: list: Listing contexts for virtual host 'localhost'
31.12.2009 1:48:44 org.apache.catalina.core.ApplicationContext log
INFO: HTMLManager: undeploy: Undeploying web application at '/hp'
31.12.2009 1:48:45 org.apache.catalina.core.ApplicationContext log
INFO: HTMLManager: list: Listing contexts for virtual host 'localhost'
31.12.2009 1:49:21 org.apache.catalina.core.ApplicationContext log
INFO: HTMLManager: init: Associated with Deployer 'Catalina:type=Deployer,host=localhost'
31.12.2009 1:49:21 org.apache.catalina.core.ApplicationContext log
INFO: HTMLManager: init: Global resources are available
31.12.2009 1:49:21 org.apache.catalina.core.ApplicationContext log
INFO: HTMLManager: list: Listing contexts for virtual host 'localhost'
