15.01.2010 2:15:00 org.apache.catalina.core.AprLifecycleListener lifecycleEvent
INFO: The Apache Tomcat Native library which allows optimal performance in production environments was not found on the java.library.path: D:\Programming\Sun\SDK\jdk\bin;.;C:\WINDOWS\Sun\Java\bin;C:\WINDOWS\system32;C:\WINDOWS;D:\Program Files\CodeGear\RAD Studio\6.0\bin;C:\Documents and Settings\All Users\Documents\RAD Studio\6.0\Bpl;E:\oracle\product\10.2.0\db_1\bin;C:\WINDOWS\system32;C:\WINDOWS;C:\WINDOWS\System32\Wbem;C:\Program Files\MySQL\MySQL Server 4.1\bin;C:\Program Files\Common Files\Adobe\AGL;C:\Program Files\Subversion\bin;C:\Program Files\jEdit;C:\Program Files\TortoiseSVN\bin;D:\Programming\Sun\SDK\jdk\\bin\;;C:\Program Files\Delphi 10 Lite\bin;D:\Programming\Maven\apache-maven-2.0.9\bin\;D:\Programming\ant\bin\;C:\Program Files\Microsoft SQL Server\90\Tools\binn\;;C:\Program Files\EurekaLog 6\Delphi10;C:\Program Files\EurekaLog 6\CBuilder10;C:\Program Files\EurekaLog 6\Delphi12;C:\Program Files\EurekaLog 6\CBuilder12;D:\Programming\Sun\SDK\bin;C:\Documents and Settings\root\My Documents\Borland Studio Projects\Bpl;D:\Program Files\Tools\WinNT;D:\Program Files\MSDev98\Bin;D:\Program Files\Tools;D:\VC98\bin;C:\Program Files\OpenVPN\bin
15.01.2010 2:15:00 org.apache.coyote.http11.Http11BaseProtocol init
INFO: Initializing Coyote HTTP/1.1 on http-8080
15.01.2010 2:15:00 org.apache.catalina.startup.Catalina load
INFO: Initialization processed in 2594 ms
15.01.2010 2:15:10 org.apache.catalina.core.StandardService start
INFO: Starting service Catalina
15.01.2010 2:15:10 org.apache.catalina.core.StandardEngine start
INFO: Starting Servlet Engine: Apache Tomcat/5.5.28
15.01.2010 2:15:10 org.apache.catalina.core.StandardHost start
INFO: XML validation disabled
15.01.2010 2:15:13 org.apache.catalina.startup.HostConfig deployWAR
INFO: Deploying web application archive hp.war
15.01.2010 2:15:24 org.apache.catalina.startup.HostConfig deployWAR
INFO: Deploying web application archive jcr-explorer.war
15.01.2010 2:15:34 org.apache.coyote.http11.Http11BaseProtocol start
INFO: Starting Coyote HTTP/1.1 on http-8080
15.01.2010 2:15:34 org.apache.jk.common.ChannelSocket init
INFO: JK: ajp13 listening on /0.0.0.0:8009
15.01.2010 2:15:34 org.apache.jk.server.JkMain start
INFO: Jk running ID=0 time=0/93  config=null
15.01.2010 2:15:34 org.apache.catalina.storeconfig.StoreLoader load
INFO: Find registry server-registry.xml at classpath resource
15.01.2010 2:15:34 org.apache.catalina.startup.Catalina start
INFO: Server startup in 33828 ms
15.01.2010 2:18:12 org.apache.coyote.http11.Http11BaseProtocol pause
INFO: Pausing Coyote HTTP/1.1 on http-8080
15.01.2010 2:18:13 org.apache.catalina.core.StandardService stop
INFO: Stopping service Catalina
15.01.2010 22:31:13 org.apache.catalina.core.AprLifecycleListener lifecycleEvent
INFO: The Apache Tomcat Native library which allows optimal performance in production environments was not found on the java.library.path: D:\Programming\Sun\SDK\jdk\bin;.;C:\WINDOWS\Sun\Java\bin;C:\WINDOWS\system32;C:\WINDOWS;D:\Program Files\CodeGear\RAD Studio\6.0\bin;C:\Documents and Settings\All Users\Documents\RAD Studio\6.0\Bpl;E:\oracle\product\10.2.0\db_1\bin;C:\WINDOWS\system32;C:\WINDOWS;C:\WINDOWS\System32\Wbem;C:\Program Files\MySQL\MySQL Server 4.1\bin;C:\Program Files\Common Files\Adobe\AGL;C:\Program Files\Subversion\bin;C:\Program Files\jEdit;C:\Program Files\TortoiseSVN\bin;D:\Programming\Sun\SDK\jdk\\bin\;;C:\Program Files\Delphi 10 Lite\bin;D:\Programming\Maven\apache-maven-2.0.9\bin\;D:\Programming\ant\bin\;C:\Program Files\Microsoft SQL Server\90\Tools\binn\;;C:\Program Files\EurekaLog 6\Delphi10;C:\Program Files\EurekaLog 6\CBuilder10;C:\Program Files\EurekaLog 6\Delphi12;C:\Program Files\EurekaLog 6\CBuilder12;D:\Programming\Sun\SDK\bin;C:\Documents and Settings\root\My Documents\Borland Studio Projects\Bpl;D:\Program Files\Tools\WinNT;D:\Program Files\MSDev98\Bin;D:\Program Files\Tools;D:\VC98\bin;C:\Program Files\OpenVPN\bin
15.01.2010 22:31:14 org.apache.coyote.http11.Http11BaseProtocol init
INFO: Initializing Coyote HTTP/1.1 on http-8080
15.01.2010 22:31:14 org.apache.catalina.startup.Catalina load
INFO: Initialization processed in 1328 ms
15.01.2010 22:31:20 org.apache.catalina.core.StandardService start
INFO: Starting service Catalina
15.01.2010 22:31:20 org.apache.catalina.core.StandardEngine start
INFO: Starting Servlet Engine: Apache Tomcat/5.5.28
15.01.2010 22:31:20 org.apache.catalina.core.StandardHost start
INFO: XML validation disabled
15.01.2010 22:31:20 org.apache.catalina.startup.HostConfig deployWAR
INFO: Deploying web application archive hp.war
15.01.2010 22:31:27 org.apache.catalina.startup.HostConfig deployWAR
INFO: Deploying web application archive jcr-explorer.war
15.01.2010 22:31:31 org.apache.coyote.http11.Http11BaseProtocol start
INFO: Starting Coyote HTTP/1.1 on http-8080
15.01.2010 22:31:31 org.apache.jk.common.ChannelSocket init
INFO: JK: ajp13 listening on /0.0.0.0:8009
15.01.2010 22:31:31 org.apache.jk.server.JkMain start
INFO: Jk running ID=0 time=0/93  config=null
15.01.2010 22:31:31 org.apache.catalina.storeconfig.StoreLoader load
INFO: Find registry server-registry.xml at classpath resource
15.01.2010 22:31:31 org.apache.catalina.startup.Catalina start
INFO: Server startup in 17625 ms
15.01.2010 22:50:27 org.apache.coyote.http11.Http11BaseProtocol pause
INFO: Pausing Coyote HTTP/1.1 on http-8080
15.01.2010 22:50:28 org.apache.catalina.core.StandardService stop
INFO: Stopping service Catalina
15.01.2010 22:50:29 org.apache.coyote.http11.Http11BaseProtocol destroy
INFO: Stopping Coyote HTTP/1.1 on http-8080
15.01.2010 22:50:29 org.apache.catalina.core.AprLifecycleListener lifecycleEvent
INFO: Failed shutdown of Apache Portable Runtime
15.01.2010 22:51:47 org.apache.catalina.core.AprLifecycleListener lifecycleEvent
INFO: The Apache Tomcat Native library which allows optimal performance in production environments was not found on the java.library.path: D:\Programming\Sun\SDK\jdk\bin;.;C:\WINDOWS\Sun\Java\bin;C:\WINDOWS\system32;C:\WINDOWS;D:\Program Files\CodeGear\RAD Studio\6.0\bin;C:\Documents and Settings\All Users\Documents\RAD Studio\6.0\Bpl;E:\oracle\product\10.2.0\db_1\bin;C:\WINDOWS\system32;C:\WINDOWS;C:\WINDOWS\System32\Wbem;C:\Program Files\MySQL\MySQL Server 4.1\bin;C:\Program Files\Common Files\Adobe\AGL;C:\Program Files\Subversion\bin;C:\Program Files\jEdit;C:\Program Files\TortoiseSVN\bin;D:\Programming\Sun\SDK\jdk\\bin\;;C:\Program Files\Delphi 10 Lite\bin;D:\Programming\Maven\apache-maven-2.0.9\bin\;D:\Programming\ant\bin\;C:\Program Files\Microsoft SQL Server\90\Tools\binn\;;C:\Program Files\EurekaLog 6\Delphi10;C:\Program Files\EurekaLog 6\CBuilder10;C:\Program Files\EurekaLog 6\Delphi12;C:\Program Files\EurekaLog 6\CBuilder12;D:\Programming\Sun\SDK\bin;C:\Documents and Settings\root\My Documents\Borland Studio Projects\Bpl;D:\Program Files\Tools\WinNT;D:\Program Files\MSDev98\Bin;D:\Program Files\Tools;D:\VC98\bin;C:\Program Files\OpenVPN\bin
15.01.2010 22:51:47 org.apache.coyote.http11.Http11BaseProtocol init
INFO: Initializing Coyote HTTP/1.1 on http-8080
15.01.2010 22:51:47 org.apache.catalina.startup.Catalina load
INFO: Initialization processed in 1187 ms
15.01.2010 22:51:52 org.apache.catalina.core.StandardService start
INFO: Starting service Catalina
15.01.2010 22:51:52 org.apache.catalina.core.StandardEngine start
INFO: Starting Servlet Engine: Apache Tomcat/5.5.28
15.01.2010 22:51:52 org.apache.catalina.core.StandardHost start
INFO: XML validation disabled
15.01.2010 22:51:52 org.apache.catalina.startup.HostConfig deployWAR
INFO: Deploying web application archive hp.war
15.01.2010 22:51:59 org.apache.catalina.startup.HostConfig deployWAR
INFO: Deploying web application archive jcr-explorer.war
15.01.2010 22:52:02 org.apache.coyote.http11.Http11BaseProtocol start
INFO: Starting Coyote HTTP/1.1 on http-8080
15.01.2010 22:52:02 org.apache.jk.common.ChannelSocket init
INFO: JK: ajp13 listening on /0.0.0.0:8009
15.01.2010 22:52:02 org.apache.jk.server.JkMain start
INFO: Jk running ID=0 time=0/109  config=null
15.01.2010 22:52:02 org.apache.catalina.storeconfig.StoreLoader load
INFO: Find registry server-registry.xml at classpath resource
15.01.2010 22:52:02 org.apache.catalina.startup.Catalina start
INFO: Server startup in 15219 ms
15.01.2010 22:59:21 org.apache.coyote.http11.Http11BaseProtocol pause
INFO: Pausing Coyote HTTP/1.1 on http-8080
15.01.2010 22:59:22 org.apache.catalina.core.StandardService stop
INFO: Stopping service Catalina
15.01.2010 22:59:23 org.apache.coyote.http11.Http11BaseProtocol destroy
INFO: Stopping Coyote HTTP/1.1 on http-8080
15.01.2010 22:59:23 org.apache.catalina.core.AprLifecycleListener lifecycleEvent
INFO: Failed shutdown of Apache Portable Runtime
15.01.2010 22:59:44 org.apache.catalina.core.AprLifecycleListener lifecycleEvent
INFO: The Apache Tomcat Native library which allows optimal performance in production environments was not found on the java.library.path: D:\Programming\Sun\SDK\jdk\bin;.;C:\WINDOWS\Sun\Java\bin;C:\WINDOWS\system32;C:\WINDOWS;D:\Program Files\CodeGear\RAD Studio\6.0\bin;C:\Documents and Settings\All Users\Documents\RAD Studio\6.0\Bpl;E:\oracle\product\10.2.0\db_1\bin;C:\WINDOWS\system32;C:\WINDOWS;C:\WINDOWS\System32\Wbem;C:\Program Files\MySQL\MySQL Server 4.1\bin;C:\Program Files\Common Files\Adobe\AGL;C:\Program Files\Subversion\bin;C:\Program Files\jEdit;C:\Program Files\TortoiseSVN\bin;D:\Programming\Sun\SDK\jdk\\bin\;;C:\Program Files\Delphi 10 Lite\bin;D:\Programming\Maven\apache-maven-2.0.9\bin\;D:\Programming\ant\bin\;C:\Program Files\Microsoft SQL Server\90\Tools\binn\;;C:\Program Files\EurekaLog 6\Delphi10;C:\Program Files\EurekaLog 6\CBuilder10;C:\Program Files\EurekaLog 6\Delphi12;C:\Program Files\EurekaLog 6\CBuilder12;D:\Programming\Sun\SDK\bin;C:\Documents and Settings\root\My Documents\Borland Studio Projects\Bpl;D:\Program Files\Tools\WinNT;D:\Program Files\MSDev98\Bin;D:\Program Files\Tools;D:\VC98\bin;C:\Program Files\OpenVPN\bin
15.01.2010 22:59:44 org.apache.coyote.http11.Http11BaseProtocol init
INFO: Initializing Coyote HTTP/1.1 on http-8080
15.01.2010 22:59:44 org.apache.catalina.startup.Catalina load
INFO: Initialization processed in 1047 ms
15.01.2010 22:59:48 org.apache.catalina.core.StandardService start
INFO: Starting service Catalina
15.01.2010 22:59:48 org.apache.catalina.core.StandardEngine start
INFO: Starting Servlet Engine: Apache Tomcat/5.5.28
15.01.2010 22:59:48 org.apache.catalina.core.StandardHost start
INFO: XML validation disabled
15.01.2010 22:59:49 org.apache.catalina.startup.HostConfig deployWAR
INFO: Deploying web application archive hp.war
15.01.2010 22:59:55 org.apache.catalina.startup.HostConfig deployWAR
INFO: Deploying web application archive jcr-explorer.war
15.01.2010 22:59:57 org.apache.coyote.http11.Http11BaseProtocol start
INFO: Starting Coyote HTTP/1.1 on http-8080
15.01.2010 22:59:57 org.apache.jk.common.ChannelSocket init
INFO: JK: ajp13 listening on /0.0.0.0:8009
15.01.2010 22:59:57 org.apache.jk.server.JkMain start
INFO: Jk running ID=0 time=0/125  config=null
15.01.2010 22:59:57 org.apache.catalina.storeconfig.StoreLoader load
INFO: Find registry server-registry.xml at classpath resource
15.01.2010 22:59:58 org.apache.catalina.startup.Catalina start
INFO: Server startup in 13781 ms
15.01.2010 23:07:18 org.apache.coyote.http11.Http11BaseProtocol pause
INFO: Pausing Coyote HTTP/1.1 on http-8080
15.01.2010 23:07:34 org.apache.catalina.core.AprLifecycleListener lifecycleEvent
INFO: The Apache Tomcat Native library which allows optimal performance in production environments was not found on the java.library.path: D:\Programming\Sun\SDK\jdk\bin;.;C:\WINDOWS\Sun\Java\bin;C:\WINDOWS\system32;C:\WINDOWS;D:\Program Files\CodeGear\RAD Studio\6.0\bin;C:\Documents and Settings\All Users\Documents\RAD Studio\6.0\Bpl;E:\oracle\product\10.2.0\db_1\bin;C:\WINDOWS\system32;C:\WINDOWS;C:\WINDOWS\System32\Wbem;C:\Program Files\MySQL\MySQL Server 4.1\bin;C:\Program Files\Common Files\Adobe\AGL;C:\Program Files\Subversion\bin;C:\Program Files\jEdit;C:\Program Files\TortoiseSVN\bin;D:\Programming\Sun\SDK\jdk\\bin\;;C:\Program Files\Delphi 10 Lite\bin;D:\Programming\Maven\apache-maven-2.0.9\bin\;D:\Programming\ant\bin\;C:\Program Files\Microsoft SQL Server\90\Tools\binn\;;C:\Program Files\EurekaLog 6\Delphi10;C:\Program Files\EurekaLog 6\CBuilder10;C:\Program Files\EurekaLog 6\Delphi12;C:\Program Files\EurekaLog 6\CBuilder12;D:\Programming\Sun\SDK\bin;C:\Documents and Settings\root\My Documents\Borland Studio Projects\Bpl;D:\Program Files\Tools\WinNT;D:\Program Files\MSDev98\Bin;D:\Program Files\Tools;D:\VC98\bin;C:\Program Files\OpenVPN\bin
15.01.2010 23:07:35 org.apache.coyote.http11.Http11BaseProtocol init
INFO: Initializing Coyote HTTP/1.1 on http-8080
15.01.2010 23:07:35 org.apache.catalina.startup.Catalina load
INFO: Initialization processed in 1140 ms
15.01.2010 23:07:39 org.apache.catalina.core.StandardService start
INFO: Starting service Catalina
15.01.2010 23:07:39 org.apache.catalina.core.StandardEngine start
INFO: Starting Servlet Engine: Apache Tomcat/5.5.28
15.01.2010 23:07:39 org.apache.catalina.core.StandardHost start
INFO: XML validation disabled
15.01.2010 23:07:39 org.apache.catalina.startup.HostConfig deployWAR
INFO: Deploying web application archive hp.war
15.01.2010 23:07:43 org.apache.catalina.startup.HostConfig deployWAR
INFO: Deploying web application archive jcr-explorer.war
15.01.2010 23:07:46 org.apache.coyote.http11.Http11BaseProtocol start
INFO: Starting Coyote HTTP/1.1 on http-8080
15.01.2010 23:07:46 org.apache.jk.common.ChannelSocket init
INFO: JK: ajp13 listening on /0.0.0.0:8009
15.01.2010 23:07:46 org.apache.jk.server.JkMain start
INFO: Jk running ID=0 time=0/32  config=null
15.01.2010 23:07:46 org.apache.catalina.storeconfig.StoreLoader load
INFO: Find registry server-registry.xml at classpath resource
15.01.2010 23:07:46 org.apache.catalina.startup.Catalina start
INFO: Server startup in 11672 ms
