16.01.2010 1:15:48 org.apache.coyote.http11.Http11BaseProtocol pause
INFO: Pausing Coyote HTTP/1.1 on http-8080
16.01.2010 1:15:49 org.apache.catalina.core.StandardService stop
INFO: Stopping service Catalina
16.01.2010 1:15:54 org.apache.coyote.http11.Http11BaseProtocol destroy
INFO: Stopping Coyote HTTP/1.1 on http-8080
16.01.2010 1:15:54 org.apache.catalina.core.AprLifecycleListener lifecycleEvent
INFO: Failed shutdown of Apache Portable Runtime
16.01.2010 1:17:00 org.apache.catalina.core.AprLifecycleListener lifecycleEvent
INFO: The Apache Tomcat Native library which allows optimal performance in production environments was not found on the java.library.path: D:\Programming\Sun\SDK\jdk\bin;.;C:\WINDOWS\Sun\Java\bin;C:\WINDOWS\system32;C:\WINDOWS;D:\Program Files\CodeGear\RAD Studio\6.0\bin;C:\Documents and Settings\All Users\Documents\RAD Studio\6.0\Bpl;E:\oracle\product\10.2.0\db_1\bin;C:\WINDOWS\system32;C:\WINDOWS;C:\WINDOWS\System32\Wbem;C:\Program Files\MySQL\MySQL Server 4.1\bin;C:\Program Files\Common Files\Adobe\AGL;C:\Program Files\Subversion\bin;C:\Program Files\jEdit;C:\Program Files\TortoiseSVN\bin;D:\Programming\Sun\SDK\jdk\\bin\;;C:\Program Files\Delphi 10 Lite\bin;D:\Programming\Maven\apache-maven-2.0.9\bin\;D:\Programming\ant\bin\;C:\Program Files\Microsoft SQL Server\90\Tools\binn\;;C:\Program Files\EurekaLog 6\Delphi10;C:\Program Files\EurekaLog 6\CBuilder10;C:\Program Files\EurekaLog 6\Delphi12;C:\Program Files\EurekaLog 6\CBuilder12;D:\Programming\Sun\SDK\bin;C:\Documents and Settings\root\My Documents\Borland Studio Projects\Bpl;D:\Program Files\Tools\WinNT;D:\Program Files\MSDev98\Bin;D:\Program Files\Tools;D:\VC98\bin;C:\Program Files\OpenVPN\bin
16.01.2010 1:17:00 org.apache.coyote.http11.Http11BaseProtocol init
INFO: Initializing Coyote HTTP/1.1 on http-8080
16.01.2010 1:17:00 org.apache.catalina.startup.Catalina load
INFO: Initialization processed in 1187 ms
16.01.2010 1:17:05 org.apache.catalina.core.StandardService start
INFO: Starting service Catalina
16.01.2010 1:17:05 org.apache.catalina.core.StandardEngine start
INFO: Starting Servlet Engine: Apache Tomcat/5.5.28
16.01.2010 1:17:05 org.apache.catalina.core.StandardHost start
INFO: XML validation disabled
16.01.2010 1:17:06 org.apache.catalina.startup.HostConfig deployWAR
INFO: Deploying web application archive hp.war
16.01.2010 1:17:15 org.apache.catalina.startup.HostConfig deployWAR
INFO: Deploying web application archive jcr-explorer.war
16.01.2010 1:17:18 org.apache.coyote.http11.Http11BaseProtocol start
INFO: Starting Coyote HTTP/1.1 on http-8080
16.01.2010 1:17:18 org.apache.jk.common.ChannelSocket init
INFO: JK: ajp13 listening on /0.0.0.0:8009
16.01.2010 1:17:18 org.apache.jk.server.JkMain start
INFO: Jk running ID=0 time=0/78  config=null
16.01.2010 1:17:18 org.apache.catalina.storeconfig.StoreLoader load
INFO: Find registry server-registry.xml at classpath resource
16.01.2010 1:17:19 org.apache.catalina.startup.Catalina start
INFO: Server startup in 18813 ms
16.01.2010 1:21:47 org.apache.coyote.http11.Http11BaseProtocol pause
INFO: Pausing Coyote HTTP/1.1 on http-8080
16.01.2010 1:21:48 org.apache.catalina.core.StandardService stop
INFO: Stopping service Catalina
16.01.2010 1:21:49 org.apache.coyote.http11.Http11BaseProtocol destroy
INFO: Stopping Coyote HTTP/1.1 on http-8080
16.01.2010 1:21:49 org.apache.catalina.core.AprLifecycleListener lifecycleEvent
INFO: Failed shutdown of Apache Portable Runtime
16.01.2010 1:22:22 org.apache.catalina.core.AprLifecycleListener lifecycleEvent
INFO: The Apache Tomcat Native library which allows optimal performance in production environments was not found on the java.library.path: D:\Programming\Sun\SDK\jdk\bin;.;C:\WINDOWS\Sun\Java\bin;C:\WINDOWS\system32;C:\WINDOWS;D:\Program Files\CodeGear\RAD Studio\6.0\bin;C:\Documents and Settings\All Users\Documents\RAD Studio\6.0\Bpl;E:\oracle\product\10.2.0\db_1\bin;C:\WINDOWS\system32;C:\WINDOWS;C:\WINDOWS\System32\Wbem;C:\Program Files\MySQL\MySQL Server 4.1\bin;C:\Program Files\Common Files\Adobe\AGL;C:\Program Files\Subversion\bin;C:\Program Files\jEdit;C:\Program Files\TortoiseSVN\bin;D:\Programming\Sun\SDK\jdk\\bin\;;C:\Program Files\Delphi 10 Lite\bin;D:\Programming\Maven\apache-maven-2.0.9\bin\;D:\Programming\ant\bin\;C:\Program Files\Microsoft SQL Server\90\Tools\binn\;;C:\Program Files\EurekaLog 6\Delphi10;C:\Program Files\EurekaLog 6\CBuilder10;C:\Program Files\EurekaLog 6\Delphi12;C:\Program Files\EurekaLog 6\CBuilder12;D:\Programming\Sun\SDK\bin;C:\Documents and Settings\root\My Documents\Borland Studio Projects\Bpl;D:\Program Files\Tools\WinNT;D:\Program Files\MSDev98\Bin;D:\Program Files\Tools;D:\VC98\bin;C:\Program Files\OpenVPN\bin
16.01.2010 1:22:22 org.apache.coyote.http11.Http11BaseProtocol init
INFO: Initializing Coyote HTTP/1.1 on http-8080
16.01.2010 1:22:22 org.apache.catalina.startup.Catalina load
INFO: Initialization processed in 1032 ms
16.01.2010 1:22:27 org.apache.catalina.core.StandardService start
INFO: Starting service Catalina
16.01.2010 1:22:27 org.apache.catalina.core.StandardEngine start
INFO: Starting Servlet Engine: Apache Tomcat/5.5.28
16.01.2010 1:22:27 org.apache.catalina.core.StandardHost start
INFO: XML validation disabled
16.01.2010 1:22:28 org.apache.catalina.startup.HostConfig deployWAR
INFO: Deploying web application archive hp.war
16.01.2010 1:22:35 org.apache.catalina.startup.HostConfig deployWAR
INFO: Deploying web application archive jcr-explorer.war
16.01.2010 1:22:38 org.apache.coyote.http11.Http11BaseProtocol start
INFO: Starting Coyote HTTP/1.1 on http-8080
16.01.2010 1:22:38 org.apache.jk.common.ChannelSocket init
INFO: JK: ajp13 listening on /0.0.0.0:8009
16.01.2010 1:22:38 org.apache.jk.server.JkMain start
INFO: Jk running ID=0 time=0/63  config=null
16.01.2010 1:22:38 org.apache.catalina.storeconfig.StoreLoader load
INFO: Find registry server-registry.xml at classpath resource
16.01.2010 1:22:38 org.apache.catalina.startup.Catalina start
INFO: Server startup in 16062 ms
16.01.2010 1:30:14 org.apache.coyote.http11.Http11BaseProtocol pause
INFO: Pausing Coyote HTTP/1.1 on http-8080
16.01.2010 1:30:15 org.apache.catalina.core.StandardService stop
INFO: Stopping service Catalina
16.01.2010 1:30:17 org.apache.coyote.http11.Http11BaseProtocol destroy
INFO: Stopping Coyote HTTP/1.1 on http-8080
16.01.2010 1:30:17 org.apache.catalina.core.AprLifecycleListener lifecycleEvent
INFO: Failed shutdown of Apache Portable Runtime
16.01.2010 1:31:10 org.apache.catalina.core.AprLifecycleListener lifecycleEvent
INFO: The Apache Tomcat Native library which allows optimal performance in production environments was not found on the java.library.path: D:\Programming\Sun\SDK\jdk\bin;.;C:\WINDOWS\Sun\Java\bin;C:\WINDOWS\system32;C:\WINDOWS;D:\Program Files\CodeGear\RAD Studio\6.0\bin;C:\Documents and Settings\All Users\Documents\RAD Studio\6.0\Bpl;E:\oracle\product\10.2.0\db_1\bin;C:\WINDOWS\system32;C:\WINDOWS;C:\WINDOWS\System32\Wbem;C:\Program Files\MySQL\MySQL Server 4.1\bin;C:\Program Files\Common Files\Adobe\AGL;C:\Program Files\Subversion\bin;C:\Program Files\jEdit;C:\Program Files\TortoiseSVN\bin;D:\Programming\Sun\SDK\jdk\\bin\;;C:\Program Files\Delphi 10 Lite\bin;D:\Programming\Maven\apache-maven-2.0.9\bin\;D:\Programming\ant\bin\;C:\Program Files\Microsoft SQL Server\90\Tools\binn\;;C:\Program Files\EurekaLog 6\Delphi10;C:\Program Files\EurekaLog 6\CBuilder10;C:\Program Files\EurekaLog 6\Delphi12;C:\Program Files\EurekaLog 6\CBuilder12;D:\Programming\Sun\SDK\bin;C:\Documents and Settings\root\My Documents\Borland Studio Projects\Bpl;D:\Program Files\Tools\WinNT;D:\Program Files\MSDev98\Bin;D:\Program Files\Tools;D:\VC98\bin;C:\Program Files\OpenVPN\bin
16.01.2010 1:31:10 org.apache.coyote.http11.Http11BaseProtocol init
INFO: Initializing Coyote HTTP/1.1 on http-8080
16.01.2010 1:31:10 org.apache.catalina.startup.Catalina load
INFO: Initialization processed in 1078 ms
16.01.2010 1:31:16 org.apache.catalina.core.StandardService start
INFO: Starting service Catalina
16.01.2010 1:31:16 org.apache.catalina.core.StandardEngine start
INFO: Starting Servlet Engine: Apache Tomcat/5.5.28
16.01.2010 1:31:16 org.apache.catalina.core.StandardHost start
INFO: XML validation disabled
16.01.2010 1:31:16 org.apache.catalina.startup.HostConfig deployWAR
INFO: Deploying web application archive hp.war
16.01.2010 1:31:30 org.apache.catalina.startup.HostConfig deployWAR
INFO: Deploying web application archive jcr-explorer.war
16.01.2010 1:31:36 org.apache.coyote.http11.Http11BaseProtocol start
INFO: Starting Coyote HTTP/1.1 on http-8080
16.01.2010 1:31:36 org.apache.jk.common.ChannelSocket init
INFO: JK: ajp13 listening on /0.0.0.0:8009
16.01.2010 1:31:36 org.apache.jk.server.JkMain start
INFO: Jk running ID=0 time=0/31  config=null
16.01.2010 1:31:37 org.apache.catalina.storeconfig.StoreLoader load
INFO: Find registry server-registry.xml at classpath resource
16.01.2010 1:31:37 org.apache.catalina.startup.Catalina start
INFO: Server startup in 26313 ms
16.01.2010 1:46:01 org.apache.coyote.http11.Http11BaseProtocol pause
INFO: Pausing Coyote HTTP/1.1 on http-8080
16.01.2010 1:46:02 org.apache.catalina.core.StandardService stop
INFO: Stopping service Catalina
16.01.2010 1:46:04 org.apache.coyote.http11.Http11BaseProtocol destroy
INFO: Stopping Coyote HTTP/1.1 on http-8080
16.01.2010 1:46:04 org.apache.catalina.core.AprLifecycleListener lifecycleEvent
INFO: Failed shutdown of Apache Portable Runtime
16.01.2010 1:46:32 org.apache.catalina.core.AprLifecycleListener lifecycleEvent
INFO: The Apache Tomcat Native library which allows optimal performance in production environments was not found on the java.library.path: D:\Programming\Sun\SDK\jdk\bin;.;C:\WINDOWS\Sun\Java\bin;C:\WINDOWS\system32;C:\WINDOWS;D:\Program Files\CodeGear\RAD Studio\6.0\bin;C:\Documents and Settings\All Users\Documents\RAD Studio\6.0\Bpl;E:\oracle\product\10.2.0\db_1\bin;C:\WINDOWS\system32;C:\WINDOWS;C:\WINDOWS\System32\Wbem;C:\Program Files\MySQL\MySQL Server 4.1\bin;C:\Program Files\Common Files\Adobe\AGL;C:\Program Files\Subversion\bin;C:\Program Files\jEdit;C:\Program Files\TortoiseSVN\bin;D:\Programming\Sun\SDK\jdk\\bin\;;C:\Program Files\Delphi 10 Lite\bin;D:\Programming\Maven\apache-maven-2.0.9\bin\;D:\Programming\ant\bin\;C:\Program Files\Microsoft SQL Server\90\Tools\binn\;;C:\Program Files\EurekaLog 6\Delphi10;C:\Program Files\EurekaLog 6\CBuilder10;C:\Program Files\EurekaLog 6\Delphi12;C:\Program Files\EurekaLog 6\CBuilder12;D:\Programming\Sun\SDK\bin;C:\Documents and Settings\root\My Documents\Borland Studio Projects\Bpl;D:\Program Files\Tools\WinNT;D:\Program Files\MSDev98\Bin;D:\Program Files\Tools;D:\VC98\bin;C:\Program Files\OpenVPN\bin
16.01.2010 1:46:32 org.apache.coyote.http11.Http11BaseProtocol init
INFO: Initializing Coyote HTTP/1.1 on http-8080
16.01.2010 1:46:32 org.apache.catalina.startup.Catalina load
INFO: Initialization processed in 1250 ms
16.01.2010 1:46:37 org.apache.catalina.core.StandardService start
INFO: Starting service Catalina
16.01.2010 1:46:37 org.apache.catalina.core.StandardEngine start
INFO: Starting Servlet Engine: Apache Tomcat/5.5.28
16.01.2010 1:46:37 org.apache.catalina.core.StandardHost start
INFO: XML validation disabled
16.01.2010 1:46:38 org.apache.catalina.startup.HostConfig deployWAR
INFO: Deploying web application archive hp.war
16.01.2010 1:46:45 org.apache.catalina.startup.HostConfig deployWAR
INFO: Deploying web application archive jcr-explorer.war
16.01.2010 1:46:49 org.apache.coyote.http11.Http11BaseProtocol start
INFO: Starting Coyote HTTP/1.1 on http-8080
16.01.2010 1:46:50 org.apache.jk.common.ChannelSocket init
INFO: JK: ajp13 listening on /0.0.0.0:8009
16.01.2010 1:46:50 org.apache.jk.server.JkMain start
INFO: Jk running ID=0 time=0/94  config=null
16.01.2010 1:46:51 org.apache.catalina.storeconfig.StoreLoader load
INFO: Find registry server-registry.xml at classpath resource
16.01.2010 1:46:51 org.apache.catalina.startup.Catalina start
INFO: Server startup in 18875 ms
16.01.2010 2:33:40 org.apache.coyote.http11.Http11BaseProtocol pause
INFO: Pausing Coyote HTTP/1.1 on http-8080
16.01.2010 2:33:41 org.apache.catalina.core.StandardService stop
INFO: Stopping service Catalina
16.01.2010 2:33:42 org.apache.coyote.http11.Http11BaseProtocol destroy
INFO: Stopping Coyote HTTP/1.1 on http-8080
16.01.2010 2:33:42 org.apache.catalina.core.AprLifecycleListener lifecycleEvent
INFO: Failed shutdown of Apache Portable Runtime
