05.01.2010 0:40:25 org.apache.catalina.core.ApplicationContext log
INFO: org.apache.webapp.balancer.BalancerFilter: init(): ruleChain: [org.apache.webapp.balancer.RuleChain: [org.apache.webapp.balancer.rules.URLStringMatchRule: Target string: News / Redirect URL: http://www.cnn.com], [org.apache.webapp.balancer.rules.RequestParameterRule: Target param name: paramName / Target param value: paramValue / Redirect URL: http://www.yahoo.com], [org.apache.webapp.balancer.rules.AcceptEverythingRule: Redirect URL: http://jakarta.apache.org]]
05.01.2010 0:40:25 org.apache.catalina.core.ApplicationContext log
INFO: ContextListener: contextInitialized()
05.01.2010 0:40:25 org.apache.catalina.core.ApplicationContext log
INFO: SessionListener: contextInitialized()
05.01.2010 0:40:25 org.apache.catalina.core.ApplicationContext log
INFO: ContextListener: contextInitialized()
05.01.2010 0:40:25 org.apache.catalina.core.ApplicationContext log
INFO: SessionListener: contextInitialized()
05.01.2010 0:40:27 org.apache.catalina.core.ApplicationContext log
INFO: SessionListener: contextDestroyed()
05.01.2010 0:40:27 org.apache.catalina.core.ApplicationContext log
INFO: ContextListener: contextDestroyed()
05.01.2010 0:40:27 org.apache.catalina.core.ApplicationContext log
INFO: SessionListener: contextDestroyed()
05.01.2010 0:40:27 org.apache.catalina.core.ApplicationContext log
INFO: ContextListener: contextDestroyed()
05.01.2010 0:40:39 org.apache.catalina.core.ApplicationContext log
INFO: org.apache.webapp.balancer.BalancerFilter: init(): ruleChain: [org.apache.webapp.balancer.RuleChain: [org.apache.webapp.balancer.rules.URLStringMatchRule: Target string: News / Redirect URL: http://www.cnn.com], [org.apache.webapp.balancer.rules.RequestParameterRule: Target param name: paramName / Target param value: paramValue / Redirect URL: http://www.yahoo.com], [org.apache.webapp.balancer.rules.AcceptEverythingRule: Redirect URL: http://jakarta.apache.org]]
05.01.2010 0:40:39 org.apache.catalina.core.ApplicationContext log
INFO: ContextListener: contextInitialized()
05.01.2010 0:40:39 org.apache.catalina.core.ApplicationContext log
INFO: SessionListener: contextInitialized()
05.01.2010 0:40:40 org.apache.catalina.core.ApplicationContext log
INFO: ContextListener: contextInitialized()
05.01.2010 0:40:40 org.apache.catalina.core.ApplicationContext log
INFO: SessionListener: contextInitialized()
05.01.2010 0:40:41 org.apache.catalina.core.ApplicationContext log
INFO: SessionListener: contextDestroyed()
05.01.2010 0:40:41 org.apache.catalina.core.ApplicationContext log
INFO: ContextListener: contextDestroyed()
05.01.2010 0:40:41 org.apache.catalina.core.ApplicationContext log
INFO: SessionListener: contextDestroyed()
05.01.2010 0:40:41 org.apache.catalina.core.ApplicationContext log
INFO: ContextListener: contextDestroyed()
05.01.2010 0:40:54 org.apache.catalina.core.ApplicationContext log
INFO: SessionListener: contextDestroyed()
05.01.2010 0:40:54 org.apache.catalina.core.ApplicationContext log
INFO: ContextListener: contextDestroyed()
05.01.2010 0:40:54 org.apache.catalina.core.ApplicationContext log
INFO: SessionListener: contextDestroyed()
05.01.2010 0:40:54 org.apache.catalina.core.ApplicationContext log
INFO: ContextListener: contextDestroyed()
05.01.2010 0:41:14 org.apache.catalina.core.ApplicationContext log
INFO: org.apache.webapp.balancer.BalancerFilter: init(): ruleChain: [org.apache.webapp.balancer.RuleChain: [org.apache.webapp.balancer.rules.URLStringMatchRule: Target string: News / Redirect URL: http://www.cnn.com], [org.apache.webapp.balancer.rules.RequestParameterRule: Target param name: paramName / Target param value: paramValue / Redirect URL: http://www.yahoo.com], [org.apache.webapp.balancer.rules.AcceptEverythingRule: Redirect URL: http://jakarta.apache.org]]
05.01.2010 0:41:14 org.apache.catalina.core.ApplicationContext log
INFO: ContextListener: contextInitialized()
05.01.2010 0:41:14 org.apache.catalina.core.ApplicationContext log
INFO: SessionListener: contextInitialized()
05.01.2010 0:41:14 org.apache.catalina.core.ApplicationContext log
INFO: ContextListener: contextInitialized()
05.01.2010 0:41:14 org.apache.catalina.core.ApplicationContext log
INFO: SessionListener: contextInitialized()
05.01.2010 0:46:06 org.apache.catalina.core.ApplicationContext log
INFO: org.apache.webapp.balancer.BalancerFilter: init(): ruleChain: [org.apache.webapp.balancer.RuleChain: [org.apache.webapp.balancer.rules.URLStringMatchRule: Target string: News / Redirect URL: http://www.cnn.com], [org.apache.webapp.balancer.rules.RequestParameterRule: Target param name: paramName / Target param value: paramValue / Redirect URL: http://www.yahoo.com], [org.apache.webapp.balancer.rules.AcceptEverythingRule: Redirect URL: http://jakarta.apache.org]]
05.01.2010 0:46:06 org.apache.catalina.core.ApplicationContext log
INFO: ContextListener: contextInitialized()
05.01.2010 0:46:06 org.apache.catalina.core.ApplicationContext log
INFO: SessionListener: contextInitialized()
05.01.2010 0:46:07 org.apache.catalina.core.ApplicationContext log
INFO: ContextListener: contextInitialized()
05.01.2010 0:46:07 org.apache.catalina.core.ApplicationContext log
INFO: SessionListener: contextInitialized()
05.01.2010 1:03:19 org.apache.catalina.core.ApplicationContext log
INFO: SessionListener: contextDestroyed()
05.01.2010 1:03:19 org.apache.catalina.core.ApplicationContext log
INFO: ContextListener: contextDestroyed()
05.01.2010 1:03:19 org.apache.catalina.core.ApplicationContext log
INFO: SessionListener: contextDestroyed()
05.01.2010 1:03:19 org.apache.catalina.core.ApplicationContext log
INFO: ContextListener: contextDestroyed()
05.01.2010 1:03:42 org.apache.catalina.core.ApplicationContext log
INFO: org.apache.webapp.balancer.BalancerFilter: init(): ruleChain: [org.apache.webapp.balancer.RuleChain: [org.apache.webapp.balancer.rules.URLStringMatchRule: Target string: News / Redirect URL: http://www.cnn.com], [org.apache.webapp.balancer.rules.RequestParameterRule: Target param name: paramName / Target param value: paramValue / Redirect URL: http://www.yahoo.com], [org.apache.webapp.balancer.rules.AcceptEverythingRule: Redirect URL: http://jakarta.apache.org]]
05.01.2010 1:03:42 org.apache.catalina.core.ApplicationContext log
INFO: ContextListener: contextInitialized()
05.01.2010 1:03:42 org.apache.catalina.core.ApplicationContext log
INFO: SessionListener: contextInitialized()
05.01.2010 1:03:42 org.apache.catalina.core.ApplicationContext log
INFO: ContextListener: contextInitialized()
05.01.2010 1:03:42 org.apache.catalina.core.ApplicationContext log
INFO: SessionListener: contextInitialized()
05.01.2010 1:11:02 org.apache.catalina.core.ApplicationContext log
INFO: org.apache.webapp.balancer.BalancerFilter: init(): ruleChain: [org.apache.webapp.balancer.RuleChain: [org.apache.webapp.balancer.rules.URLStringMatchRule: Target string: News / Redirect URL: http://www.cnn.com], [org.apache.webapp.balancer.rules.RequestParameterRule: Target param name: paramName / Target param value: paramValue / Redirect URL: http://www.yahoo.com], [org.apache.webapp.balancer.rules.AcceptEverythingRule: Redirect URL: http://jakarta.apache.org]]
05.01.2010 1:11:03 org.apache.catalina.core.ApplicationContext log
INFO: ContextListener: contextInitialized()
05.01.2010 1:11:03 org.apache.catalina.core.ApplicationContext log
INFO: SessionListener: contextInitialized()
05.01.2010 1:11:03 org.apache.catalina.core.ApplicationContext log
INFO: ContextListener: contextInitialized()
05.01.2010 1:11:03 org.apache.catalina.core.ApplicationContext log
INFO: SessionListener: contextInitialized()
05.01.2010 1:13:52 org.apache.catalina.core.ApplicationContext log
INFO: SessionListener: contextDestroyed()
05.01.2010 1:13:52 org.apache.catalina.core.ApplicationContext log
INFO: ContextListener: contextDestroyed()
05.01.2010 1:13:52 org.apache.catalina.core.ApplicationContext log
INFO: SessionListener: contextDestroyed()
05.01.2010 1:13:52 org.apache.catalina.core.ApplicationContext log
INFO: ContextListener: contextDestroyed()
05.01.2010 1:14:28 org.apache.catalina.core.ApplicationContext log
INFO: org.apache.webapp.balancer.BalancerFilter: init(): ruleChain: [org.apache.webapp.balancer.RuleChain: [org.apache.webapp.balancer.rules.URLStringMatchRule: Target string: News / Redirect URL: http://www.cnn.com], [org.apache.webapp.balancer.rules.RequestParameterRule: Target param name: paramName / Target param value: paramValue / Redirect URL: http://www.yahoo.com], [org.apache.webapp.balancer.rules.AcceptEverythingRule: Redirect URL: http://jakarta.apache.org]]
05.01.2010 1:14:28 org.apache.catalina.core.ApplicationContext log
INFO: ContextListener: contextInitialized()
05.01.2010 1:14:28 org.apache.catalina.core.ApplicationContext log
INFO: SessionListener: contextInitialized()
05.01.2010 1:14:29 org.apache.catalina.core.ApplicationContext log
INFO: ContextListener: contextInitialized()
05.01.2010 1:14:29 org.apache.catalina.core.ApplicationContext log
INFO: SessionListener: contextInitialized()
05.01.2010 1:14:57 org.apache.catalina.core.ApplicationContext log
INFO: SessionListener: contextDestroyed()
05.01.2010 1:14:57 org.apache.catalina.core.ApplicationContext log
INFO: ContextListener: contextDestroyed()
05.01.2010 1:14:57 org.apache.catalina.core.ApplicationContext log
INFO: SessionListener: contextDestroyed()
05.01.2010 1:14:57 org.apache.catalina.core.ApplicationContext log
INFO: ContextListener: contextDestroyed()
