15.01.2010 2:15:31 org.apache.catalina.core.ApplicationContext log
INFO: org.apache.webapp.balancer.BalancerFilter: init(): ruleChain: [org.apache.webapp.balancer.RuleChain: [org.apache.webapp.balancer.rules.URLStringMatchRule: Target string: News / Redirect URL: http://www.cnn.com], [org.apache.webapp.balancer.rules.RequestParameterRule: Target param name: paramName / Target param value: paramValue / Redirect URL: http://www.yahoo.com], [org.apache.webapp.balancer.rules.AcceptEverythingRule: Redirect URL: http://jakarta.apache.org]]
15.01.2010 2:15:31 org.apache.catalina.core.ApplicationContext log
INFO: ContextListener: contextInitialized()
15.01.2010 2:15:31 org.apache.catalina.core.ApplicationContext log
INFO: SessionListener: contextInitialized()
15.01.2010 2:15:32 org.apache.catalina.core.ApplicationContext log
INFO: ContextListener: contextInitialized()
15.01.2010 2:15:32 org.apache.catalina.core.ApplicationContext log
INFO: SessionListener: contextInitialized()
15.01.2010 2:18:14 org.apache.catalina.core.ApplicationContext log
INFO: SessionListener: contextDestroyed()
15.01.2010 2:18:14 org.apache.catalina.core.ApplicationContext log
INFO: ContextListener: contextDestroyed()
15.01.2010 2:18:14 org.apache.catalina.core.ApplicationContext log
INFO: SessionListener: contextDestroyed()
15.01.2010 2:18:14 org.apache.catalina.core.ApplicationContext log
INFO: ContextListener: contextDestroyed()
15.01.2010 22:31:30 org.apache.catalina.core.ApplicationContext log
INFO: org.apache.webapp.balancer.BalancerFilter: init(): ruleChain: [org.apache.webapp.balancer.RuleChain: [org.apache.webapp.balancer.rules.URLStringMatchRule: Target string: News / Redirect URL: http://www.cnn.com], [org.apache.webapp.balancer.rules.RequestParameterRule: Target param name: paramName / Target param value: paramValue / Redirect URL: http://www.yahoo.com], [org.apache.webapp.balancer.rules.AcceptEverythingRule: Redirect URL: http://jakarta.apache.org]]
15.01.2010 22:31:30 org.apache.catalina.core.ApplicationContext log
INFO: ContextListener: contextInitialized()
15.01.2010 22:31:30 org.apache.catalina.core.ApplicationContext log
INFO: SessionListener: contextInitialized()
15.01.2010 22:31:31 org.apache.catalina.core.ApplicationContext log
INFO: ContextListener: contextInitialized()
15.01.2010 22:31:31 org.apache.catalina.core.ApplicationContext log
INFO: SessionListener: contextInitialized()
15.01.2010 22:50:28 org.apache.catalina.core.ApplicationContext log
INFO: SessionListener: contextDestroyed()
15.01.2010 22:50:28 org.apache.catalina.core.ApplicationContext log
INFO: ContextListener: contextDestroyed()
15.01.2010 22:50:28 org.apache.catalina.core.ApplicationContext log
INFO: SessionListener: contextDestroyed()
15.01.2010 22:50:28 org.apache.catalina.core.ApplicationContext log
INFO: ContextListener: contextDestroyed()
15.01.2010 22:52:01 org.apache.catalina.core.ApplicationContext log
INFO: org.apache.webapp.balancer.BalancerFilter: init(): ruleChain: [org.apache.webapp.balancer.RuleChain: [org.apache.webapp.balancer.rules.URLStringMatchRule: Target string: News / Redirect URL: http://www.cnn.com], [org.apache.webapp.balancer.rules.RequestParameterRule: Target param name: paramName / Target param value: paramValue / Redirect URL: http://www.yahoo.com], [org.apache.webapp.balancer.rules.AcceptEverythingRule: Redirect URL: http://jakarta.apache.org]]
15.01.2010 22:52:01 org.apache.catalina.core.ApplicationContext log
INFO: ContextListener: contextInitialized()
15.01.2010 22:52:01 org.apache.catalina.core.ApplicationContext log
INFO: SessionListener: contextInitialized()
15.01.2010 22:52:02 org.apache.catalina.core.ApplicationContext log
INFO: ContextListener: contextInitialized()
15.01.2010 22:52:02 org.apache.catalina.core.ApplicationContext log
INFO: SessionListener: contextInitialized()
15.01.2010 22:59:22 org.apache.catalina.core.ApplicationContext log
INFO: SessionListener: contextDestroyed()
15.01.2010 22:59:22 org.apache.catalina.core.ApplicationContext log
INFO: ContextListener: contextDestroyed()
15.01.2010 22:59:22 org.apache.catalina.core.ApplicationContext log
INFO: SessionListener: contextDestroyed()
15.01.2010 22:59:22 org.apache.catalina.core.ApplicationContext log
INFO: ContextListener: contextDestroyed()
15.01.2010 22:59:56 org.apache.catalina.core.ApplicationContext log
INFO: org.apache.webapp.balancer.BalancerFilter: init(): ruleChain: [org.apache.webapp.balancer.RuleChain: [org.apache.webapp.balancer.rules.URLStringMatchRule: Target string: News / Redirect URL: http://www.cnn.com], [org.apache.webapp.balancer.rules.RequestParameterRule: Target param name: paramName / Target param value: paramValue / Redirect URL: http://www.yahoo.com], [org.apache.webapp.balancer.rules.AcceptEverythingRule: Redirect URL: http://jakarta.apache.org]]
15.01.2010 22:59:56 org.apache.catalina.core.ApplicationContext log
INFO: ContextListener: contextInitialized()
15.01.2010 22:59:56 org.apache.catalina.core.ApplicationContext log
INFO: SessionListener: contextInitialized()
15.01.2010 22:59:57 org.apache.catalina.core.ApplicationContext log
INFO: ContextListener: contextInitialized()
15.01.2010 22:59:57 org.apache.catalina.core.ApplicationContext log
INFO: SessionListener: contextInitialized()
15.01.2010 23:07:45 org.apache.catalina.core.ApplicationContext log
INFO: org.apache.webapp.balancer.BalancerFilter: init(): ruleChain: [org.apache.webapp.balancer.RuleChain: [org.apache.webapp.balancer.rules.URLStringMatchRule: Target string: News / Redirect URL: http://www.cnn.com], [org.apache.webapp.balancer.rules.RequestParameterRule: Target param name: paramName / Target param value: paramValue / Redirect URL: http://www.yahoo.com], [org.apache.webapp.balancer.rules.AcceptEverythingRule: Redirect URL: http://jakarta.apache.org]]
15.01.2010 23:07:45 org.apache.catalina.core.ApplicationContext log
INFO: ContextListener: contextInitialized()
15.01.2010 23:07:45 org.apache.catalina.core.ApplicationContext log
INFO: SessionListener: contextInitialized()
15.01.2010 23:07:45 org.apache.catalina.core.ApplicationContext log
INFO: ContextListener: contextInitialized()
15.01.2010 23:07:45 org.apache.catalina.core.ApplicationContext log
INFO: SessionListener: contextInitialized()
