16.01.2010 1:15:52 org.apache.catalina.core.ApplicationContext log
INFO: SessionListener: contextDestroyed()
16.01.2010 1:15:52 org.apache.catalina.core.ApplicationContext log
INFO: ContextListener: contextDestroyed()
16.01.2010 1:15:52 org.apache.catalina.core.ApplicationContext log
INFO: SessionListener: contextDestroyed()
16.01.2010 1:15:52 org.apache.catalina.core.ApplicationContext log
INFO: ContextListener: contextDestroyed()
16.01.2010 1:17:17 org.apache.catalina.core.ApplicationContext log
INFO: org.apache.webapp.balancer.BalancerFilter: init(): ruleChain: [org.apache.webapp.balancer.RuleChain: [org.apache.webapp.balancer.rules.URLStringMatchRule: Target string: News / Redirect URL: http://www.cnn.com], [org.apache.webapp.balancer.rules.RequestParameterRule: Target param name: paramName / Target param value: paramValue / Redirect URL: http://www.yahoo.com], [org.apache.webapp.balancer.rules.AcceptEverythingRule: Redirect URL: http://jakarta.apache.org]]
16.01.2010 1:17:17 org.apache.catalina.core.ApplicationContext log
INFO: ContextListener: contextInitialized()
16.01.2010 1:17:17 org.apache.catalina.core.ApplicationContext log
INFO: SessionListener: contextInitialized()
16.01.2010 1:17:18 org.apache.catalina.core.ApplicationContext log
INFO: ContextListener: contextInitialized()
16.01.2010 1:17:18 org.apache.catalina.core.ApplicationContext log
INFO: SessionListener: contextInitialized()
16.01.2010 1:21:49 org.apache.catalina.core.ApplicationContext log
INFO: SessionListener: contextDestroyed()
16.01.2010 1:21:49 org.apache.catalina.core.ApplicationContext log
INFO: ContextListener: contextDestroyed()
16.01.2010 1:21:49 org.apache.catalina.core.ApplicationContext log
INFO: SessionListener: contextDestroyed()
16.01.2010 1:21:49 org.apache.catalina.core.ApplicationContext log
INFO: ContextListener: contextDestroyed()
16.01.2010 1:22:37 org.apache.catalina.core.ApplicationContext log
INFO: org.apache.webapp.balancer.BalancerFilter: init(): ruleChain: [org.apache.webapp.balancer.RuleChain: [org.apache.webapp.balancer.rules.URLStringMatchRule: Target string: News / Redirect URL: http://www.cnn.com], [org.apache.webapp.balancer.rules.RequestParameterRule: Target param name: paramName / Target param value: paramValue / Redirect URL: http://www.yahoo.com], [org.apache.webapp.balancer.rules.AcceptEverythingRule: Redirect URL: http://jakarta.apache.org]]
16.01.2010 1:22:37 org.apache.catalina.core.ApplicationContext log
INFO: ContextListener: contextInitialized()
16.01.2010 1:22:37 org.apache.catalina.core.ApplicationContext log
INFO: SessionListener: contextInitialized()
16.01.2010 1:22:38 org.apache.catalina.core.ApplicationContext log
INFO: ContextListener: contextInitialized()
16.01.2010 1:22:38 org.apache.catalina.core.ApplicationContext log
INFO: SessionListener: contextInitialized()
16.01.2010 1:30:16 org.apache.catalina.core.ApplicationContext log
INFO: SessionListener: contextDestroyed()
16.01.2010 1:30:16 org.apache.catalina.core.ApplicationContext log
INFO: ContextListener: contextDestroyed()
16.01.2010 1:30:16 org.apache.catalina.core.ApplicationContext log
INFO: SessionListener: contextDestroyed()
16.01.2010 1:30:16 org.apache.catalina.core.ApplicationContext log
INFO: ContextListener: contextDestroyed()
16.01.2010 1:31:34 org.apache.catalina.core.ApplicationContext log
INFO: org.apache.webapp.balancer.BalancerFilter: init(): ruleChain: [org.apache.webapp.balancer.RuleChain: [org.apache.webapp.balancer.rules.URLStringMatchRule: Target string: News / Redirect URL: http://www.cnn.com], [org.apache.webapp.balancer.rules.RequestParameterRule: Target param name: paramName / Target param value: paramValue / Redirect URL: http://www.yahoo.com], [org.apache.webapp.balancer.rules.AcceptEverythingRule: Redirect URL: http://jakarta.apache.org]]
16.01.2010 1:31:35 org.apache.catalina.core.ApplicationContext log
INFO: ContextListener: contextInitialized()
16.01.2010 1:31:35 org.apache.catalina.core.ApplicationContext log
INFO: SessionListener: contextInitialized()
16.01.2010 1:31:36 org.apache.catalina.core.ApplicationContext log
INFO: ContextListener: contextInitialized()
16.01.2010 1:31:36 org.apache.catalina.core.ApplicationContext log
INFO: SessionListener: contextInitialized()
16.01.2010 1:46:03 org.apache.catalina.core.ApplicationContext log
INFO: SessionListener: contextDestroyed()
16.01.2010 1:46:03 org.apache.catalina.core.ApplicationContext log
INFO: ContextListener: contextDestroyed()
16.01.2010 1:46:03 org.apache.catalina.core.ApplicationContext log
INFO: SessionListener: contextDestroyed()
16.01.2010 1:46:03 org.apache.catalina.core.ApplicationContext log
INFO: ContextListener: contextDestroyed()
16.01.2010 1:46:48 org.apache.catalina.core.ApplicationContext log
INFO: org.apache.webapp.balancer.BalancerFilter: init(): ruleChain: [org.apache.webapp.balancer.RuleChain: [org.apache.webapp.balancer.rules.URLStringMatchRule: Target string: News / Redirect URL: http://www.cnn.com], [org.apache.webapp.balancer.rules.RequestParameterRule: Target param name: paramName / Target param value: paramValue / Redirect URL: http://www.yahoo.com], [org.apache.webapp.balancer.rules.AcceptEverythingRule: Redirect URL: http://jakarta.apache.org]]
16.01.2010 1:46:48 org.apache.catalina.core.ApplicationContext log
INFO: ContextListener: contextInitialized()
16.01.2010 1:46:48 org.apache.catalina.core.ApplicationContext log
INFO: SessionListener: contextInitialized()
16.01.2010 1:46:48 org.apache.catalina.core.ApplicationContext log
INFO: ContextListener: contextInitialized()
16.01.2010 1:46:48 org.apache.catalina.core.ApplicationContext log
INFO: SessionListener: contextInitialized()
16.01.2010 2:33:42 org.apache.catalina.core.ApplicationContext log
INFO: SessionListener: contextDestroyed()
16.01.2010 2:33:42 org.apache.catalina.core.ApplicationContext log
INFO: ContextListener: contextDestroyed()
16.01.2010 2:33:42 org.apache.catalina.core.ApplicationContext log
INFO: SessionListener: contextDestroyed()
16.01.2010 2:33:42 org.apache.catalina.core.ApplicationContext log
INFO: ContextListener: contextDestroyed()
