31.12.2009 0:27:22 org.apache.catalina.core.ApplicationContext log
INFO: SessionListener: contextDestroyed()
31.12.2009 0:27:22 org.apache.catalina.core.ApplicationContext log
INFO: ContextListener: contextDestroyed()
31.12.2009 0:27:22 org.apache.catalina.core.ApplicationContext log
INFO: SessionListener: contextDestroyed()
31.12.2009 0:27:22 org.apache.catalina.core.ApplicationContext log
INFO: ContextListener: contextDestroyed()
31.12.2009 0:27:43 org.apache.catalina.core.ApplicationContext log
INFO: org.apache.webapp.balancer.BalancerFilter: init(): ruleChain: [org.apache.webapp.balancer.RuleChain: [org.apache.webapp.balancer.rules.URLStringMatchRule: Target string: News / Redirect URL: http://www.cnn.com], [org.apache.webapp.balancer.rules.RequestParameterRule: Target param name: paramName / Target param value: paramValue / Redirect URL: http://www.yahoo.com], [org.apache.webapp.balancer.rules.AcceptEverythingRule: Redirect URL: http://jakarta.apache.org]]
31.12.2009 0:27:43 org.apache.catalina.core.ApplicationContext log
INFO: ContextListener: contextInitialized()
31.12.2009 0:27:43 org.apache.catalina.core.ApplicationContext log
INFO: SessionListener: contextInitialized()
31.12.2009 0:27:44 org.apache.catalina.core.ApplicationContext log
INFO: ContextListener: contextInitialized()
31.12.2009 0:27:44 org.apache.catalina.core.ApplicationContext log
INFO: SessionListener: contextInitialized()
31.12.2009 0:28:51 org.apache.catalina.core.ApplicationContext log
INFO: SessionListener: contextDestroyed()
31.12.2009 0:28:51 org.apache.catalina.core.ApplicationContext log
INFO: ContextListener: contextDestroyed()
31.12.2009 0:28:51 org.apache.catalina.core.ApplicationContext log
INFO: SessionListener: contextDestroyed()
31.12.2009 0:28:51 org.apache.catalina.core.ApplicationContext log
INFO: ContextListener: contextDestroyed()
31.12.2009 0:29:01 org.apache.catalina.core.ApplicationContext log
INFO: org.apache.webapp.balancer.BalancerFilter: init(): ruleChain: [org.apache.webapp.balancer.RuleChain: [org.apache.webapp.balancer.rules.URLStringMatchRule: Target string: News / Redirect URL: http://www.cnn.com], [org.apache.webapp.balancer.rules.RequestParameterRule: Target param name: paramName / Target param value: paramValue / Redirect URL: http://www.yahoo.com], [org.apache.webapp.balancer.rules.AcceptEverythingRule: Redirect URL: http://jakarta.apache.org]]
31.12.2009 0:29:01 org.apache.catalina.core.ApplicationContext log
INFO: ContextListener: contextInitialized()
31.12.2009 0:29:01 org.apache.catalina.core.ApplicationContext log
INFO: SessionListener: contextInitialized()
31.12.2009 0:29:02 org.apache.catalina.core.ApplicationContext log
INFO: ContextListener: contextInitialized()
31.12.2009 0:29:02 org.apache.catalina.core.ApplicationContext log
INFO: SessionListener: contextInitialized()
31.12.2009 0:29:12 org.apache.catalina.core.ApplicationContext log
INFO: SessionListener: contextDestroyed()
31.12.2009 0:29:12 org.apache.catalina.core.ApplicationContext log
INFO: ContextListener: contextDestroyed()
31.12.2009 0:29:12 org.apache.catalina.core.ApplicationContext log
INFO: SessionListener: contextDestroyed()
31.12.2009 0:29:12 org.apache.catalina.core.ApplicationContext log
INFO: ContextListener: contextDestroyed()
31.12.2009 0:29:43 org.apache.catalina.core.ApplicationContext log
INFO: org.apache.webapp.balancer.BalancerFilter: init(): ruleChain: [org.apache.webapp.balancer.RuleChain: [org.apache.webapp.balancer.rules.URLStringMatchRule: Target string: News / Redirect URL: http://www.cnn.com], [org.apache.webapp.balancer.rules.RequestParameterRule: Target param name: paramName / Target param value: paramValue / Redirect URL: http://www.yahoo.com], [org.apache.webapp.balancer.rules.AcceptEverythingRule: Redirect URL: http://jakarta.apache.org]]
31.12.2009 0:29:43 org.apache.catalina.core.ApplicationContext log
INFO: ContextListener: contextInitialized()
31.12.2009 0:29:43 org.apache.catalina.core.ApplicationContext log
INFO: SessionListener: contextInitialized()
31.12.2009 0:29:43 org.apache.catalina.core.ApplicationContext log
INFO: ContextListener: contextInitialized()
31.12.2009 0:29:43 org.apache.catalina.core.ApplicationContext log
INFO: SessionListener: contextInitialized()
31.12.2009 0:33:42 org.apache.catalina.core.ApplicationContext log
INFO: SessionListener: contextDestroyed()
31.12.2009 0:33:42 org.apache.catalina.core.ApplicationContext log
INFO: ContextListener: contextDestroyed()
31.12.2009 0:33:42 org.apache.catalina.core.ApplicationContext log
INFO: SessionListener: contextDestroyed()
31.12.2009 0:33:42 org.apache.catalina.core.ApplicationContext log
INFO: ContextListener: contextDestroyed()
31.12.2009 0:38:42 org.apache.catalina.core.ApplicationContext log
INFO: org.apache.webapp.balancer.BalancerFilter: init(): ruleChain: [org.apache.webapp.balancer.RuleChain: [org.apache.webapp.balancer.rules.URLStringMatchRule: Target string: News / Redirect URL: http://www.cnn.com], [org.apache.webapp.balancer.rules.RequestParameterRule: Target param name: paramName / Target param value: paramValue / Redirect URL: http://www.yahoo.com], [org.apache.webapp.balancer.rules.AcceptEverythingRule: Redirect URL: http://jakarta.apache.org]]
31.12.2009 0:38:42 org.apache.catalina.core.ApplicationContext log
INFO: ContextListener: contextInitialized()
31.12.2009 0:38:42 org.apache.catalina.core.ApplicationContext log
INFO: SessionListener: contextInitialized()
31.12.2009 0:38:43 org.apache.catalina.core.ApplicationContext log
INFO: ContextListener: contextInitialized()
31.12.2009 0:38:43 org.apache.catalina.core.ApplicationContext log
INFO: SessionListener: contextInitialized()
31.12.2009 0:40:27 org.apache.catalina.core.ApplicationContext log
INFO: SessionListener: contextDestroyed()
31.12.2009 0:40:27 org.apache.catalina.core.ApplicationContext log
INFO: ContextListener: contextDestroyed()
31.12.2009 0:40:27 org.apache.catalina.core.ApplicationContext log
INFO: SessionListener: contextDestroyed()
31.12.2009 0:40:27 org.apache.catalina.core.ApplicationContext log
INFO: ContextListener: contextDestroyed()
31.12.2009 0:41:19 org.apache.catalina.core.ApplicationContext log
INFO: org.apache.webapp.balancer.BalancerFilter: init(): ruleChain: [org.apache.webapp.balancer.RuleChain: [org.apache.webapp.balancer.rules.URLStringMatchRule: Target string: News / Redirect URL: http://www.cnn.com], [org.apache.webapp.balancer.rules.RequestParameterRule: Target param name: paramName / Target param value: paramValue / Redirect URL: http://www.yahoo.com], [org.apache.webapp.balancer.rules.AcceptEverythingRule: Redirect URL: http://jakarta.apache.org]]
31.12.2009 0:41:19 org.apache.catalina.core.ApplicationContext log
INFO: ContextListener: contextInitialized()
31.12.2009 0:41:19 org.apache.catalina.core.ApplicationContext log
INFO: SessionListener: contextInitialized()
31.12.2009 0:41:20 org.apache.catalina.core.ApplicationContext log
INFO: ContextListener: contextInitialized()
31.12.2009 0:41:20 org.apache.catalina.core.ApplicationContext log
INFO: SessionListener: contextInitialized()
31.12.2009 0:53:48 org.apache.catalina.core.ApplicationContext log
INFO: SessionListener: contextDestroyed()
31.12.2009 0:53:48 org.apache.catalina.core.ApplicationContext log
INFO: ContextListener: contextDestroyed()
31.12.2009 0:53:48 org.apache.catalina.core.ApplicationContext log
INFO: SessionListener: contextDestroyed()
31.12.2009 0:53:48 org.apache.catalina.core.ApplicationContext log
INFO: ContextListener: contextDestroyed()
31.12.2009 1:30:33 org.apache.catalina.core.ApplicationContext log
INFO: org.apache.webapp.balancer.BalancerFilter: init(): ruleChain: [org.apache.webapp.balancer.RuleChain: [org.apache.webapp.balancer.rules.URLStringMatchRule: Target string: News / Redirect URL: http://www.cnn.com], [org.apache.webapp.balancer.rules.RequestParameterRule: Target param name: paramName / Target param value: paramValue / Redirect URL: http://www.yahoo.com], [org.apache.webapp.balancer.rules.AcceptEverythingRule: Redirect URL: http://jakarta.apache.org]]
31.12.2009 1:30:33 org.apache.catalina.core.ApplicationContext log
INFO: ContextListener: contextInitialized()
31.12.2009 1:30:33 org.apache.catalina.core.ApplicationContext log
INFO: SessionListener: contextInitialized()
31.12.2009 1:30:33 org.apache.catalina.core.ApplicationContext log
INFO: ContextListener: contextInitialized()
31.12.2009 1:30:33 org.apache.catalina.core.ApplicationContext log
INFO: SessionListener: contextInitialized()
31.12.2009 1:38:17 org.apache.catalina.core.ApplicationContext log
INFO: SessionListener: contextDestroyed()
31.12.2009 1:38:17 org.apache.catalina.core.ApplicationContext log
INFO: ContextListener: contextDestroyed()
31.12.2009 1:38:17 org.apache.catalina.core.ApplicationContext log
INFO: SessionListener: contextDestroyed()
31.12.2009 1:38:17 org.apache.catalina.core.ApplicationContext log
INFO: ContextListener: contextDestroyed()
31.12.2009 1:42:24 org.apache.catalina.core.ApplicationContext log
INFO: org.apache.webapp.balancer.BalancerFilter: init(): ruleChain: [org.apache.webapp.balancer.RuleChain: [org.apache.webapp.balancer.rules.URLStringMatchRule: Target string: News / Redirect URL: http://www.cnn.com], [org.apache.webapp.balancer.rules.RequestParameterRule: Target param name: paramName / Target param value: paramValue / Redirect URL: http://www.yahoo.com], [org.apache.webapp.balancer.rules.AcceptEverythingRule: Redirect URL: http://jakarta.apache.org]]
31.12.2009 1:42:24 org.apache.catalina.core.ApplicationContext log
INFO: ContextListener: contextInitialized()
31.12.2009 1:42:24 org.apache.catalina.core.ApplicationContext log
INFO: SessionListener: contextInitialized()
31.12.2009 1:42:24 org.apache.catalina.core.ApplicationContext log
INFO: ContextListener: contextInitialized()
31.12.2009 1:42:24 org.apache.catalina.core.ApplicationContext log
INFO: SessionListener: contextInitialized()
31.12.2009 1:44:19 org.apache.catalina.core.ApplicationContext log
INFO: SessionListener: contextDestroyed()
31.12.2009 1:44:19 org.apache.catalina.core.ApplicationContext log
INFO: ContextListener: contextDestroyed()
31.12.2009 1:44:19 org.apache.catalina.core.ApplicationContext log
INFO: SessionListener: contextDestroyed()
31.12.2009 1:44:19 org.apache.catalina.core.ApplicationContext log
INFO: ContextListener: contextDestroyed()
31.12.2009 1:45:06 org.apache.catalina.core.ApplicationContext log
INFO: org.apache.webapp.balancer.BalancerFilter: init(): ruleChain: [org.apache.webapp.balancer.RuleChain: [org.apache.webapp.balancer.rules.URLStringMatchRule: Target string: News / Redirect URL: http://www.cnn.com], [org.apache.webapp.balancer.rules.RequestParameterRule: Target param name: paramName / Target param value: paramValue / Redirect URL: http://www.yahoo.com], [org.apache.webapp.balancer.rules.AcceptEverythingRule: Redirect URL: http://jakarta.apache.org]]
31.12.2009 1:45:06 org.apache.catalina.core.ApplicationContext log
INFO: ContextListener: contextInitialized()
31.12.2009 1:45:06 org.apache.catalina.core.ApplicationContext log
INFO: SessionListener: contextInitialized()
31.12.2009 1:45:06 org.apache.catalina.core.ApplicationContext log
INFO: ContextListener: contextInitialized()
31.12.2009 1:45:06 org.apache.catalina.core.ApplicationContext log
INFO: SessionListener: contextInitialized()
31.12.2009 1:45:32 org.apache.catalina.core.ApplicationContext log
INFO: SessionListener: contextDestroyed()
31.12.2009 1:45:32 org.apache.catalina.core.ApplicationContext log
INFO: ContextListener: contextDestroyed()
31.12.2009 1:45:32 org.apache.catalina.core.ApplicationContext log
INFO: SessionListener: contextDestroyed()
31.12.2009 1:45:32 org.apache.catalina.core.ApplicationContext log
INFO: ContextListener: contextDestroyed()
31.12.2009 1:45:57 org.apache.catalina.core.ApplicationContext log
INFO: org.apache.webapp.balancer.BalancerFilter: init(): ruleChain: [org.apache.webapp.balancer.RuleChain: [org.apache.webapp.balancer.rules.URLStringMatchRule: Target string: News / Redirect URL: http://www.cnn.com], [org.apache.webapp.balancer.rules.RequestParameterRule: Target param name: paramName / Target param value: paramValue / Redirect URL: http://www.yahoo.com], [org.apache.webapp.balancer.rules.AcceptEverythingRule: Redirect URL: http://jakarta.apache.org]]
31.12.2009 1:45:57 org.apache.catalina.core.ApplicationContext log
INFO: ContextListener: contextInitialized()
31.12.2009 1:45:57 org.apache.catalina.core.ApplicationContext log
INFO: SessionListener: contextInitialized()
31.12.2009 1:45:58 org.apache.catalina.core.ApplicationContext log
INFO: ContextListener: contextInitialized()
31.12.2009 1:45:58 org.apache.catalina.core.ApplicationContext log
INFO: SessionListener: contextInitialized()
31.12.2009 1:47:51 org.apache.catalina.core.ApplicationContext log
INFO: SessionListener: contextDestroyed()
31.12.2009 1:47:51 org.apache.catalina.core.ApplicationContext log
INFO: ContextListener: contextDestroyed()
31.12.2009 1:47:51 org.apache.catalina.core.ApplicationContext log
INFO: SessionListener: contextDestroyed()
31.12.2009 1:47:51 org.apache.catalina.core.ApplicationContext log
INFO: ContextListener: contextDestroyed()
31.12.2009 1:48:12 org.apache.catalina.core.ApplicationContext log
INFO: org.apache.webapp.balancer.BalancerFilter: init(): ruleChain: [org.apache.webapp.balancer.RuleChain: [org.apache.webapp.balancer.rules.URLStringMatchRule: Target string: News / Redirect URL: http://www.cnn.com], [org.apache.webapp.balancer.rules.RequestParameterRule: Target param name: paramName / Target param value: paramValue / Redirect URL: http://www.yahoo.com], [org.apache.webapp.balancer.rules.AcceptEverythingRule: Redirect URL: http://jakarta.apache.org]]
31.12.2009 1:48:12 org.apache.catalina.core.ApplicationContext log
INFO: ContextListener: contextInitialized()
31.12.2009 1:48:12 org.apache.catalina.core.ApplicationContext log
INFO: SessionListener: contextInitialized()
31.12.2009 1:48:13 org.apache.catalina.core.ApplicationContext log
INFO: ContextListener: contextInitialized()
31.12.2009 1:48:13 org.apache.catalina.core.ApplicationContext log
INFO: SessionListener: contextInitialized()
31.12.2009 1:48:49 org.apache.catalina.core.ApplicationContext log
INFO: SessionListener: contextDestroyed()
31.12.2009 1:48:49 org.apache.catalina.core.ApplicationContext log
INFO: ContextListener: contextDestroyed()
31.12.2009 1:48:49 org.apache.catalina.core.ApplicationContext log
INFO: SessionListener: contextDestroyed()
31.12.2009 1:48:49 org.apache.catalina.core.ApplicationContext log
INFO: ContextListener: contextDestroyed()
31.12.2009 1:49:17 org.apache.catalina.core.ApplicationContext log
INFO: org.apache.webapp.balancer.BalancerFilter: init(): ruleChain: [org.apache.webapp.balancer.RuleChain: [org.apache.webapp.balancer.rules.URLStringMatchRule: Target string: News / Redirect URL: http://www.cnn.com], [org.apache.webapp.balancer.rules.RequestParameterRule: Target param name: paramName / Target param value: paramValue / Redirect URL: http://www.yahoo.com], [org.apache.webapp.balancer.rules.AcceptEverythingRule: Redirect URL: http://jakarta.apache.org]]
31.12.2009 1:49:18 org.apache.catalina.core.ApplicationContext log
INFO: ContextListener: contextInitialized()
31.12.2009 1:49:18 org.apache.catalina.core.ApplicationContext log
INFO: SessionListener: contextInitialized()
31.12.2009 1:49:18 org.apache.catalina.core.ApplicationContext log
INFO: ContextListener: contextInitialized()
31.12.2009 1:49:18 org.apache.catalina.core.ApplicationContext log
INFO: SessionListener: contextInitialized()
31.12.2009 1:50:18 org.apache.catalina.core.ApplicationContext log
INFO: SessionListener: contextDestroyed()
31.12.2009 1:50:18 org.apache.catalina.core.ApplicationContext log
INFO: ContextListener: contextDestroyed()
31.12.2009 1:50:18 org.apache.catalina.core.ApplicationContext log
INFO: SessionListener: contextDestroyed()
31.12.2009 1:50:18 org.apache.catalina.core.ApplicationContext log
INFO: ContextListener: contextDestroyed()
31.12.2009 1:51:43 org.apache.catalina.core.ApplicationContext log
INFO: org.apache.webapp.balancer.BalancerFilter: init(): ruleChain: [org.apache.webapp.balancer.RuleChain: [org.apache.webapp.balancer.rules.URLStringMatchRule: Target string: News / Redirect URL: http://www.cnn.com], [org.apache.webapp.balancer.rules.RequestParameterRule: Target param name: paramName / Target param value: paramValue / Redirect URL: http://www.yahoo.com], [org.apache.webapp.balancer.rules.AcceptEverythingRule: Redirect URL: http://jakarta.apache.org]]
31.12.2009 1:51:43 org.apache.catalina.core.ApplicationContext log
INFO: ContextListener: contextInitialized()
31.12.2009 1:51:43 org.apache.catalina.core.ApplicationContext log
INFO: SessionListener: contextInitialized()
31.12.2009 1:51:43 org.apache.catalina.core.ApplicationContext log
INFO: ContextListener: contextInitialized()
31.12.2009 1:51:43 org.apache.catalina.core.ApplicationContext log
INFO: SessionListener: contextInitialized()
31.12.2009 1:55:59 org.apache.catalina.core.ApplicationContext log
INFO: SessionListener: contextDestroyed()
31.12.2009 1:55:59 org.apache.catalina.core.ApplicationContext log
INFO: ContextListener: contextDestroyed()
31.12.2009 1:55:59 org.apache.catalina.core.ApplicationContext log
INFO: SessionListener: contextDestroyed()
31.12.2009 1:55:59 org.apache.catalina.core.ApplicationContext log
INFO: ContextListener: contextDestroyed()
31.12.2009 1:56:29 org.apache.catalina.core.ApplicationContext log
INFO: org.apache.webapp.balancer.BalancerFilter: init(): ruleChain: [org.apache.webapp.balancer.RuleChain: [org.apache.webapp.balancer.rules.URLStringMatchRule: Target string: News / Redirect URL: http://www.cnn.com], [org.apache.webapp.balancer.rules.RequestParameterRule: Target param name: paramName / Target param value: paramValue / Redirect URL: http://www.yahoo.com], [org.apache.webapp.balancer.rules.AcceptEverythingRule: Redirect URL: http://jakarta.apache.org]]
31.12.2009 1:56:29 org.apache.catalina.core.ApplicationContext log
INFO: ContextListener: contextInitialized()
31.12.2009 1:56:29 org.apache.catalina.core.ApplicationContext log
INFO: SessionListener: contextInitialized()
31.12.2009 1:56:30 org.apache.catalina.core.ApplicationContext log
INFO: ContextListener: contextInitialized()
31.12.2009 1:56:30 org.apache.catalina.core.ApplicationContext log
INFO: SessionListener: contextInitialized()
