12.01.2010 0:13:40 org.apache.catalina.core.ApplicationContext log
INFO: org.apache.webapp.balancer.BalancerFilter: init(): ruleChain: [org.apache.webapp.balancer.RuleChain: [org.apache.webapp.balancer.rules.URLStringMatchRule: Target string: News / Redirect URL: http://www.cnn.com], [org.apache.webapp.balancer.rules.RequestParameterRule: Target param name: paramName / Target param value: paramValue / Redirect URL: http://www.yahoo.com], [org.apache.webapp.balancer.rules.AcceptEverythingRule: Redirect URL: http://jakarta.apache.org]]
12.01.2010 0:13:40 org.apache.catalina.core.ApplicationContext log
INFO: ContextListener: contextInitialized()
12.01.2010 0:13:40 org.apache.catalina.core.ApplicationContext log
INFO: SessionListener: contextInitialized()
12.01.2010 0:13:41 org.apache.catalina.core.ApplicationContext log
INFO: ContextListener: contextInitialized()
12.01.2010 0:13:41 org.apache.catalina.core.ApplicationContext log
INFO: SessionListener: contextInitialized()
12.01.2010 0:33:09 org.apache.catalina.core.ApplicationContext log
INFO: SessionListener: contextDestroyed()
12.01.2010 0:33:09 org.apache.catalina.core.ApplicationContext log
INFO: ContextListener: contextDestroyed()
12.01.2010 0:33:09 org.apache.catalina.core.ApplicationContext log
INFO: SessionListener: contextDestroyed()
12.01.2010 0:33:09 org.apache.catalina.core.ApplicationContext log
INFO: ContextListener: contextDestroyed()
12.01.2010 0:33:44 org.apache.catalina.core.ApplicationContext log
INFO: org.apache.webapp.balancer.BalancerFilter: init(): ruleChain: [org.apache.webapp.balancer.RuleChain: [org.apache.webapp.balancer.rules.URLStringMatchRule: Target string: News / Redirect URL: http://www.cnn.com], [org.apache.webapp.balancer.rules.RequestParameterRule: Target param name: paramName / Target param value: paramValue / Redirect URL: http://www.yahoo.com], [org.apache.webapp.balancer.rules.AcceptEverythingRule: Redirect URL: http://jakarta.apache.org]]
12.01.2010 0:33:44 org.apache.catalina.core.ApplicationContext log
INFO: ContextListener: contextInitialized()
12.01.2010 0:33:44 org.apache.catalina.core.ApplicationContext log
INFO: SessionListener: contextInitialized()
12.01.2010 0:33:45 org.apache.catalina.core.ApplicationContext log
INFO: ContextListener: contextInitialized()
12.01.2010 0:33:45 org.apache.catalina.core.ApplicationContext log
INFO: SessionListener: contextInitialized()
12.01.2010 0:36:05 org.apache.catalina.core.ApplicationContext log
INFO: SessionListener: contextDestroyed()
12.01.2010 0:36:05 org.apache.catalina.core.ApplicationContext log
INFO: ContextListener: contextDestroyed()
12.01.2010 0:36:05 org.apache.catalina.core.ApplicationContext log
INFO: SessionListener: contextDestroyed()
12.01.2010 0:36:05 org.apache.catalina.core.ApplicationContext log
INFO: ContextListener: contextDestroyed()
12.01.2010 0:47:06 org.apache.catalina.core.ApplicationContext log
INFO: org.apache.webapp.balancer.BalancerFilter: init(): ruleChain: [org.apache.webapp.balancer.RuleChain: [org.apache.webapp.balancer.rules.URLStringMatchRule: Target string: News / Redirect URL: http://www.cnn.com], [org.apache.webapp.balancer.rules.RequestParameterRule: Target param name: paramName / Target param value: paramValue / Redirect URL: http://www.yahoo.com], [org.apache.webapp.balancer.rules.AcceptEverythingRule: Redirect URL: http://jakarta.apache.org]]
12.01.2010 0:47:06 org.apache.catalina.core.ApplicationContext log
INFO: ContextListener: contextInitialized()
12.01.2010 0:47:06 org.apache.catalina.core.ApplicationContext log
INFO: SessionListener: contextInitialized()
12.01.2010 0:47:07 org.apache.catalina.core.ApplicationContext log
INFO: ContextListener: contextInitialized()
12.01.2010 0:47:07 org.apache.catalina.core.ApplicationContext log
INFO: SessionListener: contextInitialized()
12.01.2010 0:56:23 org.apache.catalina.core.ApplicationContext log
INFO: SessionListener: contextDestroyed()
12.01.2010 0:56:23 org.apache.catalina.core.ApplicationContext log
INFO: ContextListener: contextDestroyed()
12.01.2010 0:56:23 org.apache.catalina.core.ApplicationContext log
INFO: SessionListener: contextDestroyed()
12.01.2010 0:56:23 org.apache.catalina.core.ApplicationContext log
INFO: ContextListener: contextDestroyed()
12.01.2010 0:57:16 org.apache.catalina.core.ApplicationContext log
INFO: org.apache.webapp.balancer.BalancerFilter: init(): ruleChain: [org.apache.webapp.balancer.RuleChain: [org.apache.webapp.balancer.rules.URLStringMatchRule: Target string: News / Redirect URL: http://www.cnn.com], [org.apache.webapp.balancer.rules.RequestParameterRule: Target param name: paramName / Target param value: paramValue / Redirect URL: http://www.yahoo.com], [org.apache.webapp.balancer.rules.AcceptEverythingRule: Redirect URL: http://jakarta.apache.org]]
12.01.2010 0:57:16 org.apache.catalina.core.ApplicationContext log
INFO: ContextListener: contextInitialized()
12.01.2010 0:57:16 org.apache.catalina.core.ApplicationContext log
INFO: SessionListener: contextInitialized()
12.01.2010 0:57:17 org.apache.catalina.core.ApplicationContext log
INFO: ContextListener: contextInitialized()
12.01.2010 0:57:17 org.apache.catalina.core.ApplicationContext log
INFO: SessionListener: contextInitialized()
12.01.2010 0:58:32 org.apache.catalina.core.ApplicationContext log
INFO: SessionListener: contextDestroyed()
12.01.2010 0:58:32 org.apache.catalina.core.ApplicationContext log
INFO: ContextListener: contextDestroyed()
12.01.2010 0:58:32 org.apache.catalina.core.ApplicationContext log
INFO: SessionListener: contextDestroyed()
12.01.2010 0:58:32 org.apache.catalina.core.ApplicationContext log
INFO: ContextListener: contextDestroyed()
12.01.2010 0:59:18 org.apache.catalina.core.ApplicationContext log
INFO: org.apache.webapp.balancer.BalancerFilter: init(): ruleChain: [org.apache.webapp.balancer.RuleChain: [org.apache.webapp.balancer.rules.URLStringMatchRule: Target string: News / Redirect URL: http://www.cnn.com], [org.apache.webapp.balancer.rules.RequestParameterRule: Target param name: paramName / Target param value: paramValue / Redirect URL: http://www.yahoo.com], [org.apache.webapp.balancer.rules.AcceptEverythingRule: Redirect URL: http://jakarta.apache.org]]
12.01.2010 0:59:18 org.apache.catalina.core.ApplicationContext log
INFO: ContextListener: contextInitialized()
12.01.2010 0:59:18 org.apache.catalina.core.ApplicationContext log
INFO: SessionListener: contextInitialized()
12.01.2010 0:59:18 org.apache.catalina.core.ApplicationContext log
INFO: ContextListener: contextInitialized()
12.01.2010 0:59:18 org.apache.catalina.core.ApplicationContext log
INFO: SessionListener: contextInitialized()
12.01.2010 1:00:17 org.apache.catalina.core.ApplicationContext log
INFO: SessionListener: contextDestroyed()
12.01.2010 1:00:17 org.apache.catalina.core.ApplicationContext log
INFO: ContextListener: contextDestroyed()
12.01.2010 1:00:17 org.apache.catalina.core.ApplicationContext log
INFO: SessionListener: contextDestroyed()
12.01.2010 1:00:17 org.apache.catalina.core.ApplicationContext log
INFO: ContextListener: contextDestroyed()
12.01.2010 1:05:29 org.apache.catalina.core.ApplicationContext log
INFO: org.apache.webapp.balancer.BalancerFilter: init(): ruleChain: [org.apache.webapp.balancer.RuleChain: [org.apache.webapp.balancer.rules.URLStringMatchRule: Target string: News / Redirect URL: http://www.cnn.com], [org.apache.webapp.balancer.rules.RequestParameterRule: Target param name: paramName / Target param value: paramValue / Redirect URL: http://www.yahoo.com], [org.apache.webapp.balancer.rules.AcceptEverythingRule: Redirect URL: http://jakarta.apache.org]]
12.01.2010 1:05:29 org.apache.catalina.core.ApplicationContext log
INFO: ContextListener: contextInitialized()
12.01.2010 1:05:29 org.apache.catalina.core.ApplicationContext log
INFO: SessionListener: contextInitialized()
12.01.2010 1:05:29 org.apache.catalina.core.ApplicationContext log
INFO: ContextListener: contextInitialized()
12.01.2010 1:05:29 org.apache.catalina.core.ApplicationContext log
INFO: SessionListener: contextInitialized()
12.01.2010 1:28:27 org.apache.catalina.core.ApplicationContext log
INFO: org.apache.webapp.balancer.BalancerFilter: init(): ruleChain: [org.apache.webapp.balancer.RuleChain: [org.apache.webapp.balancer.rules.URLStringMatchRule: Target string: News / Redirect URL: http://www.cnn.com], [org.apache.webapp.balancer.rules.RequestParameterRule: Target param name: paramName / Target param value: paramValue / Redirect URL: http://www.yahoo.com], [org.apache.webapp.balancer.rules.AcceptEverythingRule: Redirect URL: http://jakarta.apache.org]]
12.01.2010 1:28:27 org.apache.catalina.core.ApplicationContext log
INFO: ContextListener: contextInitialized()
12.01.2010 1:28:27 org.apache.catalina.core.ApplicationContext log
INFO: SessionListener: contextInitialized()
12.01.2010 1:28:27 org.apache.catalina.core.ApplicationContext log
INFO: ContextListener: contextInitialized()
12.01.2010 1:28:27 org.apache.catalina.core.ApplicationContext log
INFO: SessionListener: contextInitialized()
12.01.2010 1:36:44 org.apache.catalina.core.ApplicationContext log
INFO: SessionListener: contextDestroyed()
12.01.2010 1:36:44 org.apache.catalina.core.ApplicationContext log
INFO: ContextListener: contextDestroyed()
12.01.2010 1:36:44 org.apache.catalina.core.ApplicationContext log
INFO: SessionListener: contextDestroyed()
12.01.2010 1:36:44 org.apache.catalina.core.ApplicationContext log
INFO: ContextListener: contextDestroyed()
12.01.2010 1:37:05 org.apache.catalina.core.ApplicationContext log
INFO: org.apache.webapp.balancer.BalancerFilter: init(): ruleChain: [org.apache.webapp.balancer.RuleChain: [org.apache.webapp.balancer.rules.URLStringMatchRule: Target string: News / Redirect URL: http://www.cnn.com], [org.apache.webapp.balancer.rules.RequestParameterRule: Target param name: paramName / Target param value: paramValue / Redirect URL: http://www.yahoo.com], [org.apache.webapp.balancer.rules.AcceptEverythingRule: Redirect URL: http://jakarta.apache.org]]
12.01.2010 1:37:05 org.apache.catalina.core.ApplicationContext log
INFO: ContextListener: contextInitialized()
12.01.2010 1:37:05 org.apache.catalina.core.ApplicationContext log
INFO: SessionListener: contextInitialized()
12.01.2010 1:37:06 org.apache.catalina.core.ApplicationContext log
INFO: ContextListener: contextInitialized()
12.01.2010 1:37:06 org.apache.catalina.core.ApplicationContext log
INFO: SessionListener: contextInitialized()
12.01.2010 1:42:42 org.apache.catalina.core.ApplicationContext log
INFO: org.apache.webapp.balancer.BalancerFilter: init(): ruleChain: [org.apache.webapp.balancer.RuleChain: [org.apache.webapp.balancer.rules.URLStringMatchRule: Target string: News / Redirect URL: http://www.cnn.com], [org.apache.webapp.balancer.rules.RequestParameterRule: Target param name: paramName / Target param value: paramValue / Redirect URL: http://www.yahoo.com], [org.apache.webapp.balancer.rules.AcceptEverythingRule: Redirect URL: http://jakarta.apache.org]]
12.01.2010 1:42:43 org.apache.catalina.core.ApplicationContext log
INFO: ContextListener: contextInitialized()
12.01.2010 1:42:43 org.apache.catalina.core.ApplicationContext log
INFO: SessionListener: contextInitialized()
12.01.2010 1:42:43 org.apache.catalina.core.ApplicationContext log
INFO: ContextListener: contextInitialized()
12.01.2010 1:42:43 org.apache.catalina.core.ApplicationContext log
INFO: SessionListener: contextInitialized()
12.01.2010 2:31:00 org.apache.catalina.core.ApplicationContext log
INFO: SessionListener: contextDestroyed()
12.01.2010 2:31:00 org.apache.catalina.core.ApplicationContext log
INFO: ContextListener: contextDestroyed()
12.01.2010 2:31:00 org.apache.catalina.core.ApplicationContext log
INFO: SessionListener: contextDestroyed()
12.01.2010 2:31:00 org.apache.catalina.core.ApplicationContext log
INFO: ContextListener: contextDestroyed()
12.01.2010 2:31:49 org.apache.catalina.core.ApplicationContext log
INFO: org.apache.webapp.balancer.BalancerFilter: init(): ruleChain: [org.apache.webapp.balancer.RuleChain: [org.apache.webapp.balancer.rules.URLStringMatchRule: Target string: News / Redirect URL: http://www.cnn.com], [org.apache.webapp.balancer.rules.RequestParameterRule: Target param name: paramName / Target param value: paramValue / Redirect URL: http://www.yahoo.com], [org.apache.webapp.balancer.rules.AcceptEverythingRule: Redirect URL: http://jakarta.apache.org]]
12.01.2010 2:31:49 org.apache.catalina.core.ApplicationContext log
INFO: ContextListener: contextInitialized()
12.01.2010 2:31:49 org.apache.catalina.core.ApplicationContext log
INFO: SessionListener: contextInitialized()
12.01.2010 2:31:49 org.apache.catalina.core.ApplicationContext log
INFO: ContextListener: contextInitialized()
12.01.2010 2:31:49 org.apache.catalina.core.ApplicationContext log
INFO: SessionListener: contextInitialized()
12.01.2010 2:34:09 org.apache.catalina.core.ApplicationContext log
INFO: SessionListener: contextDestroyed()
12.01.2010 2:34:09 org.apache.catalina.core.ApplicationContext log
INFO: ContextListener: contextDestroyed()
12.01.2010 2:34:09 org.apache.catalina.core.ApplicationContext log
INFO: SessionListener: contextDestroyed()
12.01.2010 2:34:09 org.apache.catalina.core.ApplicationContext log
INFO: ContextListener: contextDestroyed()
12.01.2010 2:34:44 org.apache.catalina.core.ApplicationContext log
INFO: org.apache.webapp.balancer.BalancerFilter: init(): ruleChain: [org.apache.webapp.balancer.RuleChain: [org.apache.webapp.balancer.rules.URLStringMatchRule: Target string: News / Redirect URL: http://www.cnn.com], [org.apache.webapp.balancer.rules.RequestParameterRule: Target param name: paramName / Target param value: paramValue / Redirect URL: http://www.yahoo.com], [org.apache.webapp.balancer.rules.AcceptEverythingRule: Redirect URL: http://jakarta.apache.org]]
12.01.2010 2:34:44 org.apache.catalina.core.ApplicationContext log
INFO: ContextListener: contextInitialized()
12.01.2010 2:34:44 org.apache.catalina.core.ApplicationContext log
INFO: SessionListener: contextInitialized()
12.01.2010 2:34:44 org.apache.catalina.core.ApplicationContext log
INFO: ContextListener: contextInitialized()
12.01.2010 2:34:44 org.apache.catalina.core.ApplicationContext log
INFO: SessionListener: contextInitialized()
12.01.2010 2:35:47 org.apache.catalina.core.ApplicationContext log
INFO: SessionListener: contextDestroyed()
12.01.2010 2:35:47 org.apache.catalina.core.ApplicationContext log
INFO: ContextListener: contextDestroyed()
12.01.2010 2:35:48 org.apache.catalina.core.ApplicationContext log
INFO: SessionListener: contextDestroyed()
12.01.2010 2:35:48 org.apache.catalina.core.ApplicationContext log
INFO: ContextListener: contextDestroyed()
12.01.2010 2:37:07 org.apache.catalina.core.ApplicationContext log
INFO: org.apache.webapp.balancer.BalancerFilter: init(): ruleChain: [org.apache.webapp.balancer.RuleChain: [org.apache.webapp.balancer.rules.URLStringMatchRule: Target string: News / Redirect URL: http://www.cnn.com], [org.apache.webapp.balancer.rules.RequestParameterRule: Target param name: paramName / Target param value: paramValue / Redirect URL: http://www.yahoo.com], [org.apache.webapp.balancer.rules.AcceptEverythingRule: Redirect URL: http://jakarta.apache.org]]
12.01.2010 2:37:07 org.apache.catalina.core.ApplicationContext log
INFO: ContextListener: contextInitialized()
12.01.2010 2:37:07 org.apache.catalina.core.ApplicationContext log
INFO: SessionListener: contextInitialized()
12.01.2010 2:37:09 org.apache.catalina.core.ApplicationContext log
INFO: ContextListener: contextInitialized()
12.01.2010 2:37:09 org.apache.catalina.core.ApplicationContext log
INFO: SessionListener: contextInitialized()
12.01.2010 2:48:29 org.apache.catalina.core.ApplicationContext log
INFO: SessionListener: contextDestroyed()
12.01.2010 2:48:29 org.apache.catalina.core.ApplicationContext log
INFO: ContextListener: contextDestroyed()
12.01.2010 2:48:29 org.apache.catalina.core.ApplicationContext log
INFO: SessionListener: contextDestroyed()
12.01.2010 2:48:29 org.apache.catalina.core.ApplicationContext log
INFO: ContextListener: contextDestroyed()
12.01.2010 2:49:49 org.apache.catalina.core.ApplicationContext log
INFO: org.apache.webapp.balancer.BalancerFilter: init(): ruleChain: [org.apache.webapp.balancer.RuleChain: [org.apache.webapp.balancer.rules.URLStringMatchRule: Target string: News / Redirect URL: http://www.cnn.com], [org.apache.webapp.balancer.rules.RequestParameterRule: Target param name: paramName / Target param value: paramValue / Redirect URL: http://www.yahoo.com], [org.apache.webapp.balancer.rules.AcceptEverythingRule: Redirect URL: http://jakarta.apache.org]]
12.01.2010 2:49:49 org.apache.catalina.core.ApplicationContext log
INFO: ContextListener: contextInitialized()
12.01.2010 2:49:49 org.apache.catalina.core.ApplicationContext log
INFO: SessionListener: contextInitialized()
12.01.2010 2:49:50 org.apache.catalina.core.ApplicationContext log
INFO: ContextListener: contextInitialized()
12.01.2010 2:49:50 org.apache.catalina.core.ApplicationContext log
INFO: SessionListener: contextInitialized()
12.01.2010 9:06:11 org.apache.catalina.core.ApplicationContext log
INFO: SessionListener: contextDestroyed()
12.01.2010 9:06:11 org.apache.catalina.core.ApplicationContext log
INFO: ContextListener: contextDestroyed()
12.01.2010 9:06:11 org.apache.catalina.core.ApplicationContext log
INFO: SessionListener: contextDestroyed()
12.01.2010 9:06:11 org.apache.catalina.core.ApplicationContext log
INFO: ContextListener: contextDestroyed()
