05.01.2010 0:39:18 org.apache.catalina.core.ApplicationContext log
INFO: HTMLManager: list: Listing contexts for virtual host 'localhost'
05.01.2010 0:39:22 org.apache.catalina.core.ApplicationContext log
INFO: HTMLManager: undeploy: Undeploying web application at '/hp'
05.01.2010 0:39:28 org.apache.catalina.core.ApplicationContext log
INFO: HTMLManager: list: Listing contexts for virtual host 'localhost'
05.01.2010 0:42:04 org.apache.catalina.core.ApplicationContext log
INFO: HTMLManager: init: Associated with Deployer 'Catalina:type=Deployer,host=localhost'
05.01.2010 0:42:04 org.apache.catalina.core.ApplicationContext log
INFO: HTMLManager: init: Global resources are available
05.01.2010 0:42:04 org.apache.catalina.core.ApplicationContext log
INFO: HTMLManager: list: Listing contexts for virtual host 'localhost'
05.01.2010 0:42:05 org.apache.catalina.core.ApplicationContext log
INFO: HTMLManager: list: Listing contexts for virtual host 'localhost'
05.01.2010 0:45:19 org.apache.catalina.core.ApplicationContext log
INFO: HTMLManager: list: Listing contexts for virtual host 'localhost'
05.01.2010 1:02:48 org.apache.catalina.core.ApplicationContext log
INFO: HTMLManager: init: Associated with Deployer 'Catalina:type=Deployer,host=localhost'
05.01.2010 1:02:48 org.apache.catalina.core.ApplicationContext log
INFO: HTMLManager: init: Global resources are available
05.01.2010 1:02:48 org.apache.catalina.core.ApplicationContext log
INFO: HTMLManager: list: Listing contexts for virtual host 'localhost'
05.01.2010 1:02:51 org.apache.catalina.core.ApplicationContext log
INFO: HTMLManager: undeploy: Undeploying web application at '/hp'
05.01.2010 1:02:55 org.apache.catalina.core.ApplicationContext log
INFO: HTMLManager: list: Listing contexts for virtual host 'localhost'
